15297 execve("/usr/bin/kill", ["kill", "-64", "1"], 0x7ffe499d5c00 /* 22 vars */) = 0
15297 brk(NULL)                         = 0x562f254c9000
15297 mmap(NULL, 8192, PROT_READ|PROT_WRITE, MAP_PRIVATE|MAP_ANONYMOUS, -1, 0) = 0x7fb8cc5bc000
15297 access("/etc/ld.so.preload", R_OK) = -1 ENOENT (No such file or directory)
15297 openat(AT_FDCWD, "/etc/ld.so.cache", O_RDONLY|O_CLOEXEC) = 3
15297 fstat(3, {st_mode=S_IFREG|0644, st_size=103703, ...}) = 0
15297 mmap(NULL, 103703, PROT_READ, MAP_PRIVATE, 3, 0) = 0x7fb8cc5a2000
15297 close(3)                          = 0
15297 openat(AT_FDCWD, "/usr/lib/x86_64-linux-gnu/libc.so.6", O_RDONLY|O_CLOEXEC) = 3
15297 read(3, "\177ELF\2\1\1\3\0\0\0\0\0\0\0\0\3\0>\0\1\0\0\0000\241\2\0\0\0\0\0"..., 832) = 832
15297 pread64(3, "\6\0\0\0\4\0\0\0@\0\0\0\0\0\0\0@\0\0\0\0\0\0\0@\0\0\0\0\0\0\0"..., 840, 64) = 840
15297 fstat(3, {st_mode=S_IFREG|0755, st_size=2014472, ...}) = 0
15297 pread64(3, "\6\0\0\0\4\0\0\0@\0\0\0\0\0\0\0@\0\0\0\0\0\0\0@\0\0\0\0\0\0\0"..., 840, 64) = 840
15297 mmap(NULL, 2055760, PROT_READ, MAP_PRIVATE|MAP_DENYWRITE, 3, 0) = 0x7fb8cc3ac000
15297 mmap(0x7fb8cc3d4000, 1474560, PROT_READ|PROT_EXEC, MAP_PRIVATE|MAP_FIXED|MAP_DENYWRITE, 3, 0x28000) = 0x7fb8cc3d4000
15297 mmap(0x7fb8cc53c000, 339968, PROT_READ, MAP_PRIVATE|MAP_FIXED|MAP_DENYWRITE, 3, 0x190000) = 0x7fb8cc53c000
15297 mmap(0x7fb8cc58f000, 24576, PROT_READ|PROT_WRITE, MAP_PRIVATE|MAP_FIXED|MAP_DENYWRITE, 3, 0x1e3000) = 0x7fb8cc58f000
15297 mmap(0x7fb8cc595000, 52816, PROT_READ|PROT_WRITE, MAP_PRIVATE|MAP_FIXED|MAP_ANONYMOUS, -1, 0) = 0x7fb8cc595000
15297 close(3)                          = 0
15297 mmap(NULL, 12288, PROT_READ|PROT_WRITE, MAP_PRIVATE|MAP_ANONYMOUS, -1, 0) = 0x7fb8cc3a9000
15297 arch_prctl(ARCH_SET_FS, 0x7fb8cc3a9740) = 0
15297 set_tid_address(0x7fb8cc3a9a10)   = 15297
15297 set_robust_list(0x7fb8cc3a9a20, 24) = 0
15297 rseq(0x7fb8cc3a9680, 0x20, 0, 0x53053053) = 0
15297 mprotect(0x7fb8cc58f000, 16384, PROT_READ) = 0
15297 mprotect(0x562ee8485000, 4096, PROT_READ) = 0
15297 mprotect(0x7fb8cc5fa000, 8192, PROT_READ) = 0
15297 prlimit64(0, RLIMIT_STACK, NULL, {rlim_cur=8192*1024, rlim_max=RLIM64_INFINITY}) = 0
15297 getrandom("\x2a\x7e\x4e\xcb\x87\x17\x4c\xeb", 8, GRND_NONBLOCK) = 8
15297 munmap(0x7fb8cc5a2000, 103703)    = 0
15297 brk(NULL)                         = 0x562f254c9000
15297 brk(0x562f254ea000)               = 0x562f254ea000
15297 openat(AT_FDCWD, "/usr/lib/locale/locale-archive", O_RDONLY|O_CLOEXEC) = 3
15297 fstat(3, {st_mode=S_IFREG|0644, st_size=3063024, ...}) = 0
15297 mmap(NULL, 3063024, PROT_READ, MAP_PRIVATE, 3, 0) = 0x7fb8cc000000
15297 close(3)                          = 0
15297 openat(AT_FDCWD, "/usr/share/locale/locale.alias", O_RDONLY|O_CLOEXEC) = -1 ENOENT (No such file or directory)
15297 openat(AT_FDCWD, "/usr/share/locale/en_US.UTF-8/LC_MESSAGES/procps-ng.mo", O_RDONLY) = -1 ENOENT (No such file or directory)
15297 openat(AT_FDCWD, "/usr/share/locale/en_US.utf8/LC_MESSAGES/procps-ng.mo", O_RDONLY) = -1 ENOENT (No such file or directory)
15297 openat(AT_FDCWD, "/usr/share/locale/en_US/LC_MESSAGES/procps-ng.mo", O_RDONLY) = -1 ENOENT (No such file or directory)
15297 openat(AT_FDCWD, "/usr/share/locale/en.UTF-8/LC_MESSAGES/procps-ng.mo", O_RDONLY) = -1 ENOENT (No such file or directory)
15297 openat(AT_FDCWD, "/usr/share/locale/en.utf8/LC_MESSAGES/procps-ng.mo", O_RDONLY) = -1 ENOENT (No such file or directory)
15297 openat(AT_FDCWD, "/usr/share/locale/en/LC_MESSAGES/procps-ng.mo", O_RDONLY) = -1 ENOENT (No such file or directory)
15297 kill(1, SIGRT_32)                 = 0
15297 exit_group(0)                     = ?
