4787  execve("/usr/bin/kill", ["kill", "-63", "1"], 0x7fff0e663b80 /* 57 vars */) = 0
4787  brk(NULL)                         = 0x55ea6cec9000
4787  mmap(NULL, 8192, PROT_READ|PROT_WRITE, MAP_PRIVATE|MAP_ANONYMOUS, -1, 0) = 0x7f1663a66000
4787  access("/etc/ld.so.preload", R_OK) = -1 ENOENT (No such file or directory)
4787  openat(AT_FDCWD, "/etc/ld.so.cache", O_RDONLY|O_CLOEXEC) = 3
4787  fstat(3, {st_mode=S_IFREG|0644, st_size=103703, ...}) = 0
4787  mmap(NULL, 103703, PROT_READ, MAP_PRIVATE, 3, 0) = 0x7f1663a4c000
4787  close(3)                          = 0
4787  openat(AT_FDCWD, "/usr/lib/x86_64-linux-gnu/libc.so.6", O_RDONLY|O_CLOEXEC) = 3
4787  read(3, "\177ELF\2\1\1\3\0\0\0\0\0\0\0\0\3\0>\0\1\0\0\0000\241\2\0\0\0\0\0"..., 832) = 832
4787  pread64(3, "\6\0\0\0\4\0\0\0@\0\0\0\0\0\0\0@\0\0\0\0\0\0\0@\0\0\0\0\0\0\0"..., 840, 64) = 840
4787  fstat(3, {st_mode=S_IFREG|0755, st_size=2014472, ...}) = 0
4787  pread64(3, "\6\0\0\0\4\0\0\0@\0\0\0\0\0\0\0@\0\0\0\0\0\0\0@\0\0\0\0\0\0\0"..., 840, 64) = 840
4787  mmap(NULL, 2055760, PROT_READ, MAP_PRIVATE|MAP_DENYWRITE, 3, 0) = 0x7f1663856000
4787  mmap(0x7f166387e000, 1474560, PROT_READ|PROT_EXEC, MAP_PRIVATE|MAP_FIXED|MAP_DENYWRITE, 3, 0x28000) = 0x7f166387e000
4787  mmap(0x7f16639e6000, 339968, PROT_READ, MAP_PRIVATE|MAP_FIXED|MAP_DENYWRITE, 3, 0x190000) = 0x7f16639e6000
4787  mmap(0x7f1663a39000, 24576, PROT_READ|PROT_WRITE, MAP_PRIVATE|MAP_FIXED|MAP_DENYWRITE, 3, 0x1e3000) = 0x7f1663a39000
4787  mmap(0x7f1663a3f000, 52816, PROT_READ|PROT_WRITE, MAP_PRIVATE|MAP_FIXED|MAP_ANONYMOUS, -1, 0) = 0x7f1663a3f000
4787  close(3)                          = 0
4787  mmap(NULL, 12288, PROT_READ|PROT_WRITE, MAP_PRIVATE|MAP_ANONYMOUS, -1, 0) = 0x7f1663853000
4787  arch_prctl(ARCH_SET_FS, 0x7f1663853740) = 0
4787  set_tid_address(0x7f1663853a10)   = 4787
4787  set_robust_list(0x7f1663853a20, 24) = 0
4787  rseq(0x7f1663853680, 0x20, 0, 0x53053053) = 0
4787  mprotect(0x7f1663a39000, 16384, PROT_READ) = 0
4787  mprotect(0x55ea46ff4000, 4096, PROT_READ) = 0
4787  mprotect(0x7f1663aa4000, 8192, PROT_READ) = 0
4787  prlimit64(0, RLIMIT_STACK, NULL, {rlim_cur=8192*1024, rlim_max=RLIM64_INFINITY}) = 0
4787  getrandom("\x9f\x3a\x97\x40\x82\x0c\x47\xe0", 8, GRND_NONBLOCK) = 8
4787  munmap(0x7f1663a4c000, 103703)    = 0
4787  brk(NULL)                         = 0x55ea6cec9000
4787  brk(0x55ea6ceea000)               = 0x55ea6ceea000
4787  openat(AT_FDCWD, "/usr/lib/locale/locale-archive", O_RDONLY|O_CLOEXEC) = 3
4787  fstat(3, {st_mode=S_IFREG|0644, st_size=3063024, ...}) = 0
4787  mmap(NULL, 3063024, PROT_READ, MAP_PRIVATE, 3, 0) = 0x7f1663400000
4787  close(3)                          = 0
4787  openat(AT_FDCWD, "/usr/share/locale/locale.alias", O_RDONLY|O_CLOEXEC) = -1 ENOENT (No such file or directory)
4787  openat(AT_FDCWD, "/usr/share/locale/en_US.UTF-8/LC_MESSAGES/procps-ng.mo", O_RDONLY) = -1 ENOENT (No such file or directory)
4787  openat(AT_FDCWD, "/usr/share/locale/en_US.utf8/LC_MESSAGES/procps-ng.mo", O_RDONLY) = -1 ENOENT (No such file or directory)
4787  openat(AT_FDCWD, "/usr/share/locale/en_US/LC_MESSAGES/procps-ng.mo", O_RDONLY) = -1 ENOENT (No such file or directory)
4787  openat(AT_FDCWD, "/usr/share/locale/en.UTF-8/LC_MESSAGES/procps-ng.mo", O_RDONLY) = -1 ENOENT (No such file or directory)
4787  openat(AT_FDCWD, "/usr/share/locale/en.utf8/LC_MESSAGES/procps-ng.mo", O_RDONLY) = -1 ENOENT (No such file or directory)
4787  openat(AT_FDCWD, "/usr/share/locale/en/LC_MESSAGES/procps-ng.mo", O_RDONLY) = -1 ENOENT (No such file or directory)
4787  kill(1, SIGRT_31)                 = -1 EPERM (Operation not permitted)
4787  write(2, "kill: ", 6)             = 6
4787  write(2, "(1)", 3)                = 3
4787  openat(AT_FDCWD, "/usr/share/locale/en_US.UTF-8/LC_MESSAGES/libc.mo", O_RDONLY) = -1 ENOENT (No such file or directory)
4787  openat(AT_FDCWD, "/usr/share/locale/en_US.utf8/LC_MESSAGES/libc.mo", O_RDONLY) = -1 ENOENT (No such file or directory)
4787  openat(AT_FDCWD, "/usr/share/locale/en_US/LC_MESSAGES/libc.mo", O_RDONLY) = -1 ENOENT (No such file or directory)
4787  openat(AT_FDCWD, "/usr/share/locale/en.UTF-8/LC_MESSAGES/libc.mo", O_RDONLY) = -1 ENOENT (No such file or directory)
4787  openat(AT_FDCWD, "/usr/share/locale/en.utf8/LC_MESSAGES/libc.mo", O_RDONLY) = -1 ENOENT (No such file or directory)
4787  openat(AT_FDCWD, "/usr/share/locale/en/LC_MESSAGES/libc.mo", O_RDONLY) = -1 ENOENT (No such file or directory)
4787  write(2, ": Operation not permitted", 25) = 25
4787  write(2, "\n", 1)                 = 1
4787  exit_group(1)                     = ?
