14887 execve("/usr/bin/kill", ["kill", "-63", "1"], 0x7ffe436786a0 /* 22 vars */) = 0
14887 brk(NULL)                         = 0x56059bf75000
14887 mmap(NULL, 8192, PROT_READ|PROT_WRITE, MAP_PRIVATE|MAP_ANONYMOUS, -1, 0) = 0x7f378ad93000
14887 access("/etc/ld.so.preload", R_OK) = -1 ENOENT (No such file or directory)
14887 openat(AT_FDCWD, "/etc/ld.so.cache", O_RDONLY|O_CLOEXEC) = 3
14887 fstat(3, {st_mode=S_IFREG|0644, st_size=103703, ...}) = 0
14887 mmap(NULL, 103703, PROT_READ, MAP_PRIVATE, 3, 0) = 0x7f378ad79000
14887 close(3)                          = 0
14887 openat(AT_FDCWD, "/usr/lib/x86_64-linux-gnu/libc.so.6", O_RDONLY|O_CLOEXEC) = 3
14887 read(3, "\177ELF\2\1\1\3\0\0\0\0\0\0\0\0\3\0>\0\1\0\0\0000\241\2\0\0\0\0\0"..., 832) = 832
14887 pread64(3, "\6\0\0\0\4\0\0\0@\0\0\0\0\0\0\0@\0\0\0\0\0\0\0@\0\0\0\0\0\0\0"..., 840, 64) = 840
14887 fstat(3, {st_mode=S_IFREG|0755, st_size=2014472, ...}) = 0
14887 pread64(3, "\6\0\0\0\4\0\0\0@\0\0\0\0\0\0\0@\0\0\0\0\0\0\0@\0\0\0\0\0\0\0"..., 840, 64) = 840
14887 mmap(NULL, 2055760, PROT_READ, MAP_PRIVATE|MAP_DENYWRITE, 3, 0) = 0x7f378ab83000
14887 mmap(0x7f378abab000, 1474560, PROT_READ|PROT_EXEC, MAP_PRIVATE|MAP_FIXED|MAP_DENYWRITE, 3, 0x28000) = 0x7f378abab000
14887 mmap(0x7f378ad13000, 339968, PROT_READ, MAP_PRIVATE|MAP_FIXED|MAP_DENYWRITE, 3, 0x190000) = 0x7f378ad13000
14887 mmap(0x7f378ad66000, 24576, PROT_READ|PROT_WRITE, MAP_PRIVATE|MAP_FIXED|MAP_DENYWRITE, 3, 0x1e3000) = 0x7f378ad66000
14887 mmap(0x7f378ad6c000, 52816, PROT_READ|PROT_WRITE, MAP_PRIVATE|MAP_FIXED|MAP_ANONYMOUS, -1, 0) = 0x7f378ad6c000
14887 close(3)                          = 0
14887 mmap(NULL, 12288, PROT_READ|PROT_WRITE, MAP_PRIVATE|MAP_ANONYMOUS, -1, 0) = 0x7f378ab80000
14887 arch_prctl(ARCH_SET_FS, 0x7f378ab80740) = 0
14887 set_tid_address(0x7f378ab80a10)   = 14887
14887 set_robust_list(0x7f378ab80a20, 24) = 0
14887 rseq(0x7f378ab80680, 0x20, 0, 0x53053053) = 0
14887 mprotect(0x7f378ad66000, 16384, PROT_READ) = 0
14887 mprotect(0x56059655e000, 4096, PROT_READ) = 0
14887 mprotect(0x7f378add1000, 8192, PROT_READ) = 0
14887 prlimit64(0, RLIMIT_STACK, NULL, {rlim_cur=8192*1024, rlim_max=RLIM64_INFINITY}) = 0
14887 getrandom("\x5f\x5d\xef\x3e\xd7\x9b\x09\x71", 8, GRND_NONBLOCK) = 8
14887 munmap(0x7f378ad79000, 103703)    = 0
14887 brk(NULL)                         = 0x56059bf75000
14887 brk(0x56059bf96000)               = 0x56059bf96000
14887 openat(AT_FDCWD, "/usr/lib/locale/locale-archive", O_RDONLY|O_CLOEXEC) = 3
14887 fstat(3, {st_mode=S_IFREG|0644, st_size=3063024, ...}) = 0
14887 mmap(NULL, 3063024, PROT_READ, MAP_PRIVATE, 3, 0) = 0x7f378a800000
14887 close(3)                          = 0
14887 openat(AT_FDCWD, "/usr/share/locale/locale.alias", O_RDONLY|O_CLOEXEC) = -1 ENOENT (No such file or directory)
14887 openat(AT_FDCWD, "/usr/share/locale/en_US.UTF-8/LC_MESSAGES/procps-ng.mo", O_RDONLY) = -1 ENOENT (No such file or directory)
14887 openat(AT_FDCWD, "/usr/share/locale/en_US.utf8/LC_MESSAGES/procps-ng.mo", O_RDONLY) = -1 ENOENT (No such file or directory)
14887 openat(AT_FDCWD, "/usr/share/locale/en_US/LC_MESSAGES/procps-ng.mo", O_RDONLY) = -1 ENOENT (No such file or directory)
14887 openat(AT_FDCWD, "/usr/share/locale/en.UTF-8/LC_MESSAGES/procps-ng.mo", O_RDONLY) = -1 ENOENT (No such file or directory)
14887 openat(AT_FDCWD, "/usr/share/locale/en.utf8/LC_MESSAGES/procps-ng.mo", O_RDONLY) = -1 ENOENT (No such file or directory)
14887 openat(AT_FDCWD, "/usr/share/locale/en/LC_MESSAGES/procps-ng.mo", O_RDONLY) = -1 ENOENT (No such file or directory)
14887 kill(1, SIGRT_31)                 = 0
14887 exit_group(0)                     = ?
