15437 execve("/usr/bin/kill", ["kill", "-63", "1"], 0x7fffb22c6d80 /* 22 vars */) = 0
15437 brk(NULL)                         = 0x5596fd9aa000
15437 mmap(NULL, 8192, PROT_READ|PROT_WRITE, MAP_PRIVATE|MAP_ANONYMOUS, -1, 0) = 0x7fc124a73000
15437 access("/etc/ld.so.preload", R_OK) = -1 ENOENT (No such file or directory)
15437 openat(AT_FDCWD, "/etc/ld.so.cache", O_RDONLY|O_CLOEXEC) = 3
15437 fstat(3, {st_mode=S_IFREG|0644, st_size=103703, ...}) = 0
15437 mmap(NULL, 103703, PROT_READ, MAP_PRIVATE, 3, 0) = 0x7fc124a59000
15437 close(3)                          = 0
15437 openat(AT_FDCWD, "/usr/lib/x86_64-linux-gnu/libc.so.6", O_RDONLY|O_CLOEXEC) = 3
15437 read(3, "\177ELF\2\1\1\3\0\0\0\0\0\0\0\0\3\0>\0\1\0\0\0000\241\2\0\0\0\0\0"..., 832) = 832
15437 pread64(3, "\6\0\0\0\4\0\0\0@\0\0\0\0\0\0\0@\0\0\0\0\0\0\0@\0\0\0\0\0\0\0"..., 840, 64) = 840
15437 fstat(3, {st_mode=S_IFREG|0755, st_size=2014472, ...}) = 0
15437 pread64(3, "\6\0\0\0\4\0\0\0@\0\0\0\0\0\0\0@\0\0\0\0\0\0\0@\0\0\0\0\0\0\0"..., 840, 64) = 840
15437 mmap(NULL, 2055760, PROT_READ, MAP_PRIVATE|MAP_DENYWRITE, 3, 0) = 0x7fc124863000
15437 mmap(0x7fc12488b000, 1474560, PROT_READ|PROT_EXEC, MAP_PRIVATE|MAP_FIXED|MAP_DENYWRITE, 3, 0x28000) = 0x7fc12488b000
15437 mmap(0x7fc1249f3000, 339968, PROT_READ, MAP_PRIVATE|MAP_FIXED|MAP_DENYWRITE, 3, 0x190000) = 0x7fc1249f3000
15437 mmap(0x7fc124a46000, 24576, PROT_READ|PROT_WRITE, MAP_PRIVATE|MAP_FIXED|MAP_DENYWRITE, 3, 0x1e3000) = 0x7fc124a46000
15437 mmap(0x7fc124a4c000, 52816, PROT_READ|PROT_WRITE, MAP_PRIVATE|MAP_FIXED|MAP_ANONYMOUS, -1, 0) = 0x7fc124a4c000
15437 close(3)                          = 0
15437 mmap(NULL, 12288, PROT_READ|PROT_WRITE, MAP_PRIVATE|MAP_ANONYMOUS, -1, 0) = 0x7fc124860000
15437 arch_prctl(ARCH_SET_FS, 0x7fc124860740) = 0
15437 set_tid_address(0x7fc124860a10)   = 15437
15437 set_robust_list(0x7fc124860a20, 24) = 0
15437 rseq(0x7fc124860680, 0x20, 0, 0x53053053) = 0
15437 mprotect(0x7fc124a46000, 16384, PROT_READ) = 0
15437 mprotect(0x5596d4829000, 4096, PROT_READ) = 0
15437 mprotect(0x7fc124ab1000, 8192, PROT_READ) = 0
15437 prlimit64(0, RLIMIT_STACK, NULL, {rlim_cur=8192*1024, rlim_max=RLIM64_INFINITY}) = 0
15437 getrandom("\x45\xe8\x93\x87\x28\x50\xba\xa4", 8, GRND_NONBLOCK) = 8
15437 munmap(0x7fc124a59000, 103703)    = 0
15437 brk(NULL)                         = 0x5596fd9aa000
15437 brk(0x5596fd9cb000)               = 0x5596fd9cb000
15437 openat(AT_FDCWD, "/usr/lib/locale/locale-archive", O_RDONLY|O_CLOEXEC) = 3
15437 fstat(3, {st_mode=S_IFREG|0644, st_size=3063024, ...}) = 0
15437 mmap(NULL, 3063024, PROT_READ, MAP_PRIVATE, 3, 0) = 0x7fc124400000
15437 close(3)                          = 0
15437 openat(AT_FDCWD, "/usr/share/locale/locale.alias", O_RDONLY|O_CLOEXEC) = -1 ENOENT (No such file or directory)
15437 openat(AT_FDCWD, "/usr/share/locale/en_US.UTF-8/LC_MESSAGES/procps-ng.mo", O_RDONLY) = -1 ENOENT (No such file or directory)
15437 openat(AT_FDCWD, "/usr/share/locale/en_US.utf8/LC_MESSAGES/procps-ng.mo", O_RDONLY) = -1 ENOENT (No such file or directory)
15437 openat(AT_FDCWD, "/usr/share/locale/en_US/LC_MESSAGES/procps-ng.mo", O_RDONLY) = -1 ENOENT (No such file or directory)
15437 openat(AT_FDCWD, "/usr/share/locale/en.UTF-8/LC_MESSAGES/procps-ng.mo", O_RDONLY) = -1 ENOENT (No such file or directory)
15437 openat(AT_FDCWD, "/usr/share/locale/en.utf8/LC_MESSAGES/procps-ng.mo", O_RDONLY) = -1 ENOENT (No such file or directory)
15437 openat(AT_FDCWD, "/usr/share/locale/en/LC_MESSAGES/procps-ng.mo", O_RDONLY) = -1 ENOENT (No such file or directory)
15437 kill(1, SIGRT_31)                 = 0
15437 exit_group(0)                     = ?
