4762  execve("/usr/bin/kill", ["kill", "-64", "1"], 0x7ffe136bb070 /* 57 vars */) = 0
4762  brk(NULL)                         = 0x555e205aa000
4762  mmap(NULL, 8192, PROT_READ|PROT_WRITE, MAP_PRIVATE|MAP_ANONYMOUS, -1, 0) = 0x7f384fd14000
4762  access("/etc/ld.so.preload", R_OK) = -1 ENOENT (No such file or directory)
4762  openat(AT_FDCWD, "/etc/ld.so.cache", O_RDONLY|O_CLOEXEC) = 3
4762  fstat(3, {st_mode=S_IFREG|0644, st_size=103703, ...}) = 0
4762  mmap(NULL, 103703, PROT_READ, MAP_PRIVATE, 3, 0) = 0x7f384fcfa000
4762  close(3)                          = 0
4762  openat(AT_FDCWD, "/usr/lib/x86_64-linux-gnu/libc.so.6", O_RDONLY|O_CLOEXEC) = 3
4762  read(3, "\177ELF\2\1\1\3\0\0\0\0\0\0\0\0\3\0>\0\1\0\0\0000\241\2\0\0\0\0\0"..., 832) = 832
4762  pread64(3, "\6\0\0\0\4\0\0\0@\0\0\0\0\0\0\0@\0\0\0\0\0\0\0@\0\0\0\0\0\0\0"..., 840, 64) = 840
4762  fstat(3, {st_mode=S_IFREG|0755, st_size=2014472, ...}) = 0
4762  pread64(3, "\6\0\0\0\4\0\0\0@\0\0\0\0\0\0\0@\0\0\0\0\0\0\0@\0\0\0\0\0\0\0"..., 840, 64) = 840
4762  mmap(NULL, 2055760, PROT_READ, MAP_PRIVATE|MAP_DENYWRITE, 3, 0) = 0x7f384fb04000
4762  mmap(0x7f384fb2c000, 1474560, PROT_READ|PROT_EXEC, MAP_PRIVATE|MAP_FIXED|MAP_DENYWRITE, 3, 0x28000) = 0x7f384fb2c000
4762  mmap(0x7f384fc94000, 339968, PROT_READ, MAP_PRIVATE|MAP_FIXED|MAP_DENYWRITE, 3, 0x190000) = 0x7f384fc94000
4762  mmap(0x7f384fce7000, 24576, PROT_READ|PROT_WRITE, MAP_PRIVATE|MAP_FIXED|MAP_DENYWRITE, 3, 0x1e3000) = 0x7f384fce7000
4762  mmap(0x7f384fced000, 52816, PROT_READ|PROT_WRITE, MAP_PRIVATE|MAP_FIXED|MAP_ANONYMOUS, -1, 0) = 0x7f384fced000
4762  close(3)                          = 0
4762  mmap(NULL, 12288, PROT_READ|PROT_WRITE, MAP_PRIVATE|MAP_ANONYMOUS, -1, 0) = 0x7f384fb01000
4762  arch_prctl(ARCH_SET_FS, 0x7f384fb01740) = 0
4762  set_tid_address(0x7f384fb01a10)   = 4762
4762  set_robust_list(0x7f384fb01a20, 24) = 0
4762  rseq(0x7f384fb01680, 0x20, 0, 0x53053053) = 0
4762  mprotect(0x7f384fce7000, 16384, PROT_READ) = 0
4762  mprotect(0x555e1d200000, 4096, PROT_READ) = 0
4762  mprotect(0x7f384fd52000, 8192, PROT_READ) = 0
4762  prlimit64(0, RLIMIT_STACK, NULL, {rlim_cur=8192*1024, rlim_max=RLIM64_INFINITY}) = 0
4762  getrandom("\xc8\x77\xfa\x11\xe2\xbc\xab\x37", 8, GRND_NONBLOCK) = 8
4762  munmap(0x7f384fcfa000, 103703)    = 0
4762  brk(NULL)                         = 0x555e205aa000
4762  brk(0x555e205cb000)               = 0x555e205cb000
4762  openat(AT_FDCWD, "/usr/lib/locale/locale-archive", O_RDONLY|O_CLOEXEC) = 3
4762  fstat(3, {st_mode=S_IFREG|0644, st_size=3063024, ...}) = 0
4762  mmap(NULL, 3063024, PROT_READ, MAP_PRIVATE, 3, 0) = 0x7f384f800000
4762  close(3)                          = 0
4762  openat(AT_FDCWD, "/usr/share/locale/locale.alias", O_RDONLY|O_CLOEXEC) = -1 ENOENT (No such file or directory)
4762  openat(AT_FDCWD, "/usr/share/locale/en_US.UTF-8/LC_MESSAGES/procps-ng.mo", O_RDONLY) = -1 ENOENT (No such file or directory)
4762  openat(AT_FDCWD, "/usr/share/locale/en_US.utf8/LC_MESSAGES/procps-ng.mo", O_RDONLY) = -1 ENOENT (No such file or directory)
4762  openat(AT_FDCWD, "/usr/share/locale/en_US/LC_MESSAGES/procps-ng.mo", O_RDONLY) = -1 ENOENT (No such file or directory)
4762  openat(AT_FDCWD, "/usr/share/locale/en.UTF-8/LC_MESSAGES/procps-ng.mo", O_RDONLY) = -1 ENOENT (No such file or directory)
4762  openat(AT_FDCWD, "/usr/share/locale/en.utf8/LC_MESSAGES/procps-ng.mo", O_RDONLY) = -1 ENOENT (No such file or directory)
4762  openat(AT_FDCWD, "/usr/share/locale/en/LC_MESSAGES/procps-ng.mo", O_RDONLY) = -1 ENOENT (No such file or directory)
4762  kill(1, SIGRT_32)                 = -1 EPERM (Operation not permitted)
4762  write(2, "kill: ", 6)             = 6
4762  write(2, "(1)", 3)                = 3
4762  openat(AT_FDCWD, "/usr/share/locale/en_US.UTF-8/LC_MESSAGES/libc.mo", O_RDONLY) = -1 ENOENT (No such file or directory)
4762  openat(AT_FDCWD, "/usr/share/locale/en_US.utf8/LC_MESSAGES/libc.mo", O_RDONLY) = -1 ENOENT (No such file or directory)
4762  openat(AT_FDCWD, "/usr/share/locale/en_US/LC_MESSAGES/libc.mo", O_RDONLY) = -1 ENOENT (No such file or directory)
4762  openat(AT_FDCWD, "/usr/share/locale/en.UTF-8/LC_MESSAGES/libc.mo", O_RDONLY) = -1 ENOENT (No such file or directory)
4762  openat(AT_FDCWD, "/usr/share/locale/en.utf8/LC_MESSAGES/libc.mo", O_RDONLY) = -1 ENOENT (No such file or directory)
4762  openat(AT_FDCWD, "/usr/share/locale/en/LC_MESSAGES/libc.mo", O_RDONLY) = -1 ENOENT (No such file or directory)
4762  write(2, ": Operation not permitted", 25) = 25
4762  write(2, "\n", 1)                 = 1
4762  exit_group(1)                     = ?
