15458 execve("/usr/sbin/lsmod", ["lsmod"], 0x7ffc342b0220 /* 22 vars */) = 0
15458 brk(NULL)                         = 0x55dc4a13a000
15458 mmap(NULL, 8192, PROT_READ|PROT_WRITE, MAP_PRIVATE|MAP_ANONYMOUS, -1, 0) = 0x7ff08dcb2000
15458 access("/etc/ld.so.preload", R_OK) = -1 ENOENT (No such file or directory)
15458 openat(AT_FDCWD, "/etc/ld.so.cache", O_RDONLY|O_CLOEXEC) = 3
15458 fstat(3, {st_mode=S_IFREG|0644, st_size=103703, ...}) = 0
15458 mmap(NULL, 103703, PROT_READ, MAP_PRIVATE, 3, 0) = 0x7ff08dc98000
15458 close(3)                          = 0
15458 openat(AT_FDCWD, "/usr/lib/x86_64-linux-gnu/libcrypto.so.3", O_RDONLY|O_CLOEXEC) = 3
15458 read(3, "\177ELF\2\1\1\0\0\0\0\0\0\0\0\0\3\0>\0\1\0\0\0\0\0\0\0\0\0\0\0"..., 832) = 832
15458 fstat(3, {st_mode=S_IFREG|0644, st_size=6475120, ...}) = 0
15458 mmap(NULL, 6486120, PROT_READ, MAP_PRIVATE|MAP_DENYWRITE, 3, 0) = 0x7ff08d600000
15458 mmap(0x7ff08d6e6000, 3747840, PROT_READ|PROT_EXEC, MAP_PRIVATE|MAP_FIXED|MAP_DENYWRITE, 3, 0xe6000) = 0x7ff08d6e6000
15458 mmap(0x7ff08da79000, 1257472, PROT_READ, MAP_PRIVATE|MAP_FIXED|MAP_DENYWRITE, 3, 0x479000) = 0x7ff08da79000
15458 mmap(0x7ff08dbac000, 528384, PROT_READ|PROT_WRITE, MAP_PRIVATE|MAP_FIXED|MAP_DENYWRITE, 3, 0x5ac000) = 0x7ff08dbac000
15458 mmap(0x7ff08dc2d000, 10344, PROT_READ|PROT_WRITE, MAP_PRIVATE|MAP_FIXED|MAP_ANONYMOUS, -1, 0) = 0x7ff08dc2d000
15458 close(3)                          = 0
15458 openat(AT_FDCWD, "/usr/lib/x86_64-linux-gnu/libc.so.6", O_RDONLY|O_CLOEXEC) = 3
15458 read(3, "\177ELF\2\1\1\3\0\0\0\0\0\0\0\0\3\0>\0\1\0\0\0000\241\2\0\0\0\0\0"..., 832) = 832
15458 pread64(3, "\6\0\0\0\4\0\0\0@\0\0\0\0\0\0\0@\0\0\0\0\0\0\0@\0\0\0\0\0\0\0"..., 840, 64) = 840
15458 fstat(3, {st_mode=S_IFREG|0755, st_size=2014472, ...}) = 0
15458 pread64(3, "\6\0\0\0\4\0\0\0@\0\0\0\0\0\0\0@\0\0\0\0\0\0\0@\0\0\0\0\0\0\0"..., 840, 64) = 840
15458 mmap(NULL, 2055760, PROT_READ, MAP_PRIVATE|MAP_DENYWRITE, 3, 0) = 0x7ff08d40a000
15458 mmap(0x7ff08d432000, 1474560, PROT_READ|PROT_EXEC, MAP_PRIVATE|MAP_FIXED|MAP_DENYWRITE, 3, 0x28000) = 0x7ff08d432000
15458 mmap(0x7ff08d59a000, 339968, PROT_READ, MAP_PRIVATE|MAP_FIXED|MAP_DENYWRITE, 3, 0x190000) = 0x7ff08d59a000
15458 mmap(0x7ff08d5ed000, 24576, PROT_READ|PROT_WRITE, MAP_PRIVATE|MAP_FIXED|MAP_DENYWRITE, 3, 0x1e3000) = 0x7ff08d5ed000
15458 mmap(0x7ff08d5f3000, 52816, PROT_READ|PROT_WRITE, MAP_PRIVATE|MAP_FIXED|MAP_ANONYMOUS, -1, 0) = 0x7ff08d5f3000
15458 close(3)                          = 0
15458 openat(AT_FDCWD, "/usr/lib/x86_64-linux-gnu/libz.so.1", O_RDONLY|O_CLOEXEC) = 3
15458 read(3, "\177ELF\2\1\1\0\0\0\0\0\0\0\0\0\3\0>\0\1\0\0\0\0\0\0\0\0\0\0\0"..., 832) = 832
15458 fstat(3, {st_mode=S_IFREG|0644, st_size=125376, ...}) = 0
15458 mmap(NULL, 127376, PROT_READ, MAP_PRIVATE|MAP_DENYWRITE, 3, 0) = 0x7ff08dc78000
15458 mmap(0x7ff08dc7b000, 81920, PROT_READ|PROT_EXEC, MAP_PRIVATE|MAP_FIXED|MAP_DENYWRITE, 3, 0x3000) = 0x7ff08dc7b000
15458 mmap(0x7ff08dc8f000, 28672, PROT_READ, MAP_PRIVATE|MAP_FIXED|MAP_DENYWRITE, 3, 0x17000) = 0x7ff08dc8f000
15458 mmap(0x7ff08dc96000, 8192, PROT_READ|PROT_WRITE, MAP_PRIVATE|MAP_FIXED|MAP_DENYWRITE, 3, 0x1d000) = 0x7ff08dc96000
15458 close(3)                          = 0
15458 openat(AT_FDCWD, "/usr/lib/x86_64-linux-gnu/libzstd.so.1", O_RDONLY|O_CLOEXEC) = 3
15458 read(3, "\177ELF\2\1\1\0\0\0\0\0\0\0\0\0\3\0>\0\1\0\0\0\0\0\0\0\0\0\0\0"..., 832) = 832
15458 fstat(3, {st_mode=S_IFREG|0644, st_size=821240, ...}) = 0
15458 mmap(NULL, 823352, PROT_READ, MAP_PRIVATE|MAP_DENYWRITE, 3, 0) = 0x7ff08d340000
15458 mmap(0x7ff08d345000, 716800, PROT_READ|PROT_EXEC, MAP_PRIVATE|MAP_FIXED|MAP_DENYWRITE, 3, 0x5000) = 0x7ff08d345000
15458 mmap(0x7ff08d3f4000, 81920, PROT_READ, MAP_PRIVATE|MAP_FIXED|MAP_DENYWRITE, 3, 0xb4000) = 0x7ff08d3f4000
15458 mmap(0x7ff08d408000, 8192, PROT_READ|PROT_WRITE, MAP_PRIVATE|MAP_FIXED|MAP_DENYWRITE, 3, 0xc7000) = 0x7ff08d408000
15458 close(3)                          = 0
15458 mmap(NULL, 8192, PROT_READ|PROT_WRITE, MAP_PRIVATE|MAP_ANONYMOUS, -1, 0) = 0x7ff08dc76000
15458 arch_prctl(ARCH_SET_FS, 0x7ff08dc77380) = 0
15458 set_tid_address(0x7ff08dc77650)   = 15458
15458 set_robust_list(0x7ff08dc77660, 24) = 0
15458 rseq(0x7ff08dc772c0, 0x20, 0, 0x53053053) = 0
15458 mprotect(0x7ff08d5ed000, 16384, PROT_READ) = 0
15458 mprotect(0x7ff08d408000, 4096, PROT_READ) = 0
15458 mprotect(0x7ff08dc96000, 4096, PROT_READ) = 0
15458 mprotect(0x7ff08dbac000, 516096, PROT_READ) = 0
15458 mprotect(0x55dc1760b000, 8192, PROT_READ) = 0
15458 mprotect(0x7ff08dcf0000, 8192, PROT_READ) = 0
15458 prlimit64(0, RLIMIT_STACK, NULL, {rlim_cur=8192*1024, rlim_max=RLIM64_INFINITY}) = 0
15458 getrandom("\x20\x5a\x38\x44\xf4\xa1\xdd\x5c", 8, GRND_NONBLOCK) = 8
15458 munmap(0x7ff08dc98000, 103703)    = 0
15458 brk(NULL)                         = 0x55dc4a13a000
15458 brk(0x55dc4a15b000)               = 0x55dc4a15b000
15458 uname({sysname="Linux", nodename="kali", ...}) = 0
15458 openat(AT_FDCWD, "/sys/module/compression", O_RDONLY|O_CLOEXEC) = 3
15458 read(3, "xz\n", 15)               = 3
15458 read(3, "", 12)                   = 0
15458 close(3)                          = 0
15458 openat(AT_FDCWD, "/lib/modules/6.19.11+kali-amd64/modules.softdep", O_RDONLY|O_CLOEXEC) = 3
15458 fcntl(3, F_GETFL)                 = 0x8000 (flags O_RDONLY|O_LARGEFILE)
15458 fstat(3, {st_mode=S_IFREG|0644, st_size=2062, ...}) = 0
15458 read(3, "# Soft dependencies extracted fr"..., 4096) = 2062
15458 read(3, "", 4096)                 = 0
15458 close(3)                          = 0
15458 openat(AT_FDCWD, "/lib/modules/6.19.11+kali-amd64/modules.weakdep", O_RDONLY|O_CLOEXEC) = 3
15458 fcntl(3, F_GETFL)                 = 0x8000 (flags O_RDONLY|O_LARGEFILE)
15458 fstat(3, {st_mode=S_IFREG|0644, st_size=55, ...}) = 0
15458 read(3, "# Weak dependencies extracted fr"..., 4096) = 55
15458 read(3, "", 4096)                 = 0
15458 close(3)                          = 0
15458 openat(AT_FDCWD, "/proc/cmdline", O_RDONLY|O_CLOEXEC) = 3
15458 read(3, "BOOT_IMAGE=/boot/vmlinuz-6.19.11"..., 4095) = 129
15458 read(3, "", 3966)                 = 0
15458 close(3)                          = 0
15458 openat(AT_FDCWD, "/proc/modules", O_RDONLY|O_CLOEXEC) = 3
15458 fstat(3, {st_mode=S_IFREG|0444, st_size=0, ...}) = 0
15458 read(3, "snd_seq_dummy 12288 0 - Live 0xf"..., 1024) = 1024
15458 read(3, "c097a000\nnf_tables 425984 182 nf"..., 1024) = 1024
15458 read(3, " Live 0xffffffffc049b000\njoydev "..., 1024) = 1024
15458 read(3, "mw_vsock_vmci_transport 49152 0 "..., 1024) = 1024
15458 read(3, "i_pci 20480 0 - Live 0xffffffffc"..., 1024) = 1024
15458 read(3, "2 0 - Live 0xffffffffc0406000\ni2"..., 1024) = 202
15458 read(3, "", 1024)                 = 0
15458 close(3)                          = 0
15458 fstat(1, {st_mode=S_IFCHR|0600, st_rdev=makedev(0x88, 0x1), ...}) = 0
15458 write(1, "Module                  Size  Us"..., 38) = 38
15458 openat(AT_FDCWD, "/sys/module/snd_seq_dummy/refcnt", O_RDONLY|O_CLOEXEC) = 3
15458 read(3, "0\n", 31)                = 2
15458 read(3, "", 29)                   = 0
15458 close(3)                          = 0
15458 openat(AT_FDCWD, "/sys/module/snd_seq_dummy", O_RDONLY|O_CLOEXEC) = 3
15458 openat(3, "coresize", O_RDONLY|O_CLOEXEC) = 4
15458 read(4, "12288\n", 31)            = 6
15458 read(4, "", 25)                   = 0
15458 close(4)                          = 0
15458 close(3)                          = 0
15458 openat(AT_FDCWD, "/sys/module/snd_seq_dummy/holders", O_RDONLY|O_NONBLOCK|O_CLOEXEC|O_DIRECTORY) = 3
15458 fstat(3, {st_mode=S_IFDIR|0755, st_size=0, ...}) = 0
15458 getdents64(3, 0x55dc4a143b70 /* 2 entries */, 32768) = 48
15458 getdents64(3, 0x55dc4a143b70 /* 0 entries */, 32768) = 0
15458 close(3)                          = 0
15458 write(1, "snd_seq_dummy          12288  0\n", 32) = 32
15458 openat(AT_FDCWD, "/sys/module/xt_conntrack/refcnt", O_RDONLY|O_CLOEXEC) = 3
15458 read(3, "4\n", 31)                = 2
15458 read(3, "", 29)                   = 0
15458 close(3)                          = 0
15458 openat(AT_FDCWD, "/sys/module/xt_conntrack", O_RDONLY|O_CLOEXEC) = 3
15458 openat(3, "coresize", O_RDONLY|O_CLOEXEC) = 4
15458 read(4, "12288\n", 31)            = 6
15458 read(4, "", 25)                   = 0
15458 close(4)                          = 0
15458 close(3)                          = 0
15458 openat(AT_FDCWD, "/sys/module/xt_conntrack/holders", O_RDONLY|O_NONBLOCK|O_CLOEXEC|O_DIRECTORY) = 3
15458 fstat(3, {st_mode=S_IFDIR|0755, st_size=0, ...}) = 0
15458 getdents64(3, 0x55dc4a143b70 /* 2 entries */, 32768) = 48
15458 getdents64(3, 0x55dc4a143b70 /* 0 entries */, 32768) = 0
15458 close(3)                          = 0
15458 write(1, "xt_conntrack           12288  4\n", 32) = 32
15458 openat(AT_FDCWD, "/sys/module/snd_hrtimer/refcnt", O_RDONLY|O_CLOEXEC) = 3
15458 read(3, "1\n", 31)                = 2
15458 read(3, "", 29)                   = 0
15458 close(3)                          = 0
15458 openat(AT_FDCWD, "/sys/module/snd_hrtimer", O_RDONLY|O_CLOEXEC) = 3
15458 openat(3, "coresize", O_RDONLY|O_CLOEXEC) = 4
15458 read(4, "12288\n", 31)            = 6
15458 read(4, "", 25)                   = 0
15458 close(4)                          = 0
15458 close(3)                          = 0
15458 openat(AT_FDCWD, "/sys/module/snd_hrtimer/holders", O_RDONLY|O_NONBLOCK|O_CLOEXEC|O_DIRECTORY) = 3
15458 fstat(3, {st_mode=S_IFDIR|0755, st_size=0, ...}) = 0
15458 getdents64(3, 0x55dc4a143b70 /* 2 entries */, 32768) = 48
15458 getdents64(3, 0x55dc4a143b70 /* 0 entries */, 32768) = 0
15458 close(3)                          = 0
15458 write(1, "snd_hrtimer            12288  1\n", 32) = 32
15458 openat(AT_FDCWD, "/sys/module/snd_seq/refcnt", O_RDONLY|O_CLOEXEC) = 3
15458 read(3, "7\n", 31)                = 2
15458 read(3, "", 29)                   = 0
15458 close(3)                          = 0
15458 openat(AT_FDCWD, "/sys/module/snd_seq", O_RDONLY|O_CLOEXEC) = 3
15458 openat(3, "coresize", O_RDONLY|O_CLOEXEC) = 4
15458 read(4, "118784\n", 31)           = 7
15458 read(4, "", 24)                   = 0
15458 close(4)                          = 0
15458 close(3)                          = 0
15458 openat(AT_FDCWD, "/sys/module/snd_seq/holders", O_RDONLY|O_NONBLOCK|O_CLOEXEC|O_DIRECTORY) = 3
15458 fstat(3, {st_mode=S_IFDIR|0755, st_size=0, ...}) = 0
15458 getdents64(3, 0x55dc4a143b70 /* 3 entries */, 32768) = 88
15458 getdents64(3, 0x55dc4a143b70 /* 0 entries */, 32768) = 0
15458 close(3)                          = 0
15458 write(1, "snd_seq               118784  7 "..., 46) = 46
15458 openat(AT_FDCWD, "/sys/module/snd_seq_device/refcnt", O_RDONLY|O_CLOEXEC) = 3
15458 read(3, "1\n", 31)                = 2
15458 read(3, "", 29)                   = 0
15458 close(3)                          = 0
15458 openat(AT_FDCWD, "/sys/module/snd_seq_device", O_RDONLY|O_CLOEXEC) = 3
15458 openat(3, "coresize", O_RDONLY|O_CLOEXEC) = 4
15458 read(4, "16384\n", 31)            = 6
15458 read(4, "", 25)                   = 0
15458 close(4)                          = 0
15458 close(3)                          = 0
15458 openat(AT_FDCWD, "/sys/module/snd_seq_device/holders", O_RDONLY|O_NONBLOCK|O_CLOEXEC|O_DIRECTORY) = 3
15458 fstat(3, {st_mode=S_IFDIR|0755, st_size=0, ...}) = 0
15458 getdents64(3, 0x55dc4a143b70 /* 3 entries */, 32768) = 80
15458 getdents64(3, 0x55dc4a143b70 /* 0 entries */, 32768) = 0
15458 close(3)                          = 0
15458 write(1, "snd_seq_device         16384  1 "..., 40) = 40
15458 openat(AT_FDCWD, "/sys/module/xt_MASQUERADE/refcnt", O_RDONLY|O_CLOEXEC) = 3
15458 read(3, "4\n", 31)                = 2
15458 read(3, "", 29)                   = 0
15458 close(3)                          = 0
15458 openat(AT_FDCWD, "/sys/module/xt_MASQUERADE", O_RDONLY|O_CLOEXEC) = 3
15458 openat(3, "coresize", O_RDONLY|O_CLOEXEC) = 4
15458 read(4, "16384\n", 31)            = 6
15458 read(4, "", 25)                   = 0
15458 close(4)                          = 0
15458 close(3)                          = 0
15458 openat(AT_FDCWD, "/sys/module/xt_MASQUERADE/holders", O_RDONLY|O_NONBLOCK|O_CLOEXEC|O_DIRECTORY) = 3
15458 fstat(3, {st_mode=S_IFDIR|0755, st_size=0, ...}) = 0
15458 getdents64(3, 0x55dc4a143b70 /* 2 entries */, 32768) = 48
15458 getdents64(3, 0x55dc4a143b70 /* 0 entries */, 32768) = 0
15458 close(3)                          = 0
15458 write(1, "xt_MASQUERADE          16384  4\n", 32) = 32
15458 openat(AT_FDCWD, "/sys/module/bridge/refcnt", O_RDONLY|O_CLOEXEC) = 3
15458 read(3, "0\n", 31)                = 2
15458 read(3, "", 29)                   = 0
15458 close(3)                          = 0
15458 openat(AT_FDCWD, "/sys/module/bridge", O_RDONLY|O_CLOEXEC) = 3
15458 openat(3, "coresize", O_RDONLY|O_CLOEXEC) = 4
15458 read(4, "401408\n", 31)           = 7
15458 read(4, "", 24)                   = 0
15458 close(4)                          = 0
15458 close(3)                          = 0
15458 openat(AT_FDCWD, "/sys/module/bridge/holders", O_RDONLY|O_NONBLOCK|O_CLOEXEC|O_DIRECTORY) = 3
15458 fstat(3, {st_mode=S_IFDIR|0755, st_size=0, ...}) = 0
15458 getdents64(3, 0x55dc4a143b70 /* 2 entries */, 32768) = 48
15458 getdents64(3, 0x55dc4a143b70 /* 0 entries */, 32768) = 0
15458 close(3)                          = 0
15458 write(1, "bridge                401408  0\n", 32) = 32
15458 openat(AT_FDCWD, "/sys/module/stp/refcnt", O_RDONLY|O_CLOEXEC) = 3
15458 read(3, "1\n", 31)                = 2
15458 read(3, "", 29)                   = 0
15458 close(3)                          = 0
15458 openat(AT_FDCWD, "/sys/module/stp", O_RDONLY|O_CLOEXEC) = 3
15458 openat(3, "coresize", O_RDONLY|O_CLOEXEC) = 4
15458 read(4, "12288\n", 31)            = 6
15458 read(4, "", 25)                   = 0
15458 close(4)                          = 0
15458 close(3)                          = 0
15458 openat(AT_FDCWD, "/sys/module/stp/holders", O_RDONLY|O_NONBLOCK|O_CLOEXEC|O_DIRECTORY) = 3
15458 fstat(3, {st_mode=S_IFDIR|0755, st_size=0, ...}) = 0
15458 getdents64(3, 0x55dc4a143b70 /* 3 entries */, 32768) = 80
15458 getdents64(3, 0x55dc4a143b70 /* 0 entries */, 32768) = 0
15458 close(3)                          = 0
15458 write(1, "stp                    12288  1 "..., 39) = 39
15458 openat(AT_FDCWD, "/sys/module/llc/refcnt", O_RDONLY|O_CLOEXEC) = 3
15458 read(3, "2\n", 31)                = 2
15458 read(3, "", 29)                   = 0
15458 close(3)                          = 0
15458 openat(AT_FDCWD, "/sys/module/llc", O_RDONLY|O_CLOEXEC) = 3
15458 openat(3, "coresize", O_RDONLY|O_CLOEXEC) = 4
15458 read(4, "16384\n", 31)            = 6
15458 read(4, "", 25)                   = 0
15458 close(4)                          = 0
15458 close(3)                          = 0
15458 openat(AT_FDCWD, "/sys/module/llc/holders", O_RDONLY|O_NONBLOCK|O_CLOEXEC|O_DIRECTORY) = 3
15458 fstat(3, {st_mode=S_IFDIR|0755, st_size=0, ...}) = 0
15458 getdents64(3, 0x55dc4a143b70 /* 4 entries */, 32768) = 104
15458 getdents64(3, 0x55dc4a143b70 /* 0 entries */, 32768) = 0
15458 close(3)                          = 0
15458 write(1, "llc                    16384  2 "..., 43) = 43
15458 openat(AT_FDCWD, "/sys/module/xt_set/refcnt", O_RDONLY|O_CLOEXEC) = 3
15458 read(3, "0\n", 31)                = 2
15458 read(3, "", 29)                   = 0
15458 close(3)                          = 0
15458 openat(AT_FDCWD, "/sys/module/xt_set", O_RDONLY|O_CLOEXEC) = 3
15458 openat(3, "coresize", O_RDONLY|O_CLOEXEC) = 4
15458 read(4, "20480\n", 31)            = 6
15458 read(4, "", 25)                   = 0
15458 close(4)                          = 0
15458 close(3)                          = 0
15458 openat(AT_FDCWD, "/sys/module/xt_set/holders", O_RDONLY|O_NONBLOCK|O_CLOEXEC|O_DIRECTORY) = 3
15458 fstat(3, {st_mode=S_IFDIR|0755, st_size=0, ...}) = 0
15458 getdents64(3, 0x55dc4a143b70 /* 2 entries */, 32768) = 48
15458 getdents64(3, 0x55dc4a143b70 /* 0 entries */, 32768) = 0
15458 close(3)                          = 0
15458 write(1, "xt_set                 20480  0\n", 32) = 32
15458 openat(AT_FDCWD, "/sys/module/ip_set/refcnt", O_RDONLY|O_CLOEXEC) = 3
15458 read(3, "1\n", 31)                = 2
15458 read(3, "", 29)                   = 0
15458 close(3)                          = 0
15458 openat(AT_FDCWD, "/sys/module/ip_set", O_RDONLY|O_CLOEXEC) = 3
15458 openat(3, "coresize", O_RDONLY|O_CLOEXEC) = 4
15458 read(4, "69632\n", 31)            = 6
15458 read(4, "", 25)                   = 0
15458 close(4)                          = 0
15458 close(3)                          = 0
15458 openat(AT_FDCWD, "/sys/module/ip_set/holders", O_RDONLY|O_NONBLOCK|O_CLOEXEC|O_DIRECTORY) = 3
15458 fstat(3, {st_mode=S_IFDIR|0755, st_size=0, ...}) = 0
15458 getdents64(3, 0x55dc4a143b70 /* 3 entries */, 32768) = 80
15458 getdents64(3, 0x55dc4a143b70 /* 0 entries */, 32768) = 0
15458 close(3)                          = 0
15458 write(1, "ip_set                 69632  1 "..., 39) = 39
15458 openat(AT_FDCWD, "/sys/module/nft_chain_nat/refcnt", O_RDONLY|O_CLOEXEC) = 3
15458 read(3, "5\n", 31)                = 2
15458 read(3, "", 29)                   = 0
15458 close(3)                          = 0
15458 openat(AT_FDCWD, "/sys/module/nft_chain_nat", O_RDONLY|O_CLOEXEC) = 3
15458 openat(3, "coresize", O_RDONLY|O_CLOEXEC) = 4
15458 read(4, "12288\n", 31)            = 6
15458 read(4, "", 25)                   = 0
15458 close(4)                          = 0
15458 close(3)                          = 0
15458 openat(AT_FDCWD, "/sys/module/nft_chain_nat/holders", O_RDONLY|O_NONBLOCK|O_CLOEXEC|O_DIRECTORY) = 3
15458 fstat(3, {st_mode=S_IFDIR|0755, st_size=0, ...}) = 0
15458 getdents64(3, 0x55dc4a143b70 /* 2 entries */, 32768) = 48
15458 getdents64(3, 0x55dc4a143b70 /* 0 entries */, 32768) = 0
15458 close(3)                          = 0
15458 write(1, "nft_chain_nat          12288  5\n", 32) = 32
15458 openat(AT_FDCWD, "/sys/module/nf_nat/refcnt", O_RDONLY|O_CLOEXEC) = 3
15458 read(3, "2\n", 31)                = 2
15458 read(3, "", 29)                   = 0
15458 close(3)                          = 0
15458 openat(AT_FDCWD, "/sys/module/nf_nat", O_RDONLY|O_CLOEXEC) = 3
15458 openat(3, "coresize", O_RDONLY|O_CLOEXEC) = 4
15458 read(4, "65536\n", 31)            = 6
15458 read(4, "", 25)                   = 0
15458 close(4)                          = 0
15458 close(3)                          = 0
15458 openat(AT_FDCWD, "/sys/module/nf_nat/holders", O_RDONLY|O_NONBLOCK|O_CLOEXEC|O_DIRECTORY) = 3
15458 fstat(3, {st_mode=S_IFDIR|0755, st_size=0, ...}) = 0
15458 getdents64(3, 0x55dc4a143b70 /* 4 entries */, 32768) = 128
15458 getdents64(3, 0x55dc4a143b70 /* 0 entries */, 32768) = 0
15458 close(3)                          = 0
15458 write(1, "nf_nat                 65536  2 "..., 60) = 60
15458 openat(AT_FDCWD, "/sys/module/nf_conntrack/refcnt", O_RDONLY|O_CLOEXEC) = 3
15458 read(3, "3\n", 31)                = 2
15458 read(3, "", 29)                   = 0
15458 close(3)                          = 0
15458 openat(AT_FDCWD, "/sys/module/nf_conntrack", O_RDONLY|O_CLOEXEC) = 3
15458 openat(3, "coresize", O_RDONLY|O_CLOEXEC) = 4
15458 read(4, "208896\n", 31)           = 7
15458 read(4, "", 24)                   = 0
15458 close(4)                          = 0
15458 close(3)                          = 0
15458 openat(AT_FDCWD, "/sys/module/nf_conntrack/holders", O_RDONLY|O_NONBLOCK|O_CLOEXEC|O_DIRECTORY) = 3
15458 fstat(3, {st_mode=S_IFDIR|0755, st_size=0, ...}) = 0
15458 getdents64(3, 0x55dc4a143b70 /* 5 entries */, 32768) = 152
15458 getdents64(3, 0x55dc4a143b70 /* 0 entries */, 32768) = 0
15458 close(3)                          = 0
15458 write(1, "nf_conntrack          208896  3 "..., 66) = 66
15458 openat(AT_FDCWD, "/sys/module/nf_defrag_ipv6/refcnt", O_RDONLY|O_CLOEXEC) = 3
15458 read(3, "1\n", 31)                = 2
15458 read(3, "", 29)                   = 0
15458 close(3)                          = 0
15458 openat(AT_FDCWD, "/sys/module/nf_defrag_ipv6", O_RDONLY|O_CLOEXEC) = 3
15458 openat(3, "coresize", O_RDONLY|O_CLOEXEC) = 4
15458 read(4, "24576\n", 31)            = 6
15458 read(4, "", 25)                   = 0
15458 close(4)                          = 0
15458 close(3)                          = 0
15458 openat(AT_FDCWD, "/sys/module/nf_defrag_ipv6/holders", O_RDONLY|O_NONBLOCK|O_CLOEXEC|O_DIRECTORY) = 3
15458 fstat(3, {st_mode=S_IFDIR|0755, st_size=0, ...}) = 0
15458 getdents64(3, 0x55dc4a143b70 /* 3 entries */, 32768) = 80
15458 getdents64(3, 0x55dc4a143b70 /* 0 entries */, 32768) = 0
15458 close(3)                          = 0
15458 write(1, "nf_defrag_ipv6         24576  1 "..., 45) = 45
15458 openat(AT_FDCWD, "/sys/module/nf_defrag_ipv4/refcnt", O_RDONLY|O_CLOEXEC) = 3
15458 read(3, "1\n", 31)                = 2
15458 read(3, "", 29)                   = 0
15458 close(3)                          = 0
15458 openat(AT_FDCWD, "/sys/module/nf_defrag_ipv4", O_RDONLY|O_CLOEXEC) = 3
15458 openat(3, "coresize", O_RDONLY|O_CLOEXEC) = 4
15458 read(4, "12288\n", 31)            = 6
15458 read(4, "", 25)                   = 0
15458 close(4)                          = 0
15458 close(3)                          = 0
15458 openat(AT_FDCWD, "/sys/module/nf_defrag_ipv4/holders", O_RDONLY|O_NONBLOCK|O_CLOEXEC|O_DIRECTORY) = 3
15458 fstat(3, {st_mode=S_IFDIR|0755, st_size=0, ...}) = 0
15458 getdents64(3, 0x55dc4a143b70 /* 3 entries */, 32768) = 80
15458 getdents64(3, 0x55dc4a143b70 /* 0 entries */, 32768) = 0
15458 close(3)                          = 0
15458 write(1, "nf_defrag_ipv4         12288  1 "..., 45) = 45
15458 openat(AT_FDCWD, "/sys/module/xt_addrtype/refcnt", O_RDONLY|O_CLOEXEC) = 3
15458 read(3, "4\n", 31)                = 2
15458 read(3, "", 29)                   = 0
15458 close(3)                          = 0
15458 openat(AT_FDCWD, "/sys/module/xt_addrtype", O_RDONLY|O_CLOEXEC) = 3
15458 openat(3, "coresize", O_RDONLY|O_CLOEXEC) = 4
15458 read(4, "12288\n", 31)            = 6
15458 read(4, "", 25)                   = 0
15458 close(4)                          = 0
15458 close(3)                          = 0
15458 openat(AT_FDCWD, "/sys/module/xt_addrtype/holders", O_RDONLY|O_NONBLOCK|O_CLOEXEC|O_DIRECTORY) = 3
15458 fstat(3, {st_mode=S_IFDIR|0755, st_size=0, ...}) = 0
15458 getdents64(3, 0x55dc4a143b70 /* 2 entries */, 32768) = 48
15458 getdents64(3, 0x55dc4a143b70 /* 0 entries */, 32768) = 0
15458 close(3)                          = 0
15458 write(1, "xt_addrtype            12288  4\n", 32) = 32
15458 openat(AT_FDCWD, "/sys/module/nft_compat/refcnt", O_RDONLY|O_CLOEXEC) = 3
15458 read(3, "12\n", 31)               = 3
15458 read(3, "", 28)                   = 0
15458 close(3)                          = 0
15458 openat(AT_FDCWD, "/sys/module/nft_compat", O_RDONLY|O_CLOEXEC) = 3
15458 openat(3, "coresize", O_RDONLY|O_CLOEXEC) = 4
15458 read(4, "24576\n", 31)            = 6
15458 read(4, "", 25)                   = 0
15458 close(4)                          = 0
15458 close(3)                          = 0
15458 openat(AT_FDCWD, "/sys/module/nft_compat/holders", O_RDONLY|O_NONBLOCK|O_CLOEXEC|O_DIRECTORY) = 3
15458 fstat(3, {st_mode=S_IFDIR|0755, st_size=0, ...}) = 0
15458 getdents64(3, 0x55dc4a143b70 /* 2 entries */, 32768) = 48
15458 getdents64(3, 0x55dc4a143b70 /* 0 entries */, 32768) = 0
15458 close(3)                          = 0
15458 write(1, "nft_compat             24576  12"..., 33) = 33
15458 openat(AT_FDCWD, "/sys/module/x_tables/refcnt", O_RDONLY|O_CLOEXEC) = 3
15458 read(3, "5\n", 31)                = 2
15458 read(3, "", 29)                   = 0
15458 close(3)                          = 0
15458 openat(AT_FDCWD, "/sys/module/x_tables", O_RDONLY|O_CLOEXEC) = 3
15458 openat(3, "coresize", O_RDONLY|O_CLOEXEC) = 4
15458 read(4, "57344\n", 31)            = 6
15458 read(4, "", 25)                   = 0
15458 close(4)                          = 0
15458 close(3)                          = 0
15458 openat(AT_FDCWD, "/sys/module/x_tables/holders", O_RDONLY|O_NONBLOCK|O_CLOEXEC|O_DIRECTORY) = 3
15458 fstat(3, {st_mode=S_IFDIR|0755, st_size=0, ...}) = 0
15458 getdents64(3, 0x55dc4a143b70 /* 7 entries */, 32768) = 216
15458 getdents64(3, 0x55dc4a143b70 /* 0 entries */, 32768) = 0
15458 close(3)                          = 0
15458 write(1, "x_tables               57344  5 "..., 89) = 89
15458 openat(AT_FDCWD, "/sys/module/nf_tables/refcnt", O_RDONLY|O_CLOEXEC) = 3
15458 read(3, "182\n", 31)              = 4
15458 read(3, "", 27)                   = 0
15458 close(3)                          = 0
15458 openat(AT_FDCWD, "/sys/module/nf_tables", O_RDONLY|O_CLOEXEC) = 3
15458 openat(3, "coresize", O_RDONLY|O_CLOEXEC) = 4
15458 read(4, "425984\n", 31)           = 7
15458 read(4, "", 24)                   = 0
15458 close(4)                          = 0
15458 close(3)                          = 0
15458 openat(AT_FDCWD, "/sys/module/nf_tables/holders", O_RDONLY|O_NONBLOCK|O_CLOEXEC|O_DIRECTORY) = 3
15458 fstat(3, {st_mode=S_IFDIR|0755, st_size=0, ...}) = 0
15458 getdents64(3, 0x55dc4a143b70 /* 4 entries */, 32768) = 120
15458 getdents64(3, 0x55dc4a143b70 /* 0 entries */, 32768) = 0
15458 close(3)                          = 0
15458 write(1, "nf_tables             425984  18"..., 59) = 59
15458 openat(AT_FDCWD, "/sys/module/xfrm_user/refcnt", O_RDONLY|O_CLOEXEC) = 3
15458 read(3, "1\n", 31)                = 2
15458 read(3, "", 29)                   = 0
15458 close(3)                          = 0
15458 openat(AT_FDCWD, "/sys/module/xfrm_user", O_RDONLY|O_CLOEXEC) = 3
15458 openat(3, "coresize", O_RDONLY|O_CLOEXEC) = 4
15458 read(4, "77824\n", 31)            = 6
15458 read(4, "", 25)                   = 0
15458 close(4)                          = 0
15458 close(3)                          = 0
15458 openat(AT_FDCWD, "/sys/module/xfrm_user/holders", O_RDONLY|O_NONBLOCK|O_CLOEXEC|O_DIRECTORY) = 3
15458 fstat(3, {st_mode=S_IFDIR|0755, st_size=0, ...}) = 0
15458 getdents64(3, 0x55dc4a143b70 /* 2 entries */, 32768) = 48
15458 getdents64(3, 0x55dc4a143b70 /* 0 entries */, 32768) = 0
15458 close(3)                          = 0
15458 write(1, "xfrm_user              77824  1\n", 32) = 32
15458 openat(AT_FDCWD, "/sys/module/xfrm_algo/refcnt", O_RDONLY|O_CLOEXEC) = 3
15458 read(3, "1\n", 31)                = 2
15458 read(3, "", 29)                   = 0
15458 close(3)                          = 0
15458 openat(AT_FDCWD, "/sys/module/xfrm_algo", O_RDONLY|O_CLOEXEC) = 3
15458 openat(3, "coresize", O_RDONLY|O_CLOEXEC) = 4
15458 read(4, "16384\n", 31)            = 6
15458 read(4, "", 25)                   = 0
15458 close(4)                          = 0
15458 close(3)                          = 0
15458 openat(AT_FDCWD, "/sys/module/xfrm_algo/holders", O_RDONLY|O_NONBLOCK|O_CLOEXEC|O_DIRECTORY) = 3
15458 fstat(3, {st_mode=S_IFDIR|0755, st_size=0, ...}) = 0
15458 getdents64(3, 0x55dc4a143b70 /* 3 entries */, 32768) = 80
15458 getdents64(3, 0x55dc4a143b70 /* 0 entries */, 32768) = 0
15458 close(3)                          = 0
15458 write(1, "xfrm_algo              16384  1 "..., 42) = 42
15458 openat(AT_FDCWD, "/sys/module/overlay/refcnt", O_RDONLY|O_CLOEXEC) = 3
15458 read(3, "0\n", 31)                = 2
15458 read(3, "", 29)                   = 0
15458 close(3)                          = 0
15458 openat(AT_FDCWD, "/sys/module/overlay", O_RDONLY|O_CLOEXEC) = 3
15458 openat(3, "coresize", O_RDONLY|O_CLOEXEC) = 4
15458 read(4, "229376\n", 31)           = 7
15458 read(4, "", 24)                   = 0
15458 close(4)                          = 0
15458 close(3)                          = 0
15458 openat(AT_FDCWD, "/sys/module/overlay/holders", O_RDONLY|O_NONBLOCK|O_CLOEXEC|O_DIRECTORY) = 3
15458 fstat(3, {st_mode=S_IFDIR|0755, st_size=0, ...}) = 0
15458 getdents64(3, 0x55dc4a143b70 /* 2 entries */, 32768) = 48
15458 getdents64(3, 0x55dc4a143b70 /* 0 entries */, 32768) = 0
15458 close(3)                          = 0
15458 write(1, "overlay               229376  0\n", 32) = 32
15458 openat(AT_FDCWD, "/sys/module/qrtr/refcnt", O_RDONLY|O_CLOEXEC) = 3
15458 read(3, "2\n", 31)                = 2
15458 read(3, "", 29)                   = 0
15458 close(3)                          = 0
15458 openat(AT_FDCWD, "/sys/module/qrtr", O_RDONLY|O_CLOEXEC) = 3
15458 openat(3, "coresize", O_RDONLY|O_CLOEXEC) = 4
15458 read(4, "57344\n", 31)            = 6
15458 read(4, "", 25)                   = 0
15458 close(4)                          = 0
15458 close(3)                          = 0
15458 openat(AT_FDCWD, "/sys/module/qrtr/holders", O_RDONLY|O_NONBLOCK|O_CLOEXEC|O_DIRECTORY) = 3
15458 fstat(3, {st_mode=S_IFDIR|0755, st_size=0, ...}) = 0
15458 getdents64(3, 0x55dc4a143b70 /* 2 entries */, 32768) = 48
15458 getdents64(3, 0x55dc4a143b70 /* 0 entries */, 32768) = 0
15458 close(3)                          = 0
15458 write(1, "qrtr                   57344  2\n", 32) = 32
15458 openat(AT_FDCWD, "/sys/module/rfkill/refcnt", O_RDONLY|O_CLOEXEC) = 3
15458 read(3, "2\n", 31)                = 2
15458 read(3, "", 29)                   = 0
15458 close(3)                          = 0
15458 openat(AT_FDCWD, "/sys/module/rfkill", O_RDONLY|O_CLOEXEC) = 3
15458 openat(3, "coresize", O_RDONLY|O_CLOEXEC) = 4
15458 read(4, "45056\n", 31)            = 6
15458 read(4, "", 25)                   = 0
15458 close(4)                          = 0
15458 close(3)                          = 0
15458 openat(AT_FDCWD, "/sys/module/rfkill/holders", O_RDONLY|O_NONBLOCK|O_CLOEXEC|O_DIRECTORY) = 3
15458 fstat(3, {st_mode=S_IFDIR|0755, st_size=0, ...}) = 0
15458 getdents64(3, 0x55dc4a143b70 /* 2 entries */, 32768) = 48
15458 getdents64(3, 0x55dc4a143b70 /* 0 entries */, 32768) = 0
15458 close(3)                          = 0
15458 write(1, "rfkill                 45056  2\n", 32) = 32
15458 openat(AT_FDCWD, "/sys/module/vboxsf/refcnt", O_RDONLY|O_CLOEXEC) = 3
15458 read(3, "0\n", 31)                = 2
15458 read(3, "", 29)                   = 0
15458 close(3)                          = 0
15458 openat(AT_FDCWD, "/sys/module/vboxsf", O_RDONLY|O_CLOEXEC) = 3
15458 openat(3, "coresize", O_RDONLY|O_CLOEXEC) = 4
15458 read(4, "49152\n", 31)            = 6
15458 read(4, "", 25)                   = 0
15458 close(4)                          = 0
15458 close(3)                          = 0
15458 openat(AT_FDCWD, "/sys/module/vboxsf/holders", O_RDONLY|O_NONBLOCK|O_CLOEXEC|O_DIRECTORY) = 3
15458 fstat(3, {st_mode=S_IFDIR|0755, st_size=0, ...}) = 0
15458 getdents64(3, 0x55dc4a143b70 /* 2 entries */, 32768) = 48
15458 getdents64(3, 0x55dc4a143b70 /* 0 entries */, 32768) = 0
15458 close(3)                          = 0
15458 write(1, "vboxsf                 49152  0\n", 32) = 32
15458 openat(AT_FDCWD, "/sys/module/sunrpc/refcnt", O_RDONLY|O_CLOEXEC) = 3
15458 read(3, "1\n", 31)                = 2
15458 read(3, "", 29)                   = 0
15458 close(3)                          = 0
15458 openat(AT_FDCWD, "/sys/module/sunrpc", O_RDONLY|O_CLOEXEC) = 3
15458 openat(3, "coresize", O_RDONLY|O_CLOEXEC) = 4
15458 read(4, "884736\n", 31)           = 7
15458 read(4, "", 24)                   = 0
15458 close(4)                          = 0
15458 close(3)                          = 0
15458 openat(AT_FDCWD, "/sys/module/sunrpc/holders", O_RDONLY|O_NONBLOCK|O_CLOEXEC|O_DIRECTORY) = 3
15458 fstat(3, {st_mode=S_IFDIR|0755, st_size=0, ...}) = 0
15458 getdents64(3, 0x55dc4a143b70 /* 2 entries */, 32768) = 48
15458 getdents64(3, 0x55dc4a143b70 /* 0 entries */, 32768) = 0
15458 close(3)                          = 0
15458 write(1, "sunrpc                884736  1\n", 32) = 32
15458 openat(AT_FDCWD, "/sys/module/binfmt_misc/refcnt", O_RDONLY|O_CLOEXEC) = 3
15458 read(3, "1\n", 31)                = 2
15458 read(3, "", 29)                   = 0
15458 close(3)                          = 0
15458 openat(AT_FDCWD, "/sys/module/binfmt_misc", O_RDONLY|O_CLOEXEC) = 3
15458 openat(3, "coresize", O_RDONLY|O_CLOEXEC) = 4
15458 read(4, "28672\n", 31)            = 6
15458 read(4, "", 25)                   = 0
15458 close(4)                          = 0
15458 close(3)                          = 0
15458 openat(AT_FDCWD, "/sys/module/binfmt_misc/holders", O_RDONLY|O_NONBLOCK|O_CLOEXEC|O_DIRECTORY) = 3
15458 fstat(3, {st_mode=S_IFDIR|0755, st_size=0, ...}) = 0
15458 getdents64(3, 0x55dc4a143b70 /* 2 entries */, 32768) = 48
15458 getdents64(3, 0x55dc4a143b70 /* 0 entries */, 32768) = 0
15458 close(3)                          = 0
15458 write(1, "binfmt_misc            28672  1\n", 32) = 32
15458 openat(AT_FDCWD, "/sys/module/intel_rapl_msr/refcnt", O_RDONLY|O_CLOEXEC) = 3
15458 read(3, "0\n", 31)                = 2
15458 read(3, "", 29)                   = 0
15458 close(3)                          = 0
15458 openat(AT_FDCWD, "/sys/module/intel_rapl_msr", O_RDONLY|O_CLOEXEC) = 3
15458 openat(3, "coresize", O_RDONLY|O_CLOEXEC) = 4
15458 read(4, "20480\n", 31)            = 6
15458 read(4, "", 25)                   = 0
15458 close(4)                          = 0
15458 close(3)                          = 0
15458 openat(AT_FDCWD, "/sys/module/intel_rapl_msr/holders", O_RDONLY|O_NONBLOCK|O_CLOEXEC|O_DIRECTORY) = 3
15458 fstat(3, {st_mode=S_IFDIR|0755, st_size=0, ...}) = 0
15458 getdents64(3, 0x55dc4a143b70 /* 2 entries */, 32768) = 48
15458 getdents64(3, 0x55dc4a143b70 /* 0 entries */, 32768) = 0
15458 close(3)                          = 0
15458 write(1, "intel_rapl_msr         20480  0\n", 32) = 32
15458 openat(AT_FDCWD, "/sys/module/intel_rapl_common/refcnt", O_RDONLY|O_CLOEXEC) = 3
15458 read(3, "1\n", 31)                = 2
15458 read(3, "", 29)                   = 0
15458 close(3)                          = 0
15458 openat(AT_FDCWD, "/sys/module/intel_rapl_common", O_RDONLY|O_CLOEXEC) = 3
15458 openat(3, "coresize", O_RDONLY|O_CLOEXEC) = 4
15458 read(4, "57344\n", 31)            = 6
15458 read(4, "", 25)                   = 0
15458 close(4)                          = 0
15458 close(3)                          = 0
15458 openat(AT_FDCWD, "/sys/module/intel_rapl_common/holders", O_RDONLY|O_NONBLOCK|O_CLOEXEC|O_DIRECTORY) = 3
15458 fstat(3, {st_mode=S_IFDIR|0755, st_size=0, ...}) = 0
15458 getdents64(3, 0x55dc4a143b70 /* 3 entries */, 32768) = 88
15458 getdents64(3, 0x55dc4a143b70 /* 0 entries */, 32768) = 0
15458 close(3)                          = 0
15458 write(1, "intel_rapl_common      57344  1 "..., 47) = 47
15458 openat(AT_FDCWD, "/sys/module/intel_uncore_frequency_common/refcnt", O_RDONLY|O_CLOEXEC) = 3
15458 read(3, "0\n", 31)                = 2
15458 read(3, "", 29)                   = 0
15458 close(3)                          = 0
15458 openat(AT_FDCWD, "/sys/module/intel_uncore_frequency_common", O_RDONLY|O_CLOEXEC) = 3
15458 openat(3, "coresize", O_RDONLY|O_CLOEXEC) = 4
15458 read(4, "16384\n", 31)            = 6
15458 read(4, "", 25)                   = 0
15458 close(4)                          = 0
15458 close(3)                          = 0
15458 openat(AT_FDCWD, "/sys/module/intel_uncore_frequency_common/holders", O_RDONLY|O_NONBLOCK|O_CLOEXEC|O_DIRECTORY) = 3
15458 fstat(3, {st_mode=S_IFDIR|0755, st_size=0, ...}) = 0
15458 getdents64(3, 0x55dc4a143b70 /* 2 entries */, 32768) = 48
15458 getdents64(3, 0x55dc4a143b70 /* 0 entries */, 32768) = 0
15458 close(3)                          = 0
15458 write(1, "intel_uncore_frequency_common   "..., 42) = 42
15458 openat(AT_FDCWD, "/sys/module/intel_pmc_core/refcnt", O_RDONLY|O_CLOEXEC) = 3
15458 read(3, "0\n", 31)                = 2
15458 read(3, "", 29)                   = 0
15458 close(3)                          = 0
15458 openat(AT_FDCWD, "/sys/module/intel_pmc_core", O_RDONLY|O_CLOEXEC) = 3
15458 openat(3, "coresize", O_RDONLY|O_CLOEXEC) = 4
15458 read(4, "155648\n", 31)           = 7
15458 read(4, "", 24)                   = 0
15458 close(4)                          = 0
15458 close(3)                          = 0
15458 openat(AT_FDCWD, "/sys/module/intel_pmc_core/holders", O_RDONLY|O_NONBLOCK|O_CLOEXEC|O_DIRECTORY) = 3
15458 fstat(3, {st_mode=S_IFDIR|0755, st_size=0, ...}) = 0
15458 getdents64(3, 0x55dc4a143b70 /* 2 entries */, 32768) = 48
15458 getdents64(3, 0x55dc4a143b70 /* 0 entries */, 32768) = 0
15458 close(3)                          = 0
15458 write(1, "intel_pmc_core        155648  0\n", 32) = 32
15458 openat(AT_FDCWD, "/sys/module/pmt_telemetry/refcnt", O_RDONLY|O_CLOEXEC) = 3
15458 read(3, "1\n", 31)                = 2
15458 read(3, "", 29)                   = 0
15458 close(3)                          = 0
15458 openat(AT_FDCWD, "/sys/module/pmt_telemetry", O_RDONLY|O_CLOEXEC) = 3
15458 openat(3, "coresize", O_RDONLY|O_CLOEXEC) = 4
15458 read(4, "16384\n", 31)            = 6
15458 read(4, "", 25)                   = 0
15458 close(4)                          = 0
15458 close(3)                          = 0
15458 openat(AT_FDCWD, "/sys/module/pmt_telemetry/holders", O_RDONLY|O_NONBLOCK|O_CLOEXEC|O_DIRECTORY) = 3
15458 fstat(3, {st_mode=S_IFDIR|0755, st_size=0, ...}) = 0
15458 getdents64(3, 0x55dc4a143b70 /* 3 entries */, 32768) = 88
15458 getdents64(3, 0x55dc4a143b70 /* 0 entries */, 32768) = 0
15458 close(3)                          = 0
15458 write(1, "pmt_telemetry          16384  1 "..., 47) = 47
15458 openat(AT_FDCWD, "/sys/module/pmt_discovery/refcnt", O_RDONLY|O_CLOEXEC) = 3
15458 read(3, "1\n", 31)                = 2
15458 read(3, "", 29)                   = 0
15458 close(3)                          = 0
15458 openat(AT_FDCWD, "/sys/module/pmt_discovery", O_RDONLY|O_CLOEXEC) = 3
15458 openat(3, "coresize", O_RDONLY|O_CLOEXEC) = 4
15458 read(4, "20480\n", 31)            = 6
15458 read(4, "", 25)                   = 0
15458 close(4)                          = 0
15458 close(3)                          = 0
15458 openat(AT_FDCWD, "/sys/module/pmt_discovery/holders", O_RDONLY|O_NONBLOCK|O_CLOEXEC|O_DIRECTORY) = 3
15458 fstat(3, {st_mode=S_IFDIR|0755, st_size=0, ...}) = 0
15458 getdents64(3, 0x55dc4a143b70 /* 3 entries */, 32768) = 88
15458 getdents64(3, 0x55dc4a143b70 /* 0 entries */, 32768) = 0
15458 close(3)                          = 0
15458 write(1, "pmt_discovery          20480  1 "..., 46) = 46
15458 openat(AT_FDCWD, "/sys/module/pmt_class/refcnt", O_RDONLY|O_CLOEXEC) = 3
15458 read(3, "2\n", 31)                = 2
15458 read(3, "", 29)                   = 0
15458 close(3)                          = 0
15458 openat(AT_FDCWD, "/sys/module/pmt_class", O_RDONLY|O_CLOEXEC) = 3
15458 openat(3, "coresize", O_RDONLY|O_CLOEXEC) = 4
15458 read(4, "20480\n", 31)            = 6
15458 read(4, "", 25)                   = 0
15458 close(4)                          = 0
15458 close(3)                          = 0
15458 openat(AT_FDCWD, "/sys/module/pmt_class/holders", O_RDONLY|O_NONBLOCK|O_CLOEXEC|O_DIRECTORY) = 3
15458 fstat(3, {st_mode=S_IFDIR|0755, st_size=0, ...}) = 0
15458 getdents64(3, 0x55dc4a143b70 /* 4 entries */, 32768) = 128
15458 getdents64(3, 0x55dc4a143b70 /* 0 entries */, 32768) = 0
15458 close(3)                          = 0
15458 write(1, "pmt_class              20480  2 "..., 60) = 60
15458 openat(AT_FDCWD, "/sys/module/intel_pmc_ssram_telemetry/refcnt", O_RDONLY|O_CLOEXEC) = 3
15458 read(3, "1\n", 31)                = 2
15458 read(3, "", 29)                   = 0
15458 close(3)                          = 0
15458 openat(AT_FDCWD, "/sys/module/intel_pmc_ssram_telemetry", O_RDONLY|O_CLOEXEC) = 3
15458 openat(3, "coresize", O_RDONLY|O_CLOEXEC) = 4
15458 read(4, "16384\n", 31)            = 6
15458 read(4, "", 25)                   = 0
15458 close(4)                          = 0
15458 close(3)                          = 0
15458 openat(AT_FDCWD, "/sys/module/intel_pmc_ssram_telemetry/holders", O_RDONLY|O_NONBLOCK|O_CLOEXEC|O_DIRECTORY) = 3
15458 fstat(3, {st_mode=S_IFDIR|0755, st_size=0, ...}) = 0
15458 getdents64(3, 0x55dc4a143b70 /* 3 entries */, 32768) = 88
15458 getdents64(3, 0x55dc4a143b70 /* 0 entries */, 32768) = 0
15458 close(3)                          = 0
15458 write(1, "intel_pmc_ssram_telemetry    163"..., 53) = 53
15458 openat(AT_FDCWD, "/sys/module/intel_vsec/refcnt", O_RDONLY|O_CLOEXEC) = 3
15458 read(3, "2\n", 31)                = 2
15458 read(3, "", 29)                   = 0
15458 close(3)                          = 0
15458 openat(AT_FDCWD, "/sys/module/intel_vsec", O_RDONLY|O_CLOEXEC) = 3
15458 openat(3, "coresize", O_RDONLY|O_CLOEXEC) = 4
15458 read(4, "28672\n", 31)            = 6
15458 read(4, "", 25)                   = 0
15458 close(4)                          = 0
15458 close(3)                          = 0
15458 openat(AT_FDCWD, "/sys/module/intel_vsec/holders", O_RDONLY|O_NONBLOCK|O_CLOEXEC|O_DIRECTORY) = 3
15458 fstat(3, {st_mode=S_IFDIR|0755, st_size=0, ...}) = 0
15458 getdents64(3, 0x55dc4a143b70 /* 4 entries */, 32768) = 136
15458 getdents64(3, 0x55dc4a143b70 /* 0 entries */, 32768) = 0
15458 close(3)                          = 0
15458 write(1, "intel_vsec             28672  2 "..., 72) = 72
15458 openat(AT_FDCWD, "/sys/module/rapl/refcnt", O_RDONLY|O_CLOEXEC) = 3
15458 read(3, "0\n", 31)                = 2
15458 read(3, "", 29)                   = 0
15458 close(3)                          = 0
15458 openat(AT_FDCWD, "/sys/module/rapl", O_RDONLY|O_CLOEXEC) = 3
15458 openat(3, "coresize", O_RDONLY|O_CLOEXEC) = 4
15458 read(4, "20480\n", 31)            = 6
15458 read(4, "", 25)                   = 0
15458 close(4)                          = 0
15458 close(3)                          = 0
15458 openat(AT_FDCWD, "/sys/module/rapl/holders", O_RDONLY|O_NONBLOCK|O_CLOEXEC|O_DIRECTORY) = 3
15458 fstat(3, {st_mode=S_IFDIR|0755, st_size=0, ...}) = 0
15458 getdents64(3, 0x55dc4a143b70 /* 2 entries */, 32768) = 48
15458 getdents64(3, 0x55dc4a143b70 /* 0 entries */, 32768) = 0
15458 close(3)                          = 0
15458 write(1, "rapl                   20480  0\n", 32) = 32
15458 openat(AT_FDCWD, "/sys/module/joydev/refcnt", O_RDONLY|O_CLOEXEC) = 3
15458 read(3, "0\n", 31)                = 2
15458 read(3, "", 29)                   = 0
15458 close(3)                          = 0
15458 openat(AT_FDCWD, "/sys/module/joydev", O_RDONLY|O_CLOEXEC) = 3
15458 openat(3, "coresize", O_RDONLY|O_CLOEXEC) = 4
15458 read(4, "32768\n", 31)            = 6
15458 read(4, "", 25)                   = 0
15458 close(4)                          = 0
15458 close(3)                          = 0
15458 openat(AT_FDCWD, "/sys/module/joydev/holders", O_RDONLY|O_NONBLOCK|O_CLOEXEC|O_DIRECTORY) = 3
15458 fstat(3, {st_mode=S_IFDIR|0755, st_size=0, ...}) = 0
15458 getdents64(3, 0x55dc4a143b70 /* 2 entries */, 32768) = 48
15458 getdents64(3, 0x55dc4a143b70 /* 0 entries */, 32768) = 0
15458 close(3)                          = 0
15458 write(1, "joydev                 32768  0\n", 32) = 32
15458 openat(AT_FDCWD, "/sys/module/snd_intel8x0/refcnt", O_RDONLY|O_CLOEXEC) = 3
15458 read(3, "1\n", 31)                = 2
15458 read(3, "", 29)                   = 0
15458 close(3)                          = 0
15458 openat(AT_FDCWD, "/sys/module/snd_intel8x0", O_RDONLY|O_CLOEXEC) = 3
15458 openat(3, "coresize", O_RDONLY|O_CLOEXEC) = 4
15458 read(4, "57344\n", 31)            = 6
15458 read(4, "", 25)                   = 0
15458 close(4)                          = 0
15458 close(3)                          = 0
15458 openat(AT_FDCWD, "/sys/module/snd_intel8x0/holders", O_RDONLY|O_NONBLOCK|O_CLOEXEC|O_DIRECTORY) = 3
15458 fstat(3, {st_mode=S_IFDIR|0755, st_size=0, ...}) = 0
15458 getdents64(3, 0x55dc4a143b70 /* 2 entries */, 32768) = 48
15458 getdents64(3, 0x55dc4a143b70 /* 0 entries */, 32768) = 0
15458 close(3)                          = 0
15458 write(1, "snd_intel8x0           57344  1\n", 32) = 32
15458 openat(AT_FDCWD, "/sys/module/snd_ac97_codec/refcnt", O_RDONLY|O_CLOEXEC) = 3
15458 read(3, "1\n", 31)                = 2
15458 read(3, "", 29)                   = 0
15458 close(3)                          = 0
15458 openat(AT_FDCWD, "/sys/module/snd_ac97_codec", O_RDONLY|O_CLOEXEC) = 3
15458 openat(3, "coresize", O_RDONLY|O_CLOEXEC) = 4
15458 read(4, "221184\n", 31)           = 7
15458 read(4, "", 24)                   = 0
15458 close(4)                          = 0
15458 close(3)                          = 0
15458 openat(AT_FDCWD, "/sys/module/snd_ac97_codec/holders", O_RDONLY|O_NONBLOCK|O_CLOEXEC|O_DIRECTORY) = 3
15458 fstat(3, {st_mode=S_IFDIR|0755, st_size=0, ...}) = 0
15458 getdents64(3, 0x55dc4a143b70 /* 3 entries */, 32768) = 80
15458 getdents64(3, 0x55dc4a143b70 /* 0 entries */, 32768) = 0
15458 close(3)                          = 0
15458 write(1, "snd_ac97_codec        221184  1 "..., 45) = 45
15458 openat(AT_FDCWD, "/sys/module/ac97_bus/refcnt", O_RDONLY|O_CLOEXEC) = 3
15458 read(3, "1\n", 31)                = 2
15458 read(3, "", 29)                   = 0
15458 close(3)                          = 0
15458 openat(AT_FDCWD, "/sys/module/ac97_bus", O_RDONLY|O_CLOEXEC) = 3
15458 openat(3, "coresize", O_RDONLY|O_CLOEXEC) = 4
15458 read(4, "12288\n", 31)            = 6
15458 read(4, "", 25)                   = 0
15458 close(4)                          = 0
15458 close(3)                          = 0
15458 openat(AT_FDCWD, "/sys/module/ac97_bus/holders", O_RDONLY|O_NONBLOCK|O_CLOEXEC|O_DIRECTORY) = 3
15458 fstat(3, {st_mode=S_IFDIR|0755, st_size=0, ...}) = 0
15458 getdents64(3, 0x55dc4a143b70 /* 3 entries */, 32768) = 88
15458 getdents64(3, 0x55dc4a143b70 /* 0 entries */, 32768) = 0
15458 close(3)                          = 0
15458 write(1, "ac97_bus               12288  1 "..., 47) = 47
15458 openat(AT_FDCWD, "/sys/module/snd_pcm/refcnt", O_RDONLY|O_CLOEXEC) = 3
15458 read(3, "2\n", 31)                = 2
15458 read(3, "", 29)                   = 0
15458 close(3)                          = 0
15458 openat(AT_FDCWD, "/sys/module/snd_pcm", O_RDONLY|O_CLOEXEC) = 3
15458 openat(3, "coresize", O_RDONLY|O_CLOEXEC) = 4
15458 read(4, "212992\n", 31)           = 7
15458 read(4, "", 24)                   = 0
15458 close(4)                          = 0
15458 close(3)                          = 0
15458 openat(AT_FDCWD, "/sys/module/snd_pcm/holders", O_RDONLY|O_NONBLOCK|O_CLOEXEC|O_DIRECTORY) = 3
15458 fstat(3, {st_mode=S_IFDIR|0755, st_size=0, ...}) = 0
15458 getdents64(3, 0x55dc4a143b70 /* 4 entries */, 32768) = 120
15458 getdents64(3, 0x55dc4a143b70 /* 0 entries */, 32768) = 0
15458 close(3)                          = 0
15458 write(1, "snd_pcm               212992  2 "..., 60) = 60
15458 openat(AT_FDCWD, "/sys/module/pcspkr/refcnt", O_RDONLY|O_CLOEXEC) = 3
15458 read(3, "0\n", 31)                = 2
15458 read(3, "", 29)                   = 0
15458 close(3)                          = 0
15458 openat(AT_FDCWD, "/sys/module/pcspkr", O_RDONLY|O_CLOEXEC) = 3
15458 openat(3, "coresize", O_RDONLY|O_CLOEXEC) = 4
15458 read(4, "12288\n", 31)            = 6
15458 read(4, "", 25)                   = 0
15458 close(4)                          = 0
15458 close(3)                          = 0
15458 openat(AT_FDCWD, "/sys/module/pcspkr/holders", O_RDONLY|O_NONBLOCK|O_CLOEXEC|O_DIRECTORY) = 3
15458 fstat(3, {st_mode=S_IFDIR|0755, st_size=0, ...}) = 0
15458 getdents64(3, 0x55dc4a143b70 /* 2 entries */, 32768) = 48
15458 getdents64(3, 0x55dc4a143b70 /* 0 entries */, 32768) = 0
15458 close(3)                          = 0
15458 write(1, "pcspkr                 12288  0\n", 32) = 32
15458 openat(AT_FDCWD, "/sys/module/snd_timer/refcnt", O_RDONLY|O_CLOEXEC) = 3
15458 read(3, "3\n", 31)                = 2
15458 read(3, "", 29)                   = 0
15458 close(3)                          = 0
15458 openat(AT_FDCWD, "/sys/module/snd_timer", O_RDONLY|O_CLOEXEC) = 3
15458 openat(3, "coresize", O_RDONLY|O_CLOEXEC) = 4
15458 read(4, "49152\n", 31)            = 6
15458 read(4, "", 25)                   = 0
15458 close(4)                          = 0
15458 close(3)                          = 0
15458 openat(AT_FDCWD, "/sys/module/snd_timer/holders", O_RDONLY|O_NONBLOCK|O_CLOEXEC|O_DIRECTORY) = 3
15458 fstat(3, {st_mode=S_IFDIR|0755, st_size=0, ...}) = 0
15458 getdents64(3, 0x55dc4a143b70 /* 5 entries */, 32768) = 144
15458 getdents64(3, 0x55dc4a143b70 /* 0 entries */, 32768) = 0
15458 close(3)                          = 0
15458 write(1, "snd_timer              49152  3 "..., 60) = 60
15458 openat(AT_FDCWD, "/sys/module/snd/refcnt", O_RDONLY|O_CLOEXEC) = 3
15458 read(3, "10\n", 31)               = 3
15458 read(3, "", 28)                   = 0
15458 close(3)                          = 0
15458 openat(AT_FDCWD, "/sys/module/snd", O_RDONLY|O_CLOEXEC) = 3
15458 openat(3, "coresize", O_RDONLY|O_CLOEXEC) = 4
15458 read(4, "159744\n", 31)           = 7
15458 read(4, "", 24)                   = 0
15458 close(4)                          = 0
15458 close(3)                          = 0
15458 openat(AT_FDCWD, "/sys/module/snd/holders", O_RDONLY|O_NONBLOCK|O_CLOEXEC|O_DIRECTORY) = 3
15458 fstat(3, {st_mode=S_IFDIR|0755, st_size=0, ...}) = 0
15458 getdents64(3, 0x55dc4a143b70 /* 8 entries */, 32768) = 256
15458 getdents64(3, 0x55dc4a143b70 /* 0 entries */, 32768) = 0
15458 close(3)                          = 0
15458 write(1, "snd                   159744  10"..., 102) = 102
15458 openat(AT_FDCWD, "/sys/module/vboxguest/refcnt", O_RDONLY|O_CLOEXEC) = 3
15458 read(3, "7\n", 31)                = 2
15458 read(3, "", 29)                   = 0
15458 close(3)                          = 0
15458 openat(AT_FDCWD, "/sys/module/vboxguest", O_RDONLY|O_CLOEXEC) = 3
15458 openat(3, "coresize", O_RDONLY|O_CLOEXEC) = 4
15458 read(4, "53248\n", 31)            = 6
15458 read(4, "", 25)                   = 0
15458 close(4)                          = 0
15458 close(3)                          = 0
15458 openat(AT_FDCWD, "/sys/module/vboxguest/holders", O_RDONLY|O_NONBLOCK|O_CLOEXEC|O_DIRECTORY) = 3
15458 fstat(3, {st_mode=S_IFDIR|0755, st_size=0, ...}) = 0
15458 getdents64(3, 0x55dc4a143b70 /* 3 entries */, 32768) = 80
15458 getdents64(3, 0x55dc4a143b70 /* 0 entries */, 32768) = 0
15458 close(3)                          = 0
15458 write(1, "vboxguest              53248  7 "..., 39) = 39
15458 openat(AT_FDCWD, "/sys/module/soundcore/refcnt", O_RDONLY|O_CLOEXEC) = 3
15458 read(3, "1\n", 31)                = 2
15458 read(3, "", 29)                   = 0
15458 close(3)                          = 0
15458 openat(AT_FDCWD, "/sys/module/soundcore", O_RDONLY|O_CLOEXEC) = 3
15458 openat(3, "coresize", O_RDONLY|O_CLOEXEC) = 4
15458 read(4, "16384\n", 31)            = 6
15458 read(4, "", 25)                   = 0
15458 close(4)                          = 0
15458 close(3)                          = 0
15458 openat(AT_FDCWD, "/sys/module/soundcore/holders", O_RDONLY|O_NONBLOCK|O_CLOEXEC|O_DIRECTORY) = 3
15458 fstat(3, {st_mode=S_IFDIR|0755, st_size=0, ...}) = 0
15458 getdents64(3, 0x55dc4a143b70 /* 3 entries */, 32768) = 72
15458 getdents64(3, 0x55dc4a143b70 /* 0 entries */, 32768) = 0
15458 close(3)                          = 0
15458 write(1, "soundcore              16384  1 "..., 36) = 36
15458 openat(AT_FDCWD, "/sys/module/ac/refcnt", O_RDONLY|O_CLOEXEC) = 3
15458 read(3, "0\n", 31)                = 2
15458 read(3, "", 29)                   = 0
15458 close(3)                          = 0
15458 openat(AT_FDCWD, "/sys/module/ac", O_RDONLY|O_CLOEXEC) = 3
15458 openat(3, "coresize", O_RDONLY|O_CLOEXEC) = 4
15458 read(4, "16384\n", 31)            = 6
15458 read(4, "", 25)                   = 0
15458 close(4)                          = 0
15458 close(3)                          = 0
15458 openat(AT_FDCWD, "/sys/module/ac/holders", O_RDONLY|O_NONBLOCK|O_CLOEXEC|O_DIRECTORY) = 3
15458 fstat(3, {st_mode=S_IFDIR|0755, st_size=0, ...}) = 0
15458 getdents64(3, 0x55dc4a143b70 /* 2 entries */, 32768) = 48
15458 getdents64(3, 0x55dc4a143b70 /* 0 entries */, 32768) = 0
15458 close(3)                          = 0
15458 write(1, "ac                     16384  0\n", 32) = 32
15458 openat(AT_FDCWD, "/sys/module/evdev/refcnt", O_RDONLY|O_CLOEXEC) = 3
15458 read(3, "9\n", 31)                = 2
15458 read(3, "", 29)                   = 0
15458 close(3)                          = 0
15458 openat(AT_FDCWD, "/sys/module/evdev", O_RDONLY|O_CLOEXEC) = 3
15458 openat(3, "coresize", O_RDONLY|O_CLOEXEC) = 4
15458 read(4, "32768\n", 31)            = 6
15458 read(4, "", 25)                   = 0
15458 close(4)                          = 0
15458 close(3)                          = 0
15458 openat(AT_FDCWD, "/sys/module/evdev/holders", O_RDONLY|O_NONBLOCK|O_CLOEXEC|O_DIRECTORY) = 3
15458 fstat(3, {st_mode=S_IFDIR|0755, st_size=0, ...}) = 0
15458 getdents64(3, 0x55dc4a143b70 /* 2 entries */, 32768) = 48
15458 getdents64(3, 0x55dc4a143b70 /* 0 entries */, 32768) = 0
15458 close(3)                          = 0
15458 write(1, "evdev                  32768  9\n", 32) = 32
15458 openat(AT_FDCWD, "/sys/module/sg/refcnt", O_RDONLY|O_CLOEXEC) = 3
15458 read(3, "0\n", 31)                = 2
15458 read(3, "", 29)                   = 0
15458 close(3)                          = 0
15458 openat(AT_FDCWD, "/sys/module/sg", O_RDONLY|O_CLOEXEC) = 3
15458 openat(3, "coresize", O_RDONLY|O_CLOEXEC) = 4
15458 read(4, "45056\n", 31)            = 6
15458 read(4, "", 25)                   = 0
15458 close(4)                          = 0
15458 close(3)                          = 0
15458 openat(AT_FDCWD, "/sys/module/sg/holders", O_RDONLY|O_NONBLOCK|O_CLOEXEC|O_DIRECTORY) = 3
15458 fstat(3, {st_mode=S_IFDIR|0755, st_size=0, ...}) = 0
15458 getdents64(3, 0x55dc4a143b70 /* 2 entries */, 32768) = 48
15458 getdents64(3, 0x55dc4a143b70 /* 0 entries */, 32768) = 0
15458 close(3)                          = 0
15458 write(1, "sg                     45056  0\n", 32) = 32
15458 openat(AT_FDCWD, "/sys/module/efi_pstore/refcnt", O_RDONLY|O_CLOEXEC) = 3
15458 read(3, "0\n", 31)                = 2
15458 read(3, "", 29)                   = 0
15458 close(3)                          = 0
15458 openat(AT_FDCWD, "/sys/module/efi_pstore", O_RDONLY|O_CLOEXEC) = 3
15458 openat(3, "coresize", O_RDONLY|O_CLOEXEC) = 4
15458 read(4, "12288\n", 31)            = 6
15458 read(4, "", 25)                   = 0
15458 close(4)                          = 0
15458 close(3)                          = 0
15458 openat(AT_FDCWD, "/sys/module/efi_pstore/holders", O_RDONLY|O_NONBLOCK|O_CLOEXEC|O_DIRECTORY) = 3
15458 fstat(3, {st_mode=S_IFDIR|0755, st_size=0, ...}) = 0
15458 getdents64(3, 0x55dc4a143b70 /* 2 entries */, 32768) = 48
15458 getdents64(3, 0x55dc4a143b70 /* 0 entries */, 32768) = 0
15458 close(3)                          = 0
15458 write(1, "efi_pstore             12288  0\n", 32) = 32
15458 openat(AT_FDCWD, "/sys/module/configfs/refcnt", O_RDONLY|O_CLOEXEC) = 3
15458 read(3, "1\n", 31)                = 2
15458 read(3, "", 29)                   = 0
15458 close(3)                          = 0
15458 openat(AT_FDCWD, "/sys/module/configfs", O_RDONLY|O_CLOEXEC) = 3
15458 openat(3, "coresize", O_RDONLY|O_CLOEXEC) = 4
15458 read(4, "65536\n", 31)            = 6
15458 read(4, "", 25)                   = 0
15458 close(4)                          = 0
15458 close(3)                          = 0
15458 openat(AT_FDCWD, "/sys/module/configfs/holders", O_RDONLY|O_NONBLOCK|O_CLOEXEC|O_DIRECTORY) = 3
15458 fstat(3, {st_mode=S_IFDIR|0755, st_size=0, ...}) = 0
15458 getdents64(3, 0x55dc4a143b70 /* 2 entries */, 32768) = 48
15458 getdents64(3, 0x55dc4a143b70 /* 0 entries */, 32768) = 0
15458 close(3)                          = 0
15458 write(1, "configfs               65536  1\n", 32) = 32
15458 openat(AT_FDCWD, "/sys/module/nfnetlink/refcnt", O_RDONLY|O_CLOEXEC) = 3
15458 read(3, "5\n", 31)                = 2
15458 read(3, "", 29)                   = 0
15458 close(3)                          = 0
15458 openat(AT_FDCWD, "/sys/module/nfnetlink", O_RDONLY|O_CLOEXEC) = 3
15458 openat(3, "coresize", O_RDONLY|O_CLOEXEC) = 4
15458 read(4, "20480\n", 31)            = 6
15458 read(4, "", 25)                   = 0
15458 close(4)                          = 0
15458 close(3)                          = 0
15458 openat(AT_FDCWD, "/sys/module/nfnetlink/holders", O_RDONLY|O_NONBLOCK|O_CLOEXEC|O_DIRECTORY) = 3
15458 fstat(3, {st_mode=S_IFDIR|0755, st_size=0, ...}) = 0
15458 getdents64(3, 0x55dc4a143b70 /* 5 entries */, 32768) = 144
15458 getdents64(3, 0x55dc4a143b70 /* 0 entries */, 32768) = 0
15458 close(3)                          = 0
15458 write(1, "nfnetlink              20480  5 "..., 60) = 60
15458 openat(AT_FDCWD, "/sys/module/vsock_loopback/refcnt", O_RDONLY|O_CLOEXEC) = 3
15458 read(3, "0\n", 31)                = 2
15458 read(3, "", 29)                   = 0
15458 close(3)                          = 0
15458 openat(AT_FDCWD, "/sys/module/vsock_loopback", O_RDONLY|O_CLOEXEC) = 3
15458 openat(3, "coresize", O_RDONLY|O_CLOEXEC) = 4
15458 read(4, "12288\n", 31)            = 6
15458 read(4, "", 25)                   = 0
15458 close(4)                          = 0
15458 close(3)                          = 0
15458 openat(AT_FDCWD, "/sys/module/vsock_loopback/holders", O_RDONLY|O_NONBLOCK|O_CLOEXEC|O_DIRECTORY) = 3
15458 fstat(3, {st_mode=S_IFDIR|0755, st_size=0, ...}) = 0
15458 getdents64(3, 0x55dc4a143b70 /* 2 entries */, 32768) = 48
15458 getdents64(3, 0x55dc4a143b70 /* 0 entries */, 32768) = 0
15458 close(3)                          = 0
15458 write(1, "vsock_loopback         12288  0\n", 32) = 32
15458 openat(AT_FDCWD, "/sys/module/vmw_vsock_virtio_transport_common/refcnt", O_RDONLY|O_CLOEXEC) = 3
15458 read(3, "1\n", 31)                = 2
15458 read(3, "", 29)                   = 0
15458 close(3)                          = 0
15458 openat(AT_FDCWD, "/sys/module/vmw_vsock_virtio_transport_common", O_RDONLY|O_CLOEXEC) = 3
15458 openat(3, "coresize", O_RDONLY|O_CLOEXEC) = 4
15458 read(4, "57344\n", 31)            = 6
15458 read(4, "", 25)                   = 0
15458 close(4)                          = 0
15458 close(3)                          = 0
15458 openat(AT_FDCWD, "/sys/module/vmw_vsock_virtio_transport_common/holders", O_RDONLY|O_NONBLOCK|O_CLOEXEC|O_DIRECTORY) = 3
15458 fstat(3, {st_mode=S_IFDIR|0755, st_size=0, ...}) = 0
15458 getdents64(3, 0x55dc4a143b70 /* 3 entries */, 32768) = 88
15458 getdents64(3, 0x55dc4a143b70 /* 0 entries */, 32768) = 0
15458 close(3)                          = 0
15458 write(1, "vmw_vsock_virtio_transport_commo"..., 61) = 61
15458 openat(AT_FDCWD, "/sys/module/vmw_vsock_vmci_transport/refcnt", O_RDONLY|O_CLOEXEC) = 3
15458 read(3, "0\n", 31)                = 2
15458 read(3, "", 29)                   = 0
15458 close(3)                          = 0
15458 openat(AT_FDCWD, "/sys/module/vmw_vsock_vmci_transport", O_RDONLY|O_CLOEXEC) = 3
15458 openat(3, "coresize", O_RDONLY|O_CLOEXEC) = 4
15458 read(4, "49152\n", 31)            = 6
15458 read(4, "", 25)                   = 0
15458 close(4)                          = 0
15458 close(3)                          = 0
15458 openat(AT_FDCWD, "/sys/module/vmw_vsock_vmci_transport/holders", O_RDONLY|O_NONBLOCK|O_CLOEXEC|O_DIRECTORY) = 3
15458 fstat(3, {st_mode=S_IFDIR|0755, st_size=0, ...}) = 0
15458 getdents64(3, 0x55dc4a143b70 /* 2 entries */, 32768) = 48
15458 getdents64(3, 0x55dc4a143b70 /* 0 entries */, 32768) = 0
15458 close(3)                          = 0
15458 write(1, "vmw_vsock_vmci_transport    4915"..., 37) = 37
15458 openat(AT_FDCWD, "/sys/module/vsock/refcnt", O_RDONLY|O_CLOEXEC) = 3
15458 read(3, "3\n", 31)                = 2
15458 read(3, "", 29)                   = 0
15458 close(3)                          = 0
15458 openat(AT_FDCWD, "/sys/module/vsock", O_RDONLY|O_CLOEXEC) = 3
15458 openat(3, "coresize", O_RDONLY|O_CLOEXEC) = 4
15458 read(4, "69632\n", 31)            = 6
15458 read(4, "", 25)                   = 0
15458 close(4)                          = 0
15458 close(3)                          = 0
15458 openat(AT_FDCWD, "/sys/module/vsock/holders", O_RDONLY|O_NONBLOCK|O_CLOEXEC|O_DIRECTORY) = 3
15458 fstat(3, {st_mode=S_IFDIR|0755, st_size=0, ...}) = 0
15458 getdents64(3, 0x55dc4a143b70 /* 5 entries */, 32768) = 192
15458 getdents64(3, 0x55dc4a143b70 /* 0 entries */, 32768) = 0
15458 close(3)                          = 0
15458 write(1, "vsock                  69632  3 "..., 106) = 106
15458 openat(AT_FDCWD, "/sys/module/vmw_vmci/refcnt", O_RDONLY|O_CLOEXEC) = 3
15458 read(3, "1\n", 31)                = 2
15458 read(3, "", 29)                   = 0
15458 close(3)                          = 0
15458 openat(AT_FDCWD, "/sys/module/vmw_vmci", O_RDONLY|O_CLOEXEC) = 3
15458 openat(3, "coresize", O_RDONLY|O_CLOEXEC) = 4
15458 read(4, "102400\n", 31)           = 7
15458 read(4, "", 24)                   = 0
15458 close(4)                          = 0
15458 close(3)                          = 0
15458 openat(AT_FDCWD, "/sys/module/vmw_vmci/holders", O_RDONLY|O_NONBLOCK|O_CLOEXEC|O_DIRECTORY) = 3
15458 fstat(3, {st_mode=S_IFDIR|0755, st_size=0, ...}) = 0
15458 getdents64(3, 0x55dc4a143b70 /* 3 entries */, 32768) = 96
15458 getdents64(3, 0x55dc4a143b70 /* 0 entries */, 32768) = 0
15458 close(3)                          = 0
15458 write(1, "vmw_vmci              102400  1 "..., 57) = 57
15458 openat(AT_FDCWD, "/sys/module/autofs4/refcnt", O_RDONLY|O_CLOEXEC) = 3
15458 read(3, "2\n", 31)                = 2
15458 read(3, "", 29)                   = 0
15458 close(3)                          = 0
15458 openat(AT_FDCWD, "/sys/module/autofs4", O_RDONLY|O_CLOEXEC) = 3
15458 openat(3, "coresize", O_RDONLY|O_CLOEXEC) = 4
15458 read(4, "61440\n", 31)            = 6
15458 read(4, "", 25)                   = 0
15458 close(4)                          = 0
15458 close(3)                          = 0
15458 openat(AT_FDCWD, "/sys/module/autofs4/holders", O_RDONLY|O_NONBLOCK|O_CLOEXEC|O_DIRECTORY) = 3
15458 fstat(3, {st_mode=S_IFDIR|0755, st_size=0, ...}) = 0
15458 getdents64(3, 0x55dc4a143b70 /* 2 entries */, 32768) = 48
15458 getdents64(3, 0x55dc4a143b70 /* 0 entries */, 32768) = 0
15458 close(3)                          = 0
15458 write(1, "autofs4                61440  2\n", 32) = 32
15458 openat(AT_FDCWD, "/sys/module/ext4/refcnt", O_RDONLY|O_CLOEXEC) = 3
15458 read(3, "1\n", 31)                = 2
15458 read(3, "", 29)                   = 0
15458 close(3)                          = 0
15458 openat(AT_FDCWD, "/sys/module/ext4", O_RDONLY|O_CLOEXEC) = 3
15458 openat(3, "coresize", O_RDONLY|O_CLOEXEC) = 4
15458 read(4, "1257472\n", 31)          = 8
15458 read(4, "", 23)                   = 0
15458 close(4)                          = 0
15458 close(3)                          = 0
15458 openat(AT_FDCWD, "/sys/module/ext4/holders", O_RDONLY|O_NONBLOCK|O_CLOEXEC|O_DIRECTORY) = 3
15458 fstat(3, {st_mode=S_IFDIR|0755, st_size=0, ...}) = 0
15458 getdents64(3, 0x55dc4a143b70 /* 2 entries */, 32768) = 48
15458 getdents64(3, 0x55dc4a143b70 /* 0 entries */, 32768) = 0
15458 close(3)                          = 0
15458 write(1, "ext4                 1257472  1\n", 32) = 32
15458 openat(AT_FDCWD, "/sys/module/crc16/refcnt", O_RDONLY|O_CLOEXEC) = 3
15458 read(3, "1\n", 31)                = 2
15458 read(3, "", 29)                   = 0
15458 close(3)                          = 0
15458 openat(AT_FDCWD, "/sys/module/crc16", O_RDONLY|O_CLOEXEC) = 3
15458 openat(3, "coresize", O_RDONLY|O_CLOEXEC) = 4
15458 read(4, "12288\n", 31)            = 6
15458 read(4, "", 25)                   = 0
15458 close(4)                          = 0
15458 close(3)                          = 0
15458 openat(AT_FDCWD, "/sys/module/crc16/holders", O_RDONLY|O_NONBLOCK|O_CLOEXEC|O_DIRECTORY) = 3
15458 fstat(3, {st_mode=S_IFDIR|0755, st_size=0, ...}) = 0
15458 getdents64(3, 0x55dc4a143b70 /* 3 entries */, 32768) = 72
15458 getdents64(3, 0x55dc4a143b70 /* 0 entries */, 32768) = 0
15458 close(3)                          = 0
15458 write(1, "crc16                  12288  1 "..., 37) = 37
15458 openat(AT_FDCWD, "/sys/module/mbcache/refcnt", O_RDONLY|O_CLOEXEC) = 3
15458 read(3, "1\n", 31)                = 2
15458 read(3, "", 29)                   = 0
15458 close(3)                          = 0
15458 openat(AT_FDCWD, "/sys/module/mbcache", O_RDONLY|O_CLOEXEC) = 3
15458 openat(3, "coresize", O_RDONLY|O_CLOEXEC) = 4
15458 read(4, "20480\n", 31)            = 6
15458 read(4, "", 25)                   = 0
15458 close(4)                          = 0
15458 close(3)                          = 0
15458 openat(AT_FDCWD, "/sys/module/mbcache/holders", O_RDONLY|O_NONBLOCK|O_CLOEXEC|O_DIRECTORY) = 3
15458 fstat(3, {st_mode=S_IFDIR|0755, st_size=0, ...}) = 0
15458 getdents64(3, 0x55dc4a143b70 /* 3 entries */, 32768) = 72
15458 getdents64(3, 0x55dc4a143b70 /* 0 entries */, 32768) = 0
15458 close(3)                          = 0
15458 write(1, "mbcache                20480  1 "..., 37) = 37
15458 openat(AT_FDCWD, "/sys/module/jbd2/refcnt", O_RDONLY|O_CLOEXEC) = 3
15458 read(3, "1\n", 31)                = 2
15458 read(3, "", 29)                   = 0
15458 close(3)                          = 0
15458 openat(AT_FDCWD, "/sys/module/jbd2", O_RDONLY|O_CLOEXEC) = 3
15458 openat(3, "coresize", O_RDONLY|O_CLOEXEC) = 4
15458 read(4, "196608\n", 31)           = 7
15458 read(4, "", 24)                   = 0
15458 close(4)                          = 0
15458 close(3)                          = 0
15458 openat(AT_FDCWD, "/sys/module/jbd2/holders", O_RDONLY|O_NONBLOCK|O_CLOEXEC|O_DIRECTORY) = 3
15458 fstat(3, {st_mode=S_IFDIR|0755, st_size=0, ...}) = 0
15458 getdents64(3, 0x55dc4a143b70 /* 3 entries */, 32768) = 72
15458 getdents64(3, 0x55dc4a143b70 /* 0 entries */, 32768) = 0
15458 close(3)                          = 0
15458 write(1, "jbd2                  196608  1 "..., 37) = 37
15458 openat(AT_FDCWD, "/sys/module/crc32c_cryptoapi/refcnt", O_RDONLY|O_CLOEXEC) = 3
15458 read(3, "0\n", 31)                = 2
15458 read(3, "", 29)                   = 0
15458 close(3)                          = 0
15458 openat(AT_FDCWD, "/sys/module/crc32c_cryptoapi", O_RDONLY|O_CLOEXEC) = 3
15458 openat(3, "coresize", O_RDONLY|O_CLOEXEC) = 4
15458 read(4, "12288\n", 31)            = 6
15458 read(4, "", 25)                   = 0
15458 close(4)                          = 0
15458 close(3)                          = 0
15458 openat(AT_FDCWD, "/sys/module/crc32c_cryptoapi/holders", O_RDONLY|O_NONBLOCK|O_CLOEXEC|O_DIRECTORY) = 3
15458 fstat(3, {st_mode=S_IFDIR|0755, st_size=0, ...}) = 0
15458 getdents64(3, 0x55dc4a143b70 /* 2 entries */, 32768) = 48
15458 getdents64(3, 0x55dc4a143b70 /* 0 entries */, 32768) = 0
15458 close(3)                          = 0
15458 write(1, "crc32c_cryptoapi       12288  0\n", 32) = 32
15458 openat(AT_FDCWD, "/sys/module/sr_mod/refcnt", O_RDONLY|O_CLOEXEC) = 3
15458 read(3, "0\n", 31)                = 2
15458 read(3, "", 29)                   = 0
15458 close(3)                          = 0
15458 openat(AT_FDCWD, "/sys/module/sr_mod", O_RDONLY|O_CLOEXEC) = 3
15458 openat(3, "coresize", O_RDONLY|O_CLOEXEC) = 4
15458 read(4, "28672\n", 31)            = 6
15458 read(4, "", 25)                   = 0
15458 close(4)                          = 0
15458 close(3)                          = 0
15458 openat(AT_FDCWD, "/sys/module/sr_mod/holders", O_RDONLY|O_NONBLOCK|O_CLOEXEC|O_DIRECTORY) = 3
15458 fstat(3, {st_mode=S_IFDIR|0755, st_size=0, ...}) = 0
15458 getdents64(3, 0x55dc4a143b70 /* 2 entries */, 32768) = 48
15458 getdents64(3, 0x55dc4a143b70 /* 0 entries */, 32768) = 0
15458 close(3)                          = 0
15458 write(1, "sr_mod                 28672  0\n", 32) = 32
15458 openat(AT_FDCWD, "/sys/module/vmwgfx/refcnt", O_RDONLY|O_CLOEXEC) = 3
15458 read(3, "2\n", 31)                = 2
15458 read(3, "", 29)                   = 0
15458 close(3)                          = 0
15458 openat(AT_FDCWD, "/sys/module/vmwgfx", O_RDONLY|O_CLOEXEC) = 3
15458 openat(3, "coresize", O_RDONLY|O_CLOEXEC) = 4
15458 read(4, "487424\n", 31)           = 7
15458 read(4, "", 24)                   = 0
15458 close(4)                          = 0
15458 close(3)                          = 0
15458 openat(AT_FDCWD, "/sys/module/vmwgfx/holders", O_RDONLY|O_NONBLOCK|O_CLOEXEC|O_DIRECTORY) = 3
15458 fstat(3, {st_mode=S_IFDIR|0755, st_size=0, ...}) = 0
15458 getdents64(3, 0x55dc4a143b70 /* 2 entries */, 32768) = 48
15458 getdents64(3, 0x55dc4a143b70 /* 0 entries */, 32768) = 0
15458 close(3)                          = 0
15458 write(1, "vmwgfx                487424  2\n", 32) = 32
15458 openat(AT_FDCWD, "/sys/module/cdrom/refcnt", O_RDONLY|O_CLOEXEC) = 3
15458 read(3, "1\n", 31)                = 2
15458 read(3, "", 29)                   = 0
15458 close(3)                          = 0
15458 openat(AT_FDCWD, "/sys/module/cdrom", O_RDONLY|O_CLOEXEC) = 3
15458 openat(3, "coresize", O_RDONLY|O_CLOEXEC) = 4
15458 read(4, "86016\n", 31)            = 6
15458 read(4, "", 25)                   = 0
15458 close(4)                          = 0
15458 close(3)                          = 0
15458 openat(AT_FDCWD, "/sys/module/cdrom/holders", O_RDONLY|O_NONBLOCK|O_CLOEXEC|O_DIRECTORY) = 3
15458 fstat(3, {st_mode=S_IFDIR|0755, st_size=0, ...}) = 0
15458 getdents64(3, 0x55dc4a143b70 /* 3 entries */, 32768) = 80
15458 getdents64(3, 0x55dc4a143b70 /* 0 entries */, 32768) = 0
15458 close(3)                          = 0
15458 write(1, "cdrom                  86016  1 "..., 39) = 39
15458 openat(AT_FDCWD, "/sys/module/sd_mod/refcnt", O_RDONLY|O_CLOEXEC) = 3
15458 read(3, "1\n", 31)                = 2
15458 read(3, "", 29)                   = 0
15458 close(3)                          = 0
15458 openat(AT_FDCWD, "/sys/module/sd_mod", O_RDONLY|O_CLOEXEC) = 3
15458 openat(3, "coresize", O_RDONLY|O_CLOEXEC) = 4
15458 read(4, "94208\n", 31)            = 6
15458 read(4, "", 25)                   = 0
15458 close(4)                          = 0
15458 close(3)                          = 0
15458 openat(AT_FDCWD, "/sys/module/sd_mod/holders", O_RDONLY|O_NONBLOCK|O_CLOEXEC|O_DIRECTORY) = 3
15458 fstat(3, {st_mode=S_IFDIR|0755, st_size=0, ...}) = 0
15458 getdents64(3, 0x55dc4a143b70 /* 2 entries */, 32768) = 48
15458 getdents64(3, 0x55dc4a143b70 /* 0 entries */, 32768) = 0
15458 close(3)                          = 0
15458 write(1, "sd_mod                 94208  1\n", 32) = 32
15458 openat(AT_FDCWD, "/sys/module/ata_generic/refcnt", O_RDONLY|O_CLOEXEC) = 3
15458 read(3, "0\n", 31)                = 2
15458 read(3, "", 29)                   = 0
15458 close(3)                          = 0
15458 openat(AT_FDCWD, "/sys/module/ata_generic", O_RDONLY|O_CLOEXEC) = 3
15458 openat(3, "coresize", O_RDONLY|O_CLOEXEC) = 4
15458 read(4, "12288\n", 31)            = 6
15458 read(4, "", 25)                   = 0
15458 close(4)                          = 0
15458 close(3)                          = 0
15458 openat(AT_FDCWD, "/sys/module/ata_generic/holders", O_RDONLY|O_NONBLOCK|O_CLOEXEC|O_DIRECTORY) = 3
15458 fstat(3, {st_mode=S_IFDIR|0755, st_size=0, ...}) = 0
15458 getdents64(3, 0x55dc4a143b70 /* 2 entries */, 32768) = 48
15458 getdents64(3, 0x55dc4a143b70 /* 0 entries */, 32768) = 0
15458 close(3)                          = 0
15458 write(1, "ata_generic            12288  0\n", 32) = 32
15458 openat(AT_FDCWD, "/sys/module/drm_ttm_helper/refcnt", O_RDONLY|O_CLOEXEC) = 3
15458 read(3, "2\n", 31)                = 2
15458 read(3, "", 29)                   = 0
15458 close(3)                          = 0
15458 openat(AT_FDCWD, "/sys/module/drm_ttm_helper", O_RDONLY|O_CLOEXEC) = 3
15458 openat(3, "coresize", O_RDONLY|O_CLOEXEC) = 4
15458 read(4, "20480\n", 31)            = 6
15458 read(4, "", 25)                   = 0
15458 close(4)                          = 0
15458 close(3)                          = 0
15458 openat(AT_FDCWD, "/sys/module/drm_ttm_helper/holders", O_RDONLY|O_NONBLOCK|O_CLOEXEC|O_DIRECTORY) = 3
15458 fstat(3, {st_mode=S_IFDIR|0755, st_size=0, ...}) = 0
15458 getdents64(3, 0x55dc4a143b70 /* 3 entries */, 32768) = 80
15458 getdents64(3, 0x55dc4a143b70 /* 0 entries */, 32768) = 0
15458 close(3)                          = 0
15458 write(1, "drm_ttm_helper         20480  2 "..., 39) = 39
15458 openat(AT_FDCWD, "/sys/module/ttm/refcnt", O_RDONLY|O_CLOEXEC) = 3
15458 read(3, "2\n", 31)                = 2
15458 read(3, "", 29)                   = 0
15458 close(3)                          = 0
15458 openat(AT_FDCWD, "/sys/module/ttm", O_RDONLY|O_CLOEXEC) = 3
15458 openat(3, "coresize", O_RDONLY|O_CLOEXEC) = 4
15458 read(4, "135168\n", 31)           = 7
15458 read(4, "", 24)                   = 0
15458 close(4)                          = 0
15458 close(3)                          = 0
15458 openat(AT_FDCWD, "/sys/module/ttm/holders", O_RDONLY|O_NONBLOCK|O_CLOEXEC|O_DIRECTORY) = 3
15458 fstat(3, {st_mode=S_IFDIR|0755, st_size=0, ...}) = 0
15458 getdents64(3, 0x55dc4a143b70 /* 4 entries */, 32768) = 120
15458 getdents64(3, 0x55dc4a143b70 /* 0 entries */, 32768) = 0
15458 close(3)                          = 0
15458 write(1, "ttm                   135168  2 "..., 54) = 54
15458 openat(AT_FDCWD, "/sys/module/ahci/refcnt", O_RDONLY|O_CLOEXEC) = 3
15458 read(3, "1\n", 31)                = 2
15458 read(3, "", 29)                   = 0
15458 close(3)                          = 0
15458 openat(AT_FDCWD, "/sys/module/ahci", O_RDONLY|O_CLOEXEC) = 3
15458 openat(3, "coresize", O_RDONLY|O_CLOEXEC) = 4
15458 read(4, "53248\n", 31)            = 6
15458 read(4, "", 25)                   = 0
15458 close(4)                          = 0
15458 close(3)                          = 0
15458 openat(AT_FDCWD, "/sys/module/ahci/holders", O_RDONLY|O_NONBLOCK|O_CLOEXEC|O_DIRECTORY) = 3
15458 fstat(3, {st_mode=S_IFDIR|0755, st_size=0, ...}) = 0
15458 getdents64(3, 0x55dc4a143b70 /* 2 entries */, 32768) = 48
15458 getdents64(3, 0x55dc4a143b70 /* 0 entries */, 32768) = 0
15458 close(3)                          = 0
15458 write(1, "ahci                   53248  1\n", 32) = 32
15458 openat(AT_FDCWD, "/sys/module/libahci/refcnt", O_RDONLY|O_CLOEXEC) = 3
15458 read(3, "1\n", 31)                = 2
15458 read(3, "", 29)                   = 0
15458 close(3)                          = 0
15458 openat(AT_FDCWD, "/sys/module/libahci", O_RDONLY|O_CLOEXEC) = 3
15458 openat(3, "coresize", O_RDONLY|O_CLOEXEC) = 4
15458 read(4, "61440\n", 31)            = 6
15458 read(4, "", 25)                   = 0
15458 close(4)                          = 0
15458 close(3)                          = 0
15458 openat(AT_FDCWD, "/sys/module/libahci/holders", O_RDONLY|O_NONBLOCK|O_CLOEXEC|O_DIRECTORY) = 3
15458 fstat(3, {st_mode=S_IFDIR|0755, st_size=0, ...}) = 0
15458 getdents64(3, 0x55dc4a143b70 /* 3 entries */, 32768) = 72
15458 getdents64(3, 0x55dc4a143b70 /* 0 entries */, 32768) = 0
15458 close(3)                          = 0
15458 write(1, "libahci                61440  1 "..., 37) = 37
15458 openat(AT_FDCWD, "/sys/module/drm_client_lib/refcnt", O_RDONLY|O_CLOEXEC) = 3
15458 read(3, "1\n", 31)                = 2
15458 read(3, "", 29)                   = 0
15458 close(3)                          = 0
15458 openat(AT_FDCWD, "/sys/module/drm_client_lib", O_RDONLY|O_CLOEXEC) = 3
15458 openat(3, "coresize", O_RDONLY|O_CLOEXEC) = 4
15458 read(4, "16384\n", 31)            = 6
15458 read(4, "", 25)                   = 0
15458 close(4)                          = 0
15458 close(3)                          = 0
15458 openat(AT_FDCWD, "/sys/module/drm_client_lib/holders", O_RDONLY|O_NONBLOCK|O_CLOEXEC|O_DIRECTORY) = 3
15458 fstat(3, {st_mode=S_IFDIR|0755, st_size=0, ...}) = 0
15458 getdents64(3, 0x55dc4a143b70 /* 3 entries */, 32768) = 80
15458 getdents64(3, 0x55dc4a143b70 /* 0 entries */, 32768) = 0
15458 close(3)                          = 0
15458 write(1, "drm_client_lib         16384  1 "..., 39) = 39
15458 openat(AT_FDCWD, "/sys/module/ata_piix/refcnt", O_RDONLY|O_CLOEXEC) = 3
15458 read(3, "0\n", 31)                = 2
15458 read(3, "", 29)                   = 0
15458 close(3)                          = 0
15458 openat(AT_FDCWD, "/sys/module/ata_piix", O_RDONLY|O_CLOEXEC) = 3
15458 openat(3, "coresize", O_RDONLY|O_CLOEXEC) = 4
15458 read(4, "45056\n", 31)            = 6
15458 read(4, "", 25)                   = 0
15458 close(4)                          = 0
15458 close(3)                          = 0
15458 openat(AT_FDCWD, "/sys/module/ata_piix/holders", O_RDONLY|O_NONBLOCK|O_CLOEXEC|O_DIRECTORY) = 3
15458 fstat(3, {st_mode=S_IFDIR|0755, st_size=0, ...}) = 0
15458 getdents64(3, 0x55dc4a143b70 /* 2 entries */, 32768) = 48
15458 getdents64(3, 0x55dc4a143b70 /* 0 entries */, 32768) = 0
15458 close(3)                          = 0
15458 write(1, "ata_piix               45056  0\n", 32) = 32
15458 openat(AT_FDCWD, "/sys/module/ohci_pci/refcnt", O_RDONLY|O_CLOEXEC) = 3
15458 read(3, "0\n", 31)                = 2
15458 read(3, "", 29)                   = 0
15458 close(3)                          = 0
15458 openat(AT_FDCWD, "/sys/module/ohci_pci", O_RDONLY|O_CLOEXEC) = 3
15458 openat(3, "coresize", O_RDONLY|O_CLOEXEC) = 4
15458 read(4, "20480\n", 31)            = 6
15458 read(4, "", 25)                   = 0
15458 close(4)                          = 0
15458 close(3)                          = 0
15458 openat(AT_FDCWD, "/sys/module/ohci_pci/holders", O_RDONLY|O_NONBLOCK|O_CLOEXEC|O_DIRECTORY) = 3
15458 fstat(3, {st_mode=S_IFDIR|0755, st_size=0, ...}) = 0
15458 getdents64(3, 0x55dc4a143b70 /* 2 entries */, 32768) = 48
15458 getdents64(3, 0x55dc4a143b70 /* 0 entries */, 32768) = 0
15458 close(3)                          = 0
15458 write(1, "ohci_pci               20480  0\n", 32) = 32
15458 openat(AT_FDCWD, "/sys/module/drm_kms_helper/refcnt", O_RDONLY|O_CLOEXEC) = 3
15458 read(3, "3\n", 31)                = 2
15458 read(3, "", 29)                   = 0
15458 close(3)                          = 0
15458 openat(AT_FDCWD, "/sys/module/drm_kms_helper", O_RDONLY|O_CLOEXEC) = 3
15458 openat(3, "coresize", O_RDONLY|O_CLOEXEC) = 4
15458 read(4, "249856\n", 31)           = 7
15458 read(4, "", 24)                   = 0
15458 close(4)                          = 0
15458 close(3)                          = 0
15458 openat(AT_FDCWD, "/sys/module/drm_kms_helper/holders", O_RDONLY|O_NONBLOCK|O_CLOEXEC|O_DIRECTORY) = 3
15458 fstat(3, {st_mode=S_IFDIR|0755, st_size=0, ...}) = 0
15458 getdents64(3, 0x55dc4a143b70 /* 5 entries */, 32768) = 160
15458 getdents64(3, 0x55dc4a143b70 /* 0 entries */, 32768) = 0
15458 close(3)                          = 0
15458 write(1, "drm_kms_helper        249856  3 "..., 69) = 69
15458 openat(AT_FDCWD, "/sys/module/ehci_pci/refcnt", O_RDONLY|O_CLOEXEC) = 3
15458 read(3, "0\n", 31)                = 2
15458 read(3, "", 29)                   = 0
15458 close(3)                          = 0
15458 openat(AT_FDCWD, "/sys/module/ehci_pci", O_RDONLY|O_CLOEXEC) = 3
15458 openat(3, "coresize", O_RDONLY|O_CLOEXEC) = 4
15458 read(4, "16384\n", 31)            = 6
15458 read(4, "", 25)                   = 0
15458 close(4)                          = 0
15458 close(3)                          = 0
15458 openat(AT_FDCWD, "/sys/module/ehci_pci/holders", O_RDONLY|O_NONBLOCK|O_CLOEXEC|O_DIRECTORY) = 3
15458 fstat(3, {st_mode=S_IFDIR|0755, st_size=0, ...}) = 0
15458 getdents64(3, 0x55dc4a143b70 /* 2 entries */, 32768) = 48
15458 getdents64(3, 0x55dc4a143b70 /* 0 entries */, 32768) = 0
15458 close(3)                          = 0
15458 write(1, "ehci_pci               16384  0\n", 32) = 32
15458 openat(AT_FDCWD, "/sys/module/ehci_hcd/refcnt", O_RDONLY|O_CLOEXEC) = 3
15458 read(3, "1\n", 31)                = 2
15458 read(3, "", 29)                   = 0
15458 close(3)                          = 0
15458 openat(AT_FDCWD, "/sys/module/ehci_hcd", O_RDONLY|O_CLOEXEC) = 3
15458 openat(3, "coresize", O_RDONLY|O_CLOEXEC) = 4
15458 read(4, "122880\n", 31)           = 7
15458 read(4, "", 24)                   = 0
15458 close(4)                          = 0
15458 close(3)                          = 0
15458 openat(AT_FDCWD, "/sys/module/ehci_hcd/holders", O_RDONLY|O_NONBLOCK|O_CLOEXEC|O_DIRECTORY) = 3
15458 fstat(3, {st_mode=S_IFDIR|0755, st_size=0, ...}) = 0
15458 getdents64(3, 0x55dc4a143b70 /* 3 entries */, 32768) = 80
15458 getdents64(3, 0x55dc4a143b70 /* 0 entries */, 32768) = 0
15458 close(3)                          = 0
15458 write(1, "ehci_hcd              122880  1 "..., 41) = 41
15458 openat(AT_FDCWD, "/sys/module/ohci_hcd/refcnt", O_RDONLY|O_CLOEXEC) = 3
15458 read(3, "1\n", 31)                = 2
15458 read(3, "", 29)                   = 0
15458 close(3)                          = 0
15458 openat(AT_FDCWD, "/sys/module/ohci_hcd", O_RDONLY|O_CLOEXEC) = 3
15458 openat(3, "coresize", O_RDONLY|O_CLOEXEC) = 4
15458 read(4, "73728\n", 31)            = 6
15458 read(4, "", 25)                   = 0
15458 close(4)                          = 0
15458 close(3)                          = 0
15458 openat(AT_FDCWD, "/sys/module/ohci_hcd/holders", O_RDONLY|O_NONBLOCK|O_CLOEXEC|O_DIRECTORY) = 3
15458 fstat(3, {st_mode=S_IFDIR|0755, st_size=0, ...}) = 0
15458 getdents64(3, 0x55dc4a143b70 /* 3 entries */, 32768) = 80
15458 getdents64(3, 0x55dc4a143b70 /* 0 entries */, 32768) = 0
15458 close(3)                          = 0
15458 write(1, "ohci_hcd               73728  1 "..., 41) = 41
15458 openat(AT_FDCWD, "/sys/module/libata/refcnt", O_RDONLY|O_CLOEXEC) = 3
15458 read(3, "4\n", 31)                = 2
15458 read(3, "", 29)                   = 0
15458 close(3)                          = 0
15458 openat(AT_FDCWD, "/sys/module/libata", O_RDONLY|O_CLOEXEC) = 3
15458 openat(3, "coresize", O_RDONLY|O_CLOEXEC) = 4
15458 read(4, "483328\n", 31)           = 7
15458 read(4, "", 24)                   = 0
15458 close(4)                          = 0
15458 close(3)                          = 0
15458 openat(AT_FDCWD, "/sys/module/libata/holders", O_RDONLY|O_NONBLOCK|O_CLOEXEC|O_DIRECTORY) = 3
15458 fstat(3, {st_mode=S_IFDIR|0755, st_size=0, ...}) = 0
15458 getdents64(3, 0x55dc4a143b70 /* 6 entries */, 32768) = 168
15458 getdents64(3, 0x55dc4a143b70 /* 0 entries */, 32768) = 0
15458 close(3)                          = 0
15458 write(1, "libata                483328  4 "..., 66) = 66
15458 openat(AT_FDCWD, "/sys/module/drm/refcnt", O_RDONLY|O_CLOEXEC) = 3
15458 read(3, "8\n", 31)                = 2
15458 read(3, "", 29)                   = 0
15458 close(3)                          = 0
15458 openat(AT_FDCWD, "/sys/module/drm", O_RDONLY|O_CLOEXEC) = 3
15458 openat(3, "coresize", O_RDONLY|O_CLOEXEC) = 4
15458 read(4, "880640\n", 31)           = 7
15458 read(4, "", 24)                   = 0
15458 close(4)                          = 0
15458 close(3)                          = 0
15458 openat(AT_FDCWD, "/sys/module/drm/holders", O_RDONLY|O_NONBLOCK|O_CLOEXEC|O_DIRECTORY) = 3
15458 fstat(3, {st_mode=S_IFDIR|0755, st_size=0, ...}) = 0
15458 getdents64(3, 0x55dc4a143b70 /* 7 entries */, 32768) = 224
15458 getdents64(3, 0x55dc4a143b70 /* 0 entries */, 32768) = 0
15458 close(3)                          = 0
15458 write(1, "drm                   880640  8 "..., 88) = 88
15458 openat(AT_FDCWD, "/sys/module/video/refcnt", O_RDONLY|O_CLOEXEC) = 3
15458 read(3, "0\n", 31)                = 2
15458 read(3, "", 29)                   = 0
15458 close(3)                          = 0
15458 openat(AT_FDCWD, "/sys/module/video", O_RDONLY|O_CLOEXEC) = 3
15458 openat(3, "coresize", O_RDONLY|O_CLOEXEC) = 4
15458 read(4, "81920\n", 31)            = 6
15458 read(4, "", 25)                   = 0
15458 close(4)                          = 0
15458 close(3)                          = 0
15458 openat(AT_FDCWD, "/sys/module/video/holders", O_RDONLY|O_NONBLOCK|O_CLOEXEC|O_DIRECTORY) = 3
15458 fstat(3, {st_mode=S_IFDIR|0755, st_size=0, ...}) = 0
15458 getdents64(3, 0x55dc4a143b70 /* 2 entries */, 32768) = 48
15458 getdents64(3, 0x55dc4a143b70 /* 0 entries */, 32768) = 0
15458 close(3)                          = 0
15458 write(1, "video                  81920  0\n", 32) = 32
15458 openat(AT_FDCWD, "/sys/module/usbcore/refcnt", O_RDONLY|O_CLOEXEC) = 3
15458 read(3, "4\n", 31)                = 2
15458 read(3, "", 29)                   = 0
15458 close(3)                          = 0
15458 openat(AT_FDCWD, "/sys/module/usbcore", O_RDONLY|O_CLOEXEC) = 3
15458 openat(3, "coresize", O_RDONLY|O_CLOEXEC) = 4
15458 read(4, "434176\n", 31)           = 7
15458 read(4, "", 24)                   = 0
15458 close(4)                          = 0
15458 close(3)                          = 0
15458 openat(AT_FDCWD, "/sys/module/usbcore/holders", O_RDONLY|O_NONBLOCK|O_CLOEXEC|O_DIRECTORY) = 3
15458 fstat(3, {st_mode=S_IFDIR|0755, st_size=0, ...}) = 0
15458 getdents64(3, 0x55dc4a143b70 /* 6 entries */, 32768) = 176
15458 getdents64(3, 0x55dc4a143b70 /* 0 entries */, 32768) = 0
15458 close(3)                          = 0
15458 write(1, "usbcore               434176  4 "..., 68) = 68
15458 openat(AT_FDCWD, "/sys/module/psmouse/refcnt", O_RDONLY|O_CLOEXEC) = 3
15458 read(3, "0\n", 31)                = 2
15458 read(3, "", 29)                   = 0
15458 close(3)                          = 0
15458 openat(AT_FDCWD, "/sys/module/psmouse", O_RDONLY|O_CLOEXEC) = 3
15458 openat(3, "coresize", O_RDONLY|O_CLOEXEC) = 4
15458 read(4, "229376\n", 31)           = 7
15458 read(4, "", 24)                   = 0
15458 close(4)                          = 0
15458 close(3)                          = 0
15458 openat(AT_FDCWD, "/sys/module/psmouse/holders", O_RDONLY|O_NONBLOCK|O_CLOEXEC|O_DIRECTORY) = 3
15458 fstat(3, {st_mode=S_IFDIR|0755, st_size=0, ...}) = 0
15458 getdents64(3, 0x55dc4a143b70 /* 2 entries */, 32768) = 48
15458 getdents64(3, 0x55dc4a143b70 /* 0 entries */, 32768) = 0
15458 close(3)                          = 0
15458 write(1, "psmouse               229376  0\n", 32) = 32
15458 openat(AT_FDCWD, "/sys/module/e1000/refcnt", O_RDONLY|O_CLOEXEC) = 3
15458 read(3, "0\n", 31)                = 2
15458 read(3, "", 29)                   = 0
15458 close(3)                          = 0
15458 openat(AT_FDCWD, "/sys/module/e1000", O_RDONLY|O_CLOEXEC) = 3
15458 openat(3, "coresize", O_RDONLY|O_CLOEXEC) = 4
15458 read(4, "188416\n", 31)           = 7
15458 read(4, "", 24)                   = 0
15458 close(4)                          = 0
15458 close(3)                          = 0
15458 openat(AT_FDCWD, "/sys/module/e1000/holders", O_RDONLY|O_NONBLOCK|O_CLOEXEC|O_DIRECTORY) = 3
15458 fstat(3, {st_mode=S_IFDIR|0755, st_size=0, ...}) = 0
15458 getdents64(3, 0x55dc4a143b70 /* 2 entries */, 32768) = 48
15458 getdents64(3, 0x55dc4a143b70 /* 0 entries */, 32768) = 0
15458 close(3)                          = 0
15458 write(1, "e1000                 188416  0\n", 32) = 32
15458 openat(AT_FDCWD, "/sys/module/ghash_clmulni_intel/refcnt", O_RDONLY|O_CLOEXEC) = 3
15458 read(3, "0\n", 31)                = 2
15458 read(3, "", 29)                   = 0
15458 close(3)                          = 0
15458 openat(AT_FDCWD, "/sys/module/ghash_clmulni_intel", O_RDONLY|O_CLOEXEC) = 3
15458 openat(3, "coresize", O_RDONLY|O_CLOEXEC) = 4
15458 read(4, "12288\n", 31)            = 6
15458 read(4, "", 25)                   = 0
15458 close(4)                          = 0
15458 close(3)                          = 0
15458 openat(AT_FDCWD, "/sys/module/ghash_clmulni_intel/holders", O_RDONLY|O_NONBLOCK|O_CLOEXEC|O_DIRECTORY) = 3
15458 fstat(3, {st_mode=S_IFDIR|0755, st_size=0, ...}) = 0
15458 getdents64(3, 0x55dc4a143b70 /* 2 entries */, 32768) = 48
15458 getdents64(3, 0x55dc4a143b70 /* 0 entries */, 32768) = 0
15458 close(3)                          = 0
15458 write(1, "ghash_clmulni_intel    12288  0\n", 32) = 32
15458 openat(AT_FDCWD, "/sys/module/scsi_mod/refcnt", O_RDONLY|O_CLOEXEC) = 3
15458 read(3, "4\n", 31)                = 2
15458 read(3, "", 29)                   = 0
15458 close(3)                          = 0
15458 openat(AT_FDCWD, "/sys/module/scsi_mod", O_RDONLY|O_CLOEXEC) = 3
15458 openat(3, "coresize", O_RDONLY|O_CLOEXEC) = 4
15458 read(4, "327680\n", 31)           = 7
15458 read(4, "", 24)                   = 0
15458 close(4)                          = 0
15458 close(3)                          = 0
15458 openat(AT_FDCWD, "/sys/module/scsi_mod/holders", O_RDONLY|O_NONBLOCK|O_CLOEXEC|O_DIRECTORY) = 3
15458 fstat(3, {st_mode=S_IFDIR|0755, st_size=0, ...}) = 0
15458 getdents64(3, 0x55dc4a143b70 /* 6 entries */, 32768) = 168
15458 getdents64(3, 0x55dc4a143b70 /* 0 entries */, 32768) = 0
15458 close(3)                          = 0
15458 write(1, "scsi_mod              327680  4 "..., 56) = 56
15458 openat(AT_FDCWD, "/sys/module/wmi/refcnt", O_RDONLY|O_CLOEXEC) = 3
15458 read(3, "1\n", 31)                = 2
15458 read(3, "", 29)                   = 0
15458 close(3)                          = 0
15458 openat(AT_FDCWD, "/sys/module/wmi", O_RDONLY|O_CLOEXEC) = 3
15458 openat(3, "coresize", O_RDONLY|O_CLOEXEC) = 4
15458 read(4, "28672\n", 31)            = 6
15458 read(4, "", 25)                   = 0
15458 close(4)                          = 0
15458 close(3)                          = 0
15458 openat(AT_FDCWD, "/sys/module/wmi/holders", O_RDONLY|O_NONBLOCK|O_CLOEXEC|O_DIRECTORY) = 3
15458 fstat(3, {st_mode=S_IFDIR|0755, st_size=0, ...}) = 0
15458 getdents64(3, 0x55dc4a143b70 /* 3 entries */, 32768) = 80
15458 getdents64(3, 0x55dc4a143b70 /* 0 entries */, 32768) = 0
15458 close(3)                          = 0
15458 write(1, "wmi                    28672  1 "..., 38) = 38
15458 openat(AT_FDCWD, "/sys/module/serio_raw/refcnt", O_RDONLY|O_CLOEXEC) = 3
15458 read(3, "0\n", 31)                = 2
15458 read(3, "", 29)                   = 0
15458 close(3)                          = 0
15458 openat(AT_FDCWD, "/sys/module/serio_raw", O_RDONLY|O_CLOEXEC) = 3
15458 openat(3, "coresize", O_RDONLY|O_CLOEXEC) = 4
15458 read(4, "16384\n", 31)            = 6
15458 read(4, "", 25)                   = 0
15458 close(4)                          = 0
15458 close(3)                          = 0
15458 openat(AT_FDCWD, "/sys/module/serio_raw/holders", O_RDONLY|O_NONBLOCK|O_CLOEXEC|O_DIRECTORY) = 3
15458 fstat(3, {st_mode=S_IFDIR|0755, st_size=0, ...}) = 0
15458 getdents64(3, 0x55dc4a143b70 /* 2 entries */, 32768) = 48
15458 getdents64(3, 0x55dc4a143b70 /* 0 entries */, 32768) = 0
15458 close(3)                          = 0
15458 write(1, "serio_raw              16384  0\n", 32) = 32
15458 openat(AT_FDCWD, "/sys/module/aesni_intel/refcnt", O_RDONLY|O_CLOEXEC) = 3
15458 read(3, "0\n", 31)                = 2
15458 read(3, "", 29)                   = 0
15458 close(3)                          = 0
15458 openat(AT_FDCWD, "/sys/module/aesni_intel", O_RDONLY|O_CLOEXEC) = 3
15458 openat(3, "coresize", O_RDONLY|O_CLOEXEC) = 4
15458 read(4, "102400\n", 31)           = 7
15458 read(4, "", 24)                   = 0
15458 close(4)                          = 0
15458 close(3)                          = 0
15458 openat(AT_FDCWD, "/sys/module/aesni_intel/holders", O_RDONLY|O_NONBLOCK|O_CLOEXEC|O_DIRECTORY) = 3
15458 fstat(3, {st_mode=S_IFDIR|0755, st_size=0, ...}) = 0
15458 getdents64(3, 0x55dc4a143b70 /* 2 entries */, 32768) = 48
15458 getdents64(3, 0x55dc4a143b70 /* 0 entries */, 32768) = 0
15458 close(3)                          = 0
15458 write(1, "aesni_intel           102400  0\n", 32) = 32
15458 openat(AT_FDCWD, "/sys/module/i2c_piix4/refcnt", O_RDONLY|O_CLOEXEC) = 3
15458 read(3, "0\n", 31)                = 2
15458 read(3, "", 29)                   = 0
15458 close(3)                          = 0
15458 openat(AT_FDCWD, "/sys/module/i2c_piix4", O_RDONLY|O_CLOEXEC) = 3
15458 openat(3, "coresize", O_RDONLY|O_CLOEXEC) = 4
15458 read(4, "36864\n", 31)            = 6
15458 read(4, "", 25)                   = 0
15458 close(4)                          = 0
15458 close(3)                          = 0
15458 openat(AT_FDCWD, "/sys/module/i2c_piix4/holders", O_RDONLY|O_NONBLOCK|O_CLOEXEC|O_DIRECTORY) = 3
15458 fstat(3, {st_mode=S_IFDIR|0755, st_size=0, ...}) = 0
15458 getdents64(3, 0x55dc4a143b70 /* 2 entries */, 32768) = 48
15458 getdents64(3, 0x55dc4a143b70 /* 0 entries */, 32768) = 0
15458 close(3)                          = 0
15458 write(1, "i2c_piix4              36864  0\n", 32) = 32
15458 openat(AT_FDCWD, "/sys/module/usb_common/refcnt", O_RDONLY|O_CLOEXEC) = 3
15458 read(3, "3\n", 31)                = 2
15458 read(3, "", 29)                   = 0
15458 close(3)                          = 0
15458 openat(AT_FDCWD, "/sys/module/usb_common", O_RDONLY|O_CLOEXEC) = 3
15458 openat(3, "coresize", O_RDONLY|O_CLOEXEC) = 4
15458 read(4, "20480\n", 31)            = 6
15458 read(4, "", 25)                   = 0
15458 close(4)                          = 0
15458 close(3)                          = 0
15458 openat(AT_FDCWD, "/sys/module/usb_common/holders", O_RDONLY|O_NONBLOCK|O_CLOEXEC|O_DIRECTORY) = 3
15458 fstat(3, {st_mode=S_IFDIR|0755, st_size=0, ...}) = 0
15458 getdents64(3, 0x55dc4a143b70 /* 5 entries */, 32768) = 144
15458 getdents64(3, 0x55dc4a143b70 /* 0 entries */, 32768) = 0
15458 close(3)                          = 0
15458 write(1, "usb_common             20480  3 "..., 58) = 58
15458 openat(AT_FDCWD, "/sys/module/battery/refcnt", O_RDONLY|O_CLOEXEC) = 3
15458 read(3, "0\n", 31)                = 2
15458 read(3, "", 29)                   = 0
15458 close(3)                          = 0
15458 openat(AT_FDCWD, "/sys/module/battery", O_RDONLY|O_CLOEXEC) = 3
15458 openat(3, "coresize", O_RDONLY|O_CLOEXEC) = 4
15458 read(4, "28672\n", 31)            = 6
15458 read(4, "", 25)                   = 0
15458 close(4)                          = 0
15458 close(3)                          = 0
15458 openat(AT_FDCWD, "/sys/module/battery/holders", O_RDONLY|O_NONBLOCK|O_CLOEXEC|O_DIRECTORY) = 3
15458 fstat(3, {st_mode=S_IFDIR|0755, st_size=0, ...}) = 0
15458 getdents64(3, 0x55dc4a143b70 /* 2 entries */, 32768) = 48
15458 getdents64(3, 0x55dc4a143b70 /* 0 entries */, 32768) = 0
15458 close(3)                          = 0
15458 write(1, "battery                28672  0\n", 32) = 32
15458 openat(AT_FDCWD, "/sys/module/i2c_smbus/refcnt", O_RDONLY|O_CLOEXEC) = 3
15458 read(3, "1\n", 31)                = 2
15458 read(3, "", 29)                   = 0
15458 close(3)                          = 0
15458 openat(AT_FDCWD, "/sys/module/i2c_smbus", O_RDONLY|O_CLOEXEC) = 3
15458 openat(3, "coresize", O_RDONLY|O_CLOEXEC) = 4
15458 read(4, "20480\n", 31)            = 6
15458 read(4, "", 25)                   = 0
15458 close(4)                          = 0
15458 close(3)                          = 0
15458 openat(AT_FDCWD, "/sys/module/i2c_smbus/holders", O_RDONLY|O_NONBLOCK|O_CLOEXEC|O_DIRECTORY) = 3
15458 fstat(3, {st_mode=S_IFDIR|0755, st_size=0, ...}) = 0
15458 getdents64(3, 0x55dc4a143b70 /* 3 entries */, 32768) = 80
15458 getdents64(3, 0x55dc4a143b70 /* 0 entries */, 32768) = 0
15458 close(3)                          = 0
15458 write(1, "i2c_smbus              20480  1 "..., 42) = 42
15458 openat(AT_FDCWD, "/sys/module/button/refcnt", O_RDONLY|O_CLOEXEC) = 3
15458 read(3, "0\n", 31)                = 2
15458 read(3, "", 29)                   = 0
15458 close(3)                          = 0
15458 openat(AT_FDCWD, "/sys/module/button", O_RDONLY|O_CLOEXEC) = 3
15458 openat(3, "coresize", O_RDONLY|O_CLOEXEC) = 4
15458 read(4, "28672\n", 31)            = 6
15458 read(4, "", 25)                   = 0
15458 close(4)                          = 0
15458 close(3)                          = 0
15458 openat(AT_FDCWD, "/sys/module/button/holders", O_RDONLY|O_NONBLOCK|O_CLOEXEC|O_DIRECTORY) = 3
15458 fstat(3, {st_mode=S_IFDIR|0755, st_size=0, ...}) = 0
15458 getdents64(3, 0x55dc4a143b70 /* 2 entries */, 32768) = 48
15458 getdents64(3, 0x55dc4a143b70 /* 0 entries */, 32768) = 0
15458 close(3)                          = 0
15458 write(1, "button                 28672  0\n", 32) = 32
15458 openat(AT_FDCWD, "/sys/module/scsi_common/refcnt", O_RDONLY|O_CLOEXEC) = 3
15458 read(3, "5\n", 31)                = 2
15458 read(3, "", 29)                   = 0
15458 close(3)                          = 0
15458 openat(AT_FDCWD, "/sys/module/scsi_common", O_RDONLY|O_CLOEXEC) = 3
15458 openat(3, "coresize", O_RDONLY|O_CLOEXEC) = 4
15458 read(4, "16384\n", 31)            = 6
15458 read(4, "", 25)                   = 0
15458 close(4)                          = 0
15458 close(3)                          = 0
15458 openat(AT_FDCWD, "/sys/module/scsi_common/holders", O_RDONLY|O_NONBLOCK|O_CLOEXEC|O_DIRECTORY) = 3
15458 fstat(3, {st_mode=S_IFDIR|0755, st_size=0, ...}) = 0
15458 getdents64(3, 0x55dc4a143b70 /* 7 entries */, 32768) = 200
15458 getdents64(3, 0x55dc4a143b70 /* 0 entries */, 32768) = 0
15458 close(3)                          = 0
15458 write(1, "scsi_common            16384  5 "..., 65) = 65
15458 exit_group(0)                     = ?
