6516  execve("/usr/bin/kill", ["kill", "-64", "1"], 0x7ffdaf68b8e0 /* 57 vars */) = 0
6516  brk(NULL)                         = 0x560b938ff000
6516  mmap(NULL, 8192, PROT_READ|PROT_WRITE, MAP_PRIVATE|MAP_ANONYMOUS, -1, 0) = 0x7f2da71a0000
6516  access("/etc/ld.so.preload", R_OK) = -1 ENOENT (No such file or directory)
6516  openat(AT_FDCWD, "/etc/ld.so.cache", O_RDONLY|O_CLOEXEC) = 3
6516  fstat(3, {st_mode=S_IFREG|0644, st_size=103703, ...}) = 0
6516  mmap(NULL, 103703, PROT_READ, MAP_PRIVATE, 3, 0) = 0x7f2da7186000
6516  close(3)                          = 0
6516  openat(AT_FDCWD, "/usr/lib/x86_64-linux-gnu/libc.so.6", O_RDONLY|O_CLOEXEC) = 3
6516  read(3, "\177ELF\2\1\1\3\0\0\0\0\0\0\0\0\3\0>\0\1\0\0\0000\241\2\0\0\0\0\0"..., 832) = 832
6516  pread64(3, "\6\0\0\0\4\0\0\0@\0\0\0\0\0\0\0@\0\0\0\0\0\0\0@\0\0\0\0\0\0\0"..., 840, 64) = 840
6516  fstat(3, {st_mode=S_IFREG|0755, st_size=2014472, ...}) = 0
6516  pread64(3, "\6\0\0\0\4\0\0\0@\0\0\0\0\0\0\0@\0\0\0\0\0\0\0@\0\0\0\0\0\0\0"..., 840, 64) = 840
6516  mmap(NULL, 2055760, PROT_READ, MAP_PRIVATE|MAP_DENYWRITE, 3, 0) = 0x7f2da6f90000
6516  mmap(0x7f2da6fb8000, 1474560, PROT_READ|PROT_EXEC, MAP_PRIVATE|MAP_FIXED|MAP_DENYWRITE, 3, 0x28000) = 0x7f2da6fb8000
6516  mmap(0x7f2da7120000, 339968, PROT_READ, MAP_PRIVATE|MAP_FIXED|MAP_DENYWRITE, 3, 0x190000) = 0x7f2da7120000
6516  mmap(0x7f2da7173000, 24576, PROT_READ|PROT_WRITE, MAP_PRIVATE|MAP_FIXED|MAP_DENYWRITE, 3, 0x1e3000) = 0x7f2da7173000
6516  mmap(0x7f2da7179000, 52816, PROT_READ|PROT_WRITE, MAP_PRIVATE|MAP_FIXED|MAP_ANONYMOUS, -1, 0) = 0x7f2da7179000
6516  close(3)                          = 0
6516  mmap(NULL, 12288, PROT_READ|PROT_WRITE, MAP_PRIVATE|MAP_ANONYMOUS, -1, 0) = 0x7f2da6f8d000
6516  arch_prctl(ARCH_SET_FS, 0x7f2da6f8d740) = 0
6516  set_tid_address(0x7f2da6f8da10)   = 6516
6516  set_robust_list(0x7f2da6f8da20, 24) = 0
6516  rseq(0x7f2da6f8d680, 0x20, 0, 0x53053053) = 0
6516  mprotect(0x7f2da7173000, 16384, PROT_READ) = 0
6516  mprotect(0x560b67932000, 4096, PROT_READ) = 0
6516  mprotect(0x7f2da71de000, 8192, PROT_READ) = 0
6516  prlimit64(0, RLIMIT_STACK, NULL, {rlim_cur=8192*1024, rlim_max=RLIM64_INFINITY}) = 0
6516  getrandom("\x22\x1d\xb0\xfd\x79\x32\x59\xf8", 8, GRND_NONBLOCK) = 8
6516  munmap(0x7f2da7186000, 103703)    = 0
6516  brk(NULL)                         = 0x560b938ff000
6516  brk(0x560b93920000)               = 0x560b93920000
6516  openat(AT_FDCWD, "/usr/lib/locale/locale-archive", O_RDONLY|O_CLOEXEC) = 3
6516  fstat(3, {st_mode=S_IFREG|0644, st_size=3063024, ...}) = 0
6516  mmap(NULL, 3063024, PROT_READ, MAP_PRIVATE, 3, 0) = 0x7f2da6c00000
6516  close(3)                          = 0
6516  openat(AT_FDCWD, "/usr/share/locale/locale.alias", O_RDONLY|O_CLOEXEC) = -1 ENOENT (No such file or directory)
6516  openat(AT_FDCWD, "/usr/share/locale/en_US.UTF-8/LC_MESSAGES/procps-ng.mo", O_RDONLY) = -1 ENOENT (No such file or directory)
6516  openat(AT_FDCWD, "/usr/share/locale/en_US.utf8/LC_MESSAGES/procps-ng.mo", O_RDONLY) = -1 ENOENT (No such file or directory)
6516  openat(AT_FDCWD, "/usr/share/locale/en_US/LC_MESSAGES/procps-ng.mo", O_RDONLY) = -1 ENOENT (No such file or directory)
6516  openat(AT_FDCWD, "/usr/share/locale/en.UTF-8/LC_MESSAGES/procps-ng.mo", O_RDONLY) = -1 ENOENT (No such file or directory)
6516  openat(AT_FDCWD, "/usr/share/locale/en.utf8/LC_MESSAGES/procps-ng.mo", O_RDONLY) = -1 ENOENT (No such file or directory)
6516  openat(AT_FDCWD, "/usr/share/locale/en/LC_MESSAGES/procps-ng.mo", O_RDONLY) = -1 ENOENT (No such file or directory)
6516  kill(1, SIGRT_32)                 = -1 EPERM (Operation not permitted)
6516  write(2, "kill: ", 6)             = 6
6516  write(2, "(1)", 3)                = 3
6516  openat(AT_FDCWD, "/usr/share/locale/en_US.UTF-8/LC_MESSAGES/libc.mo", O_RDONLY) = -1 ENOENT (No such file or directory)
6516  openat(AT_FDCWD, "/usr/share/locale/en_US.utf8/LC_MESSAGES/libc.mo", O_RDONLY) = -1 ENOENT (No such file or directory)
6516  openat(AT_FDCWD, "/usr/share/locale/en_US/LC_MESSAGES/libc.mo", O_RDONLY) = -1 ENOENT (No such file or directory)
6516  openat(AT_FDCWD, "/usr/share/locale/en.UTF-8/LC_MESSAGES/libc.mo", O_RDONLY) = -1 ENOENT (No such file or directory)
6516  openat(AT_FDCWD, "/usr/share/locale/en.utf8/LC_MESSAGES/libc.mo", O_RDONLY) = -1 ENOENT (No such file or directory)
6516  openat(AT_FDCWD, "/usr/share/locale/en/LC_MESSAGES/libc.mo", O_RDONLY) = -1 ENOENT (No such file or directory)
6516  write(2, ": Operation not permitted", 25) = 25
6516  write(2, "\n", 1)                 = 1
6516  exit_group(1)                     = ?
