15408 execve("/usr/bin/kill", ["kill", "-64", "1"], 0x7fffa57cc0e0 /* 22 vars */) = 0
15408 brk(NULL)                         = 0x55ede86ff000
15408 mmap(NULL, 8192, PROT_READ|PROT_WRITE, MAP_PRIVATE|MAP_ANONYMOUS, -1, 0) = 0x7f3a48415000
15408 access("/etc/ld.so.preload", R_OK) = -1 ENOENT (No such file or directory)
15408 openat(AT_FDCWD, "/etc/ld.so.cache", O_RDONLY|O_CLOEXEC) = 3
15408 fstat(3, {st_mode=S_IFREG|0644, st_size=103703, ...}) = 0
15408 mmap(NULL, 103703, PROT_READ, MAP_PRIVATE, 3, 0) = 0x7f3a483fb000
15408 close(3)                          = 0
15408 openat(AT_FDCWD, "/usr/lib/x86_64-linux-gnu/libc.so.6", O_RDONLY|O_CLOEXEC) = 3
15408 read(3, "\177ELF\2\1\1\3\0\0\0\0\0\0\0\0\3\0>\0\1\0\0\0000\241\2\0\0\0\0\0"..., 832) = 832
15408 pread64(3, "\6\0\0\0\4\0\0\0@\0\0\0\0\0\0\0@\0\0\0\0\0\0\0@\0\0\0\0\0\0\0"..., 840, 64) = 840
15408 fstat(3, {st_mode=S_IFREG|0755, st_size=2014472, ...}) = 0
15408 pread64(3, "\6\0\0\0\4\0\0\0@\0\0\0\0\0\0\0@\0\0\0\0\0\0\0@\0\0\0\0\0\0\0"..., 840, 64) = 840
15408 mmap(NULL, 2055760, PROT_READ, MAP_PRIVATE|MAP_DENYWRITE, 3, 0) = 0x7f3a48205000
15408 mmap(0x7f3a4822d000, 1474560, PROT_READ|PROT_EXEC, MAP_PRIVATE|MAP_FIXED|MAP_DENYWRITE, 3, 0x28000) = 0x7f3a4822d000
15408 mmap(0x7f3a48395000, 339968, PROT_READ, MAP_PRIVATE|MAP_FIXED|MAP_DENYWRITE, 3, 0x190000) = 0x7f3a48395000
15408 mmap(0x7f3a483e8000, 24576, PROT_READ|PROT_WRITE, MAP_PRIVATE|MAP_FIXED|MAP_DENYWRITE, 3, 0x1e3000) = 0x7f3a483e8000
15408 mmap(0x7f3a483ee000, 52816, PROT_READ|PROT_WRITE, MAP_PRIVATE|MAP_FIXED|MAP_ANONYMOUS, -1, 0) = 0x7f3a483ee000
15408 close(3)                          = 0
15408 mmap(NULL, 12288, PROT_READ|PROT_WRITE, MAP_PRIVATE|MAP_ANONYMOUS, -1, 0) = 0x7f3a48202000
15408 arch_prctl(ARCH_SET_FS, 0x7f3a48202740) = 0
15408 set_tid_address(0x7f3a48202a10)   = 15408
15408 set_robust_list(0x7f3a48202a20, 24) = 0
15408 rseq(0x7f3a48202680, 0x20, 0, 0x53053053) = 0
15408 mprotect(0x7f3a483e8000, 16384, PROT_READ) = 0
15408 mprotect(0x55eddacbd000, 4096, PROT_READ) = 0
15408 mprotect(0x7f3a48453000, 8192, PROT_READ) = 0
15408 prlimit64(0, RLIMIT_STACK, NULL, {rlim_cur=8192*1024, rlim_max=RLIM64_INFINITY}) = 0
15408 getrandom("\x87\x09\x97\x6f\x2a\xfa\x8b\x51", 8, GRND_NONBLOCK) = 8
15408 munmap(0x7f3a483fb000, 103703)    = 0
15408 brk(NULL)                         = 0x55ede86ff000
15408 brk(0x55ede8720000)               = 0x55ede8720000
15408 openat(AT_FDCWD, "/usr/lib/locale/locale-archive", O_RDONLY|O_CLOEXEC) = 3
15408 fstat(3, {st_mode=S_IFREG|0644, st_size=3063024, ...}) = 0
15408 mmap(NULL, 3063024, PROT_READ, MAP_PRIVATE, 3, 0) = 0x7f3a47e00000
15408 close(3)                          = 0
15408 openat(AT_FDCWD, "/usr/share/locale/locale.alias", O_RDONLY|O_CLOEXEC) = -1 ENOENT (No such file or directory)
15408 openat(AT_FDCWD, "/usr/share/locale/en_US.UTF-8/LC_MESSAGES/procps-ng.mo", O_RDONLY) = -1 ENOENT (No such file or directory)
15408 openat(AT_FDCWD, "/usr/share/locale/en_US.utf8/LC_MESSAGES/procps-ng.mo", O_RDONLY) = -1 ENOENT (No such file or directory)
15408 openat(AT_FDCWD, "/usr/share/locale/en_US/LC_MESSAGES/procps-ng.mo", O_RDONLY) = -1 ENOENT (No such file or directory)
15408 openat(AT_FDCWD, "/usr/share/locale/en.UTF-8/LC_MESSAGES/procps-ng.mo", O_RDONLY) = -1 ENOENT (No such file or directory)
15408 openat(AT_FDCWD, "/usr/share/locale/en.utf8/LC_MESSAGES/procps-ng.mo", O_RDONLY) = -1 ENOENT (No such file or directory)
15408 openat(AT_FDCWD, "/usr/share/locale/en/LC_MESSAGES/procps-ng.mo", O_RDONLY) = -1 ENOENT (No such file or directory)
15408 kill(1, SIGRT_32)                 = 0
15408 exit_group(0)                     = ?
