14857 execve("/usr/bin/kill", ["kill", "-64", "1"], 0x7fffbd352e20 /* 22 vars */) = 0
14857 brk(NULL)                         = 0x556b74520000
14857 mmap(NULL, 8192, PROT_READ|PROT_WRITE, MAP_PRIVATE|MAP_ANONYMOUS, -1, 0) = 0x7fcf81c9c000
14857 access("/etc/ld.so.preload", R_OK) = -1 ENOENT (No such file or directory)
14857 openat(AT_FDCWD, "/etc/ld.so.cache", O_RDONLY|O_CLOEXEC) = 3
14857 fstat(3, {st_mode=S_IFREG|0644, st_size=103703, ...}) = 0
14857 mmap(NULL, 103703, PROT_READ, MAP_PRIVATE, 3, 0) = 0x7fcf81c82000
14857 close(3)                          = 0
14857 openat(AT_FDCWD, "/usr/lib/x86_64-linux-gnu/libc.so.6", O_RDONLY|O_CLOEXEC) = 3
14857 read(3, "\177ELF\2\1\1\3\0\0\0\0\0\0\0\0\3\0>\0\1\0\0\0000\241\2\0\0\0\0\0"..., 832) = 832
14857 pread64(3, "\6\0\0\0\4\0\0\0@\0\0\0\0\0\0\0@\0\0\0\0\0\0\0@\0\0\0\0\0\0\0"..., 840, 64) = 840
14857 fstat(3, {st_mode=S_IFREG|0755, st_size=2014472, ...}) = 0
14857 pread64(3, "\6\0\0\0\4\0\0\0@\0\0\0\0\0\0\0@\0\0\0\0\0\0\0@\0\0\0\0\0\0\0"..., 840, 64) = 840
14857 mmap(NULL, 2055760, PROT_READ, MAP_PRIVATE|MAP_DENYWRITE, 3, 0) = 0x7fcf81a8c000
14857 mmap(0x7fcf81ab4000, 1474560, PROT_READ|PROT_EXEC, MAP_PRIVATE|MAP_FIXED|MAP_DENYWRITE, 3, 0x28000) = 0x7fcf81ab4000
14857 mmap(0x7fcf81c1c000, 339968, PROT_READ, MAP_PRIVATE|MAP_FIXED|MAP_DENYWRITE, 3, 0x190000) = 0x7fcf81c1c000
14857 mmap(0x7fcf81c6f000, 24576, PROT_READ|PROT_WRITE, MAP_PRIVATE|MAP_FIXED|MAP_DENYWRITE, 3, 0x1e3000) = 0x7fcf81c6f000
14857 mmap(0x7fcf81c75000, 52816, PROT_READ|PROT_WRITE, MAP_PRIVATE|MAP_FIXED|MAP_ANONYMOUS, -1, 0) = 0x7fcf81c75000
14857 close(3)                          = 0
14857 mmap(NULL, 12288, PROT_READ|PROT_WRITE, MAP_PRIVATE|MAP_ANONYMOUS, -1, 0) = 0x7fcf81a89000
14857 arch_prctl(ARCH_SET_FS, 0x7fcf81a89740) = 0
14857 set_tid_address(0x7fcf81a89a10)   = 14857
14857 set_robust_list(0x7fcf81a89a20, 24) = 0
14857 rseq(0x7fcf81a89680, 0x20, 0, 0x53053053) = 0
14857 mprotect(0x7fcf81c6f000, 16384, PROT_READ) = 0
14857 mprotect(0x556b5d4ed000, 4096, PROT_READ) = 0
14857 mprotect(0x7fcf81cda000, 8192, PROT_READ) = 0
14857 prlimit64(0, RLIMIT_STACK, NULL, {rlim_cur=8192*1024, rlim_max=RLIM64_INFINITY}) = 0
14857 getrandom("\x67\x58\xd4\x8e\x93\x59\x89\x89", 8, GRND_NONBLOCK) = 8
14857 munmap(0x7fcf81c82000, 103703)    = 0
14857 brk(NULL)                         = 0x556b74520000
14857 brk(0x556b74541000)               = 0x556b74541000
14857 openat(AT_FDCWD, "/usr/lib/locale/locale-archive", O_RDONLY|O_CLOEXEC) = 3
14857 fstat(3, {st_mode=S_IFREG|0644, st_size=3063024, ...}) = 0
14857 mmap(NULL, 3063024, PROT_READ, MAP_PRIVATE, 3, 0) = 0x7fcf81600000
14857 close(3)                          = 0
14857 openat(AT_FDCWD, "/usr/share/locale/locale.alias", O_RDONLY|O_CLOEXEC) = -1 ENOENT (No such file or directory)
14857 openat(AT_FDCWD, "/usr/share/locale/en_US.UTF-8/LC_MESSAGES/procps-ng.mo", O_RDONLY) = -1 ENOENT (No such file or directory)
14857 openat(AT_FDCWD, "/usr/share/locale/en_US.utf8/LC_MESSAGES/procps-ng.mo", O_RDONLY) = -1 ENOENT (No such file or directory)
14857 openat(AT_FDCWD, "/usr/share/locale/en_US/LC_MESSAGES/procps-ng.mo", O_RDONLY) = -1 ENOENT (No such file or directory)
14857 openat(AT_FDCWD, "/usr/share/locale/en.UTF-8/LC_MESSAGES/procps-ng.mo", O_RDONLY) = -1 ENOENT (No such file or directory)
14857 openat(AT_FDCWD, "/usr/share/locale/en.utf8/LC_MESSAGES/procps-ng.mo", O_RDONLY) = -1 ENOENT (No such file or directory)
14857 openat(AT_FDCWD, "/usr/share/locale/en/LC_MESSAGES/procps-ng.mo", O_RDONLY) = -1 ENOENT (No such file or directory)
14857 kill(1, SIGRT_32)                 = 0
14857 exit_group(0)                     = ?
