14218 execve("/usr/bin/kill", ["kill", "-64", "1"], 0x7ffcc4fc6ad0 /* 22 vars */) = 0
14218 brk(NULL)                         = 0x5614de078000
14218 mmap(NULL, 8192, PROT_READ|PROT_WRITE, MAP_PRIVATE|MAP_ANONYMOUS, -1, 0) = 0x7ff88c557000
14218 access("/etc/ld.so.preload", R_OK) = -1 ENOENT (No such file or directory)
14218 openat(AT_FDCWD, "/etc/ld.so.cache", O_RDONLY|O_CLOEXEC) = 3
14218 fstat(3, {st_mode=S_IFREG|0644, st_size=103703, ...}) = 0
14218 mmap(NULL, 103703, PROT_READ, MAP_PRIVATE, 3, 0) = 0x7ff88c53d000
14218 close(3)                          = 0
14218 openat(AT_FDCWD, "/usr/lib/x86_64-linux-gnu/libc.so.6", O_RDONLY|O_CLOEXEC) = 3
14218 read(3, "\177ELF\2\1\1\3\0\0\0\0\0\0\0\0\3\0>\0\1\0\0\0000\241\2\0\0\0\0\0"..., 832) = 832
14218 pread64(3, "\6\0\0\0\4\0\0\0@\0\0\0\0\0\0\0@\0\0\0\0\0\0\0@\0\0\0\0\0\0\0"..., 840, 64) = 840
14218 fstat(3, {st_mode=S_IFREG|0755, st_size=2014472, ...}) = 0
14218 pread64(3, "\6\0\0\0\4\0\0\0@\0\0\0\0\0\0\0@\0\0\0\0\0\0\0@\0\0\0\0\0\0\0"..., 840, 64) = 840
14218 mmap(NULL, 2055760, PROT_READ, MAP_PRIVATE|MAP_DENYWRITE, 3, 0) = 0x7ff88c347000
14218 mmap(0x7ff88c36f000, 1474560, PROT_READ|PROT_EXEC, MAP_PRIVATE|MAP_FIXED|MAP_DENYWRITE, 3, 0x28000) = 0x7ff88c36f000
14218 mmap(0x7ff88c4d7000, 339968, PROT_READ, MAP_PRIVATE|MAP_FIXED|MAP_DENYWRITE, 3, 0x190000) = 0x7ff88c4d7000
14218 mmap(0x7ff88c52a000, 24576, PROT_READ|PROT_WRITE, MAP_PRIVATE|MAP_FIXED|MAP_DENYWRITE, 3, 0x1e3000) = 0x7ff88c52a000
14218 mmap(0x7ff88c530000, 52816, PROT_READ|PROT_WRITE, MAP_PRIVATE|MAP_FIXED|MAP_ANONYMOUS, -1, 0) = 0x7ff88c530000
14218 close(3)                          = 0
14218 mmap(NULL, 12288, PROT_READ|PROT_WRITE, MAP_PRIVATE|MAP_ANONYMOUS, -1, 0) = 0x7ff88c344000
14218 arch_prctl(ARCH_SET_FS, 0x7ff88c344740) = 0
14218 set_tid_address(0x7ff88c344a10)   = 14218
14218 set_robust_list(0x7ff88c344a20, 24) = 0
14218 rseq(0x7ff88c344680, 0x20, 0, 0x53053053) = 0
14218 mprotect(0x7ff88c52a000, 16384, PROT_READ) = 0
14218 mprotect(0x5614b4d3b000, 4096, PROT_READ) = 0
14218 mprotect(0x7ff88c595000, 8192, PROT_READ) = 0
14218 prlimit64(0, RLIMIT_STACK, NULL, {rlim_cur=8192*1024, rlim_max=RLIM64_INFINITY}) = 0
14218 getrandom("\x6f\xb4\x2c\x58\xf4\x30\x13\x78", 8, GRND_NONBLOCK) = 8
14218 munmap(0x7ff88c53d000, 103703)    = 0
14218 brk(NULL)                         = 0x5614de078000
14218 brk(0x5614de099000)               = 0x5614de099000
14218 openat(AT_FDCWD, "/usr/lib/locale/locale-archive", O_RDONLY|O_CLOEXEC) = 3
14218 fstat(3, {st_mode=S_IFREG|0644, st_size=3063024, ...}) = 0
14218 mmap(NULL, 3063024, PROT_READ, MAP_PRIVATE, 3, 0) = 0x7ff88c000000
14218 close(3)                          = 0
14218 openat(AT_FDCWD, "/usr/share/locale/locale.alias", O_RDONLY|O_CLOEXEC) = -1 ENOENT (No such file or directory)
14218 openat(AT_FDCWD, "/usr/share/locale/en_US.UTF-8/LC_MESSAGES/procps-ng.mo", O_RDONLY) = -1 ENOENT (No such file or directory)
14218 openat(AT_FDCWD, "/usr/share/locale/en_US.utf8/LC_MESSAGES/procps-ng.mo", O_RDONLY) = -1 ENOENT (No such file or directory)
14218 openat(AT_FDCWD, "/usr/share/locale/en_US/LC_MESSAGES/procps-ng.mo", O_RDONLY) = -1 ENOENT (No such file or directory)
14218 openat(AT_FDCWD, "/usr/share/locale/en.UTF-8/LC_MESSAGES/procps-ng.mo", O_RDONLY) = -1 ENOENT (No such file or directory)
14218 openat(AT_FDCWD, "/usr/share/locale/en.utf8/LC_MESSAGES/procps-ng.mo", O_RDONLY) = -1 ENOENT (No such file or directory)
14218 openat(AT_FDCWD, "/usr/share/locale/en/LC_MESSAGES/procps-ng.mo", O_RDONLY) = -1 ENOENT (No such file or directory)
14218 kill(1, SIGRT_32)                 = 0
14218 exit_group(0)                     = ?
