19919 execve("/usr/bin/cat", ["cat", "/proc/modules"], 0x7ffc279e2b78 /* 60 vars */) = 0
19919 brk(NULL)                         = 0x55a4d4857000
19919 mmap(NULL, 8192, PROT_READ|PROT_WRITE, MAP_PRIVATE|MAP_ANONYMOUS, -1, 0) = 0x7fdbc9ee5000
19919 access("/etc/ld.so.preload", R_OK) = -1 ENOENT (No such file or directory)
19919 openat(AT_FDCWD, "/etc/ld.so.cache", O_RDONLY|O_CLOEXEC) = 3
19919 fstat(3, {st_mode=S_IFREG|0644, st_size=103703, ...}) = 0
19919 mmap(NULL, 103703, PROT_READ, MAP_PRIVATE, 3, 0) = 0x7fdbc9ecb000
19919 close(3)                          = 0
19919 openat(AT_FDCWD, "/usr/lib/x86_64-linux-gnu/libc.so.6", O_RDONLY|O_CLOEXEC) = 3
19919 read(3, "\177ELF\2\1\1\3\0\0\0\0\0\0\0\0\3\0>\0\1\0\0\0000\241\2\0\0\0\0\0"..., 832) = 832
19919 pread64(3, "\6\0\0\0\4\0\0\0@\0\0\0\0\0\0\0@\0\0\0\0\0\0\0@\0\0\0\0\0\0\0"..., 840, 64) = 840
19919 fstat(3, {st_mode=S_IFREG|0755, st_size=2014472, ...}) = 0
19919 pread64(3, "\6\0\0\0\4\0\0\0@\0\0\0\0\0\0\0@\0\0\0\0\0\0\0@\0\0\0\0\0\0\0"..., 840, 64) = 840
19919 mmap(NULL, 2055760, PROT_READ, MAP_PRIVATE|MAP_DENYWRITE, 3, 0) = 0x7fdbc9cd5000
19919 mmap(0x7fdbc9cfd000, 1474560, PROT_READ|PROT_EXEC, MAP_PRIVATE|MAP_FIXED|MAP_DENYWRITE, 3, 0x28000) = 0x7fdbc9cfd000
19919 mmap(0x7fdbc9e65000, 339968, PROT_READ, MAP_PRIVATE|MAP_FIXED|MAP_DENYWRITE, 3, 0x190000) = 0x7fdbc9e65000
19919 mmap(0x7fdbc9eb8000, 24576, PROT_READ|PROT_WRITE, MAP_PRIVATE|MAP_FIXED|MAP_DENYWRITE, 3, 0x1e3000) = 0x7fdbc9eb8000
19919 mmap(0x7fdbc9ebe000, 52816, PROT_READ|PROT_WRITE, MAP_PRIVATE|MAP_FIXED|MAP_ANONYMOUS, -1, 0) = 0x7fdbc9ebe000
19919 close(3)                          = 0
19919 mmap(NULL, 12288, PROT_READ|PROT_WRITE, MAP_PRIVATE|MAP_ANONYMOUS, -1, 0) = 0x7fdbc9cd2000
19919 arch_prctl(ARCH_SET_FS, 0x7fdbc9cd2740) = 0
19919 set_tid_address(0x7fdbc9cd2a10)   = 19919
19919 set_robust_list(0x7fdbc9cd2a20, 24) = 0
19919 rseq(0x7fdbc9cd2680, 0x20, 0, 0x53053053) = 0
19919 mprotect(0x7fdbc9eb8000, 16384, PROT_READ) = 0
19919 mprotect(0x55a4ca77d000, 4096, PROT_READ) = 0
19919 mprotect(0x7fdbc9f23000, 8192, PROT_READ) = 0
19919 prlimit64(0, RLIMIT_STACK, NULL, {rlim_cur=8192*1024, rlim_max=RLIM64_INFINITY}) = 0
19919 getrandom("\xbd\xe5\x3c\x6c\xe0\x45\x38\xf0", 8, GRND_NONBLOCK) = 8
19919 munmap(0x7fdbc9ecb000, 103703)    = 0
19919 brk(NULL)                         = 0x55a4d4857000
19919 brk(0x55a4d4878000)               = 0x55a4d4878000
19919 openat(AT_FDCWD, "/usr/lib/locale/locale-archive", O_RDONLY|O_CLOEXEC) = 3
19919 fstat(3, {st_mode=S_IFREG|0644, st_size=3063024, ...}) = 0
19919 mmap(NULL, 3063024, PROT_READ, MAP_PRIVATE, 3, 0) = 0x7fdbc9800000
19919 close(3)                          = 0
19919 fstat(1, {st_mode=S_IFCHR|0600, st_rdev=makedev(0x88, 0), ...}) = 0
19919 openat(AT_FDCWD, "/proc/modules", O_RDONLY) = 3
19919 fstat(3, {st_mode=S_IFREG|0444, st_size=0, ...}) = 0
19919 fadvise64(3, 0, 0, POSIX_FADV_SEQUENTIAL) = 0
19919 mmap(NULL, 270336, PROT_READ|PROT_WRITE, MAP_PRIVATE|MAP_ANONYMOUS, -1, 0) = 0x7fdbc9c90000
19919 read(3, "tcp_diag 20480 0 - Live 0xffffff"..., 262144) = 4072
19919 write(1, "tcp_diag 20480 0 - Live 0xffffff"..., 4072) = 4072
19919 read(3, "sd_mod 94208 1 - Live 0xffffffff"..., 262144) = 1444
19919 write(1, "sd_mod 94208 1 - Live 0xffffffff"..., 1444) = 1444
19919 read(3, "", 262144)               = 0
19919 munmap(0x7fdbc9c90000, 270336)    = 0
19919 close(3)                          = 0
19919 close(1)                          = 0
19919 close(2)                          = 0
19919 exit_group(0)                     = ?
