15319 execve("/usr/bin/kill", ["kill", "-63", "1"], 0x7ffe8d7449c0 /* 22 vars */) = 0
15319 brk(NULL)                         = 0x55902a3f6000
15319 mmap(NULL, 8192, PROT_READ|PROT_WRITE, MAP_PRIVATE|MAP_ANONYMOUS, -1, 0) = 0x7fb2296c3000
15319 access("/etc/ld.so.preload", R_OK) = -1 ENOENT (No such file or directory)
15319 openat(AT_FDCWD, "/etc/ld.so.cache", O_RDONLY|O_CLOEXEC) = 3
15319 fstat(3, {st_mode=S_IFREG|0644, st_size=103703, ...}) = 0
15319 mmap(NULL, 103703, PROT_READ, MAP_PRIVATE, 3, 0) = 0x7fb2296a9000
15319 close(3)                          = 0
15319 openat(AT_FDCWD, "/usr/lib/x86_64-linux-gnu/libc.so.6", O_RDONLY|O_CLOEXEC) = 3
15319 read(3, "\177ELF\2\1\1\3\0\0\0\0\0\0\0\0\3\0>\0\1\0\0\0000\241\2\0\0\0\0\0"..., 832) = 832
15319 pread64(3, "\6\0\0\0\4\0\0\0@\0\0\0\0\0\0\0@\0\0\0\0\0\0\0@\0\0\0\0\0\0\0"..., 840, 64) = 840
15319 fstat(3, {st_mode=S_IFREG|0755, st_size=2014472, ...}) = 0
15319 pread64(3, "\6\0\0\0\4\0\0\0@\0\0\0\0\0\0\0@\0\0\0\0\0\0\0@\0\0\0\0\0\0\0"..., 840, 64) = 840
15319 mmap(NULL, 2055760, PROT_READ, MAP_PRIVATE|MAP_DENYWRITE, 3, 0) = 0x7fb2294b3000
15319 mmap(0x7fb2294db000, 1474560, PROT_READ|PROT_EXEC, MAP_PRIVATE|MAP_FIXED|MAP_DENYWRITE, 3, 0x28000) = 0x7fb2294db000
15319 mmap(0x7fb229643000, 339968, PROT_READ, MAP_PRIVATE|MAP_FIXED|MAP_DENYWRITE, 3, 0x190000) = 0x7fb229643000
15319 mmap(0x7fb229696000, 24576, PROT_READ|PROT_WRITE, MAP_PRIVATE|MAP_FIXED|MAP_DENYWRITE, 3, 0x1e3000) = 0x7fb229696000
15319 mmap(0x7fb22969c000, 52816, PROT_READ|PROT_WRITE, MAP_PRIVATE|MAP_FIXED|MAP_ANONYMOUS, -1, 0) = 0x7fb22969c000
15319 close(3)                          = 0
15319 mmap(NULL, 12288, PROT_READ|PROT_WRITE, MAP_PRIVATE|MAP_ANONYMOUS, -1, 0) = 0x7fb2294b0000
15319 arch_prctl(ARCH_SET_FS, 0x7fb2294b0740) = 0
15319 set_tid_address(0x7fb2294b0a10)   = 15319
15319 set_robust_list(0x7fb2294b0a20, 24) = 0
15319 rseq(0x7fb2294b0680, 0x20, 0, 0x53053053) = 0
15319 mprotect(0x7fb229696000, 16384, PROT_READ) = 0
15319 mprotect(0x558ff69dc000, 4096, PROT_READ) = 0
15319 mprotect(0x7fb229701000, 8192, PROT_READ) = 0
15319 prlimit64(0, RLIMIT_STACK, NULL, {rlim_cur=8192*1024, rlim_max=RLIM64_INFINITY}) = 0
15319 getrandom("\x73\x18\x7f\x5e\x11\xd3\xf8\x96", 8, GRND_NONBLOCK) = 8
15319 munmap(0x7fb2296a9000, 103703)    = 0
15319 brk(NULL)                         = 0x55902a3f6000
15319 brk(0x55902a417000)               = 0x55902a417000
15319 openat(AT_FDCWD, "/usr/lib/locale/locale-archive", O_RDONLY|O_CLOEXEC) = 3
15319 fstat(3, {st_mode=S_IFREG|0644, st_size=3063024, ...}) = 0
15319 mmap(NULL, 3063024, PROT_READ, MAP_PRIVATE, 3, 0) = 0x7fb229000000
15319 close(3)                          = 0
15319 openat(AT_FDCWD, "/usr/share/locale/locale.alias", O_RDONLY|O_CLOEXEC) = -1 ENOENT (No such file or directory)
15319 openat(AT_FDCWD, "/usr/share/locale/en_US.UTF-8/LC_MESSAGES/procps-ng.mo", O_RDONLY) = -1 ENOENT (No such file or directory)
15319 openat(AT_FDCWD, "/usr/share/locale/en_US.utf8/LC_MESSAGES/procps-ng.mo", O_RDONLY) = -1 ENOENT (No such file or directory)
15319 openat(AT_FDCWD, "/usr/share/locale/en_US/LC_MESSAGES/procps-ng.mo", O_RDONLY) = -1 ENOENT (No such file or directory)
15319 openat(AT_FDCWD, "/usr/share/locale/en.UTF-8/LC_MESSAGES/procps-ng.mo", O_RDONLY) = -1 ENOENT (No such file or directory)
15319 openat(AT_FDCWD, "/usr/share/locale/en.utf8/LC_MESSAGES/procps-ng.mo", O_RDONLY) = -1 ENOENT (No such file or directory)
15319 openat(AT_FDCWD, "/usr/share/locale/en/LC_MESSAGES/procps-ng.mo", O_RDONLY) = -1 ENOENT (No such file or directory)
15319 kill(1, SIGRT_31)                 = 0
15319 exit_group(0)                     = ?
