6533  execve("/usr/bin/kill", ["kill", "-63", "1"], 0x7ffdb9c4e0c0 /* 57 vars */) = 0
6533  brk(NULL)                         = 0x55a15c432000
6533  mmap(NULL, 8192, PROT_READ|PROT_WRITE, MAP_PRIVATE|MAP_ANONYMOUS, -1, 0) = 0x7fc6511be000
6533  access("/etc/ld.so.preload", R_OK) = -1 ENOENT (No such file or directory)
6533  openat(AT_FDCWD, "/etc/ld.so.cache", O_RDONLY|O_CLOEXEC) = 3
6533  fstat(3, {st_mode=S_IFREG|0644, st_size=103703, ...}) = 0
6533  mmap(NULL, 103703, PROT_READ, MAP_PRIVATE, 3, 0) = 0x7fc6511a4000
6533  close(3)                          = 0
6533  openat(AT_FDCWD, "/usr/lib/x86_64-linux-gnu/libc.so.6", O_RDONLY|O_CLOEXEC) = 3
6533  read(3, "\177ELF\2\1\1\3\0\0\0\0\0\0\0\0\3\0>\0\1\0\0\0000\241\2\0\0\0\0\0"..., 832) = 832
6533  pread64(3, "\6\0\0\0\4\0\0\0@\0\0\0\0\0\0\0@\0\0\0\0\0\0\0@\0\0\0\0\0\0\0"..., 840, 64) = 840
6533  fstat(3, {st_mode=S_IFREG|0755, st_size=2014472, ...}) = 0
6533  pread64(3, "\6\0\0\0\4\0\0\0@\0\0\0\0\0\0\0@\0\0\0\0\0\0\0@\0\0\0\0\0\0\0"..., 840, 64) = 840
6533  mmap(NULL, 2055760, PROT_READ, MAP_PRIVATE|MAP_DENYWRITE, 3, 0) = 0x7fc650fae000
6533  mmap(0x7fc650fd6000, 1474560, PROT_READ|PROT_EXEC, MAP_PRIVATE|MAP_FIXED|MAP_DENYWRITE, 3, 0x28000) = 0x7fc650fd6000
6533  mmap(0x7fc65113e000, 339968, PROT_READ, MAP_PRIVATE|MAP_FIXED|MAP_DENYWRITE, 3, 0x190000) = 0x7fc65113e000
6533  mmap(0x7fc651191000, 24576, PROT_READ|PROT_WRITE, MAP_PRIVATE|MAP_FIXED|MAP_DENYWRITE, 3, 0x1e3000) = 0x7fc651191000
6533  mmap(0x7fc651197000, 52816, PROT_READ|PROT_WRITE, MAP_PRIVATE|MAP_FIXED|MAP_ANONYMOUS, -1, 0) = 0x7fc651197000
6533  close(3)                          = 0
6533  mmap(NULL, 12288, PROT_READ|PROT_WRITE, MAP_PRIVATE|MAP_ANONYMOUS, -1, 0) = 0x7fc650fab000
6533  arch_prctl(ARCH_SET_FS, 0x7fc650fab740) = 0
6533  set_tid_address(0x7fc650faba10)   = 6533
6533  set_robust_list(0x7fc650faba20, 24) = 0
6533  rseq(0x7fc650fab680, 0x20, 0, 0x53053053) = 0
6533  mprotect(0x7fc651191000, 16384, PROT_READ) = 0
6533  mprotect(0x55a13ab94000, 4096, PROT_READ) = 0
6533  mprotect(0x7fc6511fc000, 8192, PROT_READ) = 0
6533  prlimit64(0, RLIMIT_STACK, NULL, {rlim_cur=8192*1024, rlim_max=RLIM64_INFINITY}) = 0
6533  getrandom("\x54\x84\xdc\xcd\x23\x0e\xa3\xbc", 8, GRND_NONBLOCK) = 8
6533  munmap(0x7fc6511a4000, 103703)    = 0
6533  brk(NULL)                         = 0x55a15c432000
6533  brk(0x55a15c453000)               = 0x55a15c453000
6533  openat(AT_FDCWD, "/usr/lib/locale/locale-archive", O_RDONLY|O_CLOEXEC) = 3
6533  fstat(3, {st_mode=S_IFREG|0644, st_size=3063024, ...}) = 0
6533  mmap(NULL, 3063024, PROT_READ, MAP_PRIVATE, 3, 0) = 0x7fc650c00000
6533  close(3)                          = 0
6533  openat(AT_FDCWD, "/usr/share/locale/locale.alias", O_RDONLY|O_CLOEXEC) = -1 ENOENT (No such file or directory)
6533  openat(AT_FDCWD, "/usr/share/locale/en_US.UTF-8/LC_MESSAGES/procps-ng.mo", O_RDONLY) = -1 ENOENT (No such file or directory)
6533  openat(AT_FDCWD, "/usr/share/locale/en_US.utf8/LC_MESSAGES/procps-ng.mo", O_RDONLY) = -1 ENOENT (No such file or directory)
6533  openat(AT_FDCWD, "/usr/share/locale/en_US/LC_MESSAGES/procps-ng.mo", O_RDONLY) = -1 ENOENT (No such file or directory)
6533  openat(AT_FDCWD, "/usr/share/locale/en.UTF-8/LC_MESSAGES/procps-ng.mo", O_RDONLY) = -1 ENOENT (No such file or directory)
6533  openat(AT_FDCWD, "/usr/share/locale/en.utf8/LC_MESSAGES/procps-ng.mo", O_RDONLY) = -1 ENOENT (No such file or directory)
6533  openat(AT_FDCWD, "/usr/share/locale/en/LC_MESSAGES/procps-ng.mo", O_RDONLY) = -1 ENOENT (No such file or directory)
6533  kill(1, SIGRT_31)                 = -1 EPERM (Operation not permitted)
6533  write(2, "kill: ", 6)             = 6
6533  write(2, "(1)", 3)                = 3
6533  openat(AT_FDCWD, "/usr/share/locale/en_US.UTF-8/LC_MESSAGES/libc.mo", O_RDONLY) = -1 ENOENT (No such file or directory)
6533  openat(AT_FDCWD, "/usr/share/locale/en_US.utf8/LC_MESSAGES/libc.mo", O_RDONLY) = -1 ENOENT (No such file or directory)
6533  openat(AT_FDCWD, "/usr/share/locale/en_US/LC_MESSAGES/libc.mo", O_RDONLY) = -1 ENOENT (No such file or directory)
6533  openat(AT_FDCWD, "/usr/share/locale/en.UTF-8/LC_MESSAGES/libc.mo", O_RDONLY) = -1 ENOENT (No such file or directory)
6533  openat(AT_FDCWD, "/usr/share/locale/en.utf8/LC_MESSAGES/libc.mo", O_RDONLY) = -1 ENOENT (No such file or directory)
6533  openat(AT_FDCWD, "/usr/share/locale/en/LC_MESSAGES/libc.mo", O_RDONLY) = -1 ENOENT (No such file or directory)
6533  write(2, ": Operation not permitted", 25) = 25
6533  write(2, "\n", 1)                 = 1
6533  exit_group(1)                     = ?
