14091 execve("/usr/bin/kill", ["kill", "-64", "1"], 0x7ffe8a803a50 /* 22 vars */) = 0
14091 brk(NULL)                         = 0x558fa4104000
14091 mmap(NULL, 8192, PROT_READ|PROT_WRITE, MAP_PRIVATE|MAP_ANONYMOUS, -1, 0) = 0x7f3530246000
14091 access("/etc/ld.so.preload", R_OK) = -1 ENOENT (No such file or directory)
14091 openat(AT_FDCWD, "/etc/ld.so.cache", O_RDONLY|O_CLOEXEC) = 3
14091 fstat(3, {st_mode=S_IFREG|0644, st_size=103703, ...}) = 0
14091 mmap(NULL, 103703, PROT_READ, MAP_PRIVATE, 3, 0) = 0x7f353022c000
14091 close(3)                          = 0
14091 openat(AT_FDCWD, "/usr/lib/x86_64-linux-gnu/libc.so.6", O_RDONLY|O_CLOEXEC) = 3
14091 read(3, "\177ELF\2\1\1\3\0\0\0\0\0\0\0\0\3\0>\0\1\0\0\0000\241\2\0\0\0\0\0"..., 832) = 832
14091 pread64(3, "\6\0\0\0\4\0\0\0@\0\0\0\0\0\0\0@\0\0\0\0\0\0\0@\0\0\0\0\0\0\0"..., 840, 64) = 840
14091 fstat(3, {st_mode=S_IFREG|0755, st_size=2014472, ...}) = 0
14091 pread64(3, "\6\0\0\0\4\0\0\0@\0\0\0\0\0\0\0@\0\0\0\0\0\0\0@\0\0\0\0\0\0\0"..., 840, 64) = 840
14091 mmap(NULL, 2055760, PROT_READ, MAP_PRIVATE|MAP_DENYWRITE, 3, 0) = 0x7f3530036000
14091 mmap(0x7f353005e000, 1474560, PROT_READ|PROT_EXEC, MAP_PRIVATE|MAP_FIXED|MAP_DENYWRITE, 3, 0x28000) = 0x7f353005e000
14091 mmap(0x7f35301c6000, 339968, PROT_READ, MAP_PRIVATE|MAP_FIXED|MAP_DENYWRITE, 3, 0x190000) = 0x7f35301c6000
14091 mmap(0x7f3530219000, 24576, PROT_READ|PROT_WRITE, MAP_PRIVATE|MAP_FIXED|MAP_DENYWRITE, 3, 0x1e3000) = 0x7f3530219000
14091 mmap(0x7f353021f000, 52816, PROT_READ|PROT_WRITE, MAP_PRIVATE|MAP_FIXED|MAP_ANONYMOUS, -1, 0) = 0x7f353021f000
14091 close(3)                          = 0
14091 mmap(NULL, 12288, PROT_READ|PROT_WRITE, MAP_PRIVATE|MAP_ANONYMOUS, -1, 0) = 0x7f3530033000
14091 arch_prctl(ARCH_SET_FS, 0x7f3530033740) = 0
14091 set_tid_address(0x7f3530033a10)   = 14091
14091 set_robust_list(0x7f3530033a20, 24) = 0
14091 rseq(0x7f3530033680, 0x20, 0, 0x53053053) = 0
14091 mprotect(0x7f3530219000, 16384, PROT_READ) = 0
14091 mprotect(0x558f98a5a000, 4096, PROT_READ) = 0
14091 mprotect(0x7f3530284000, 8192, PROT_READ) = 0
14091 prlimit64(0, RLIMIT_STACK, NULL, {rlim_cur=8192*1024, rlim_max=RLIM64_INFINITY}) = 0
14091 getrandom("\x35\x3e\x8e\x98\x1e\x41\xb3\x4e", 8, GRND_NONBLOCK) = 8
14091 munmap(0x7f353022c000, 103703)    = 0
14091 brk(NULL)                         = 0x558fa4104000
14091 brk(0x558fa4125000)               = 0x558fa4125000
14091 openat(AT_FDCWD, "/usr/lib/locale/locale-archive", O_RDONLY|O_CLOEXEC) = 3
14091 fstat(3, {st_mode=S_IFREG|0644, st_size=3063024, ...}) = 0
14091 mmap(NULL, 3063024, PROT_READ, MAP_PRIVATE, 3, 0) = 0x7f352fc00000
14091 close(3)                          = 0
14091 openat(AT_FDCWD, "/usr/share/locale/locale.alias", O_RDONLY|O_CLOEXEC) = -1 ENOENT (No such file or directory)
14091 openat(AT_FDCWD, "/usr/share/locale/en_US.UTF-8/LC_MESSAGES/procps-ng.mo", O_RDONLY) = -1 ENOENT (No such file or directory)
14091 openat(AT_FDCWD, "/usr/share/locale/en_US.utf8/LC_MESSAGES/procps-ng.mo", O_RDONLY) = -1 ENOENT (No such file or directory)
14091 openat(AT_FDCWD, "/usr/share/locale/en_US/LC_MESSAGES/procps-ng.mo", O_RDONLY) = -1 ENOENT (No such file or directory)
14091 openat(AT_FDCWD, "/usr/share/locale/en.UTF-8/LC_MESSAGES/procps-ng.mo", O_RDONLY) = -1 ENOENT (No such file or directory)
14091 openat(AT_FDCWD, "/usr/share/locale/en.utf8/LC_MESSAGES/procps-ng.mo", O_RDONLY) = -1 ENOENT (No such file or directory)
14091 openat(AT_FDCWD, "/usr/share/locale/en/LC_MESSAGES/procps-ng.mo", O_RDONLY) = -1 ENOENT (No such file or directory)
14091 kill(1, SIGRT_32)                 = 0
14091 exit_group(0)                     = ?
