4812  execve("/usr/bin/kill", ["kill", "-31", "1"], 0x7ffdea5b9d30 /* 57 vars */) = 0
4812  brk(NULL)                         = 0x55ee26048000
4812  mmap(NULL, 8192, PROT_READ|PROT_WRITE, MAP_PRIVATE|MAP_ANONYMOUS, -1, 0) = 0x7fb47eec1000
4812  access("/etc/ld.so.preload", R_OK) = -1 ENOENT (No such file or directory)
4812  openat(AT_FDCWD, "/etc/ld.so.cache", O_RDONLY|O_CLOEXEC) = 3
4812  fstat(3, {st_mode=S_IFREG|0644, st_size=103703, ...}) = 0
4812  mmap(NULL, 103703, PROT_READ, MAP_PRIVATE, 3, 0) = 0x7fb47eea7000
4812  close(3)                          = 0
4812  openat(AT_FDCWD, "/usr/lib/x86_64-linux-gnu/libc.so.6", O_RDONLY|O_CLOEXEC) = 3
4812  read(3, "\177ELF\2\1\1\3\0\0\0\0\0\0\0\0\3\0>\0\1\0\0\0000\241\2\0\0\0\0\0"..., 832) = 832
4812  pread64(3, "\6\0\0\0\4\0\0\0@\0\0\0\0\0\0\0@\0\0\0\0\0\0\0@\0\0\0\0\0\0\0"..., 840, 64) = 840
4812  fstat(3, {st_mode=S_IFREG|0755, st_size=2014472, ...}) = 0
4812  pread64(3, "\6\0\0\0\4\0\0\0@\0\0\0\0\0\0\0@\0\0\0\0\0\0\0@\0\0\0\0\0\0\0"..., 840, 64) = 840
4812  mmap(NULL, 2055760, PROT_READ, MAP_PRIVATE|MAP_DENYWRITE, 3, 0) = 0x7fb47ecb1000
4812  mmap(0x7fb47ecd9000, 1474560, PROT_READ|PROT_EXEC, MAP_PRIVATE|MAP_FIXED|MAP_DENYWRITE, 3, 0x28000) = 0x7fb47ecd9000
4812  mmap(0x7fb47ee41000, 339968, PROT_READ, MAP_PRIVATE|MAP_FIXED|MAP_DENYWRITE, 3, 0x190000) = 0x7fb47ee41000
4812  mmap(0x7fb47ee94000, 24576, PROT_READ|PROT_WRITE, MAP_PRIVATE|MAP_FIXED|MAP_DENYWRITE, 3, 0x1e3000) = 0x7fb47ee94000
4812  mmap(0x7fb47ee9a000, 52816, PROT_READ|PROT_WRITE, MAP_PRIVATE|MAP_FIXED|MAP_ANONYMOUS, -1, 0) = 0x7fb47ee9a000
4812  close(3)                          = 0
4812  mmap(NULL, 12288, PROT_READ|PROT_WRITE, MAP_PRIVATE|MAP_ANONYMOUS, -1, 0) = 0x7fb47ecae000
4812  arch_prctl(ARCH_SET_FS, 0x7fb47ecae740) = 0
4812  set_tid_address(0x7fb47ecaea10)   = 4812
4812  set_robust_list(0x7fb47ecaea20, 24) = 0
4812  rseq(0x7fb47ecae680, 0x20, 0, 0x53053053) = 0
4812  mprotect(0x7fb47ee94000, 16384, PROT_READ) = 0
4812  mprotect(0x55ee12e29000, 4096, PROT_READ) = 0
4812  mprotect(0x7fb47eeff000, 8192, PROT_READ) = 0
4812  prlimit64(0, RLIMIT_STACK, NULL, {rlim_cur=8192*1024, rlim_max=RLIM64_INFINITY}) = 0
4812  getrandom("\x02\xb0\x3f\x05\xa5\xe7\x5e\x75", 8, GRND_NONBLOCK) = 8
4812  munmap(0x7fb47eea7000, 103703)    = 0
4812  brk(NULL)                         = 0x55ee26048000
4812  brk(0x55ee26069000)               = 0x55ee26069000
4812  openat(AT_FDCWD, "/usr/lib/locale/locale-archive", O_RDONLY|O_CLOEXEC) = 3
4812  fstat(3, {st_mode=S_IFREG|0644, st_size=3063024, ...}) = 0
4812  mmap(NULL, 3063024, PROT_READ, MAP_PRIVATE, 3, 0) = 0x7fb47e800000
4812  close(3)                          = 0
4812  openat(AT_FDCWD, "/usr/share/locale/locale.alias", O_RDONLY|O_CLOEXEC) = -1 ENOENT (No such file or directory)
4812  openat(AT_FDCWD, "/usr/share/locale/en_US.UTF-8/LC_MESSAGES/procps-ng.mo", O_RDONLY) = -1 ENOENT (No such file or directory)
4812  openat(AT_FDCWD, "/usr/share/locale/en_US.utf8/LC_MESSAGES/procps-ng.mo", O_RDONLY) = -1 ENOENT (No such file or directory)
4812  openat(AT_FDCWD, "/usr/share/locale/en_US/LC_MESSAGES/procps-ng.mo", O_RDONLY) = -1 ENOENT (No such file or directory)
4812  openat(AT_FDCWD, "/usr/share/locale/en.UTF-8/LC_MESSAGES/procps-ng.mo", O_RDONLY) = -1 ENOENT (No such file or directory)
4812  openat(AT_FDCWD, "/usr/share/locale/en.utf8/LC_MESSAGES/procps-ng.mo", O_RDONLY) = -1 ENOENT (No such file or directory)
4812  openat(AT_FDCWD, "/usr/share/locale/en/LC_MESSAGES/procps-ng.mo", O_RDONLY) = -1 ENOENT (No such file or directory)
4812  kill(1, SIGSYS)                   = -1 EPERM (Operation not permitted)
4812  write(2, "kill: ", 6)             = 6
4812  write(2, "(1)", 3)                = 3
4812  openat(AT_FDCWD, "/usr/share/locale/en_US.UTF-8/LC_MESSAGES/libc.mo", O_RDONLY) = -1 ENOENT (No such file or directory)
4812  openat(AT_FDCWD, "/usr/share/locale/en_US.utf8/LC_MESSAGES/libc.mo", O_RDONLY) = -1 ENOENT (No such file or directory)
4812  openat(AT_FDCWD, "/usr/share/locale/en_US/LC_MESSAGES/libc.mo", O_RDONLY) = -1 ENOENT (No such file or directory)
4812  openat(AT_FDCWD, "/usr/share/locale/en.UTF-8/LC_MESSAGES/libc.mo", O_RDONLY) = -1 ENOENT (No such file or directory)
4812  openat(AT_FDCWD, "/usr/share/locale/en.utf8/LC_MESSAGES/libc.mo", O_RDONLY) = -1 ENOENT (No such file or directory)
4812  openat(AT_FDCWD, "/usr/share/locale/en/LC_MESSAGES/libc.mo", O_RDONLY) = -1 ENOENT (No such file or directory)
4812  write(2, ": Operation not permitted", 25) = 25
4812  write(2, "\n", 1)                 = 1
4812  exit_group(1)                     = ?
