21464 execve("/usr/bin/kill", ["kill", "-64", "1"], 0x7ffc248458a0 /* 22 vars */) = 0
21464 brk(NULL)                         = 0x559b75588000
21464 mmap(NULL, 8192, PROT_READ|PROT_WRITE, MAP_PRIVATE|MAP_ANONYMOUS, -1, 0) = 0x7f171c134000
21464 access("/etc/ld.so.preload", R_OK) = -1 ENOENT (No such file or directory)
21464 openat(AT_FDCWD, "/etc/ld.so.cache", O_RDONLY|O_CLOEXEC) = 3
21464 fstat(3, {st_mode=S_IFREG|0644, st_size=103703, ...}) = 0
21464 mmap(NULL, 103703, PROT_READ, MAP_PRIVATE, 3, 0) = 0x7f171c11a000
21464 close(3)                          = 0
21464 openat(AT_FDCWD, "/usr/lib/x86_64-linux-gnu/libc.so.6", O_RDONLY|O_CLOEXEC) = 3
21464 read(3, "\177ELF\2\1\1\3\0\0\0\0\0\0\0\0\3\0>\0\1\0\0\0000\241\2\0\0\0\0\0"..., 832) = 832
21464 pread64(3, "\6\0\0\0\4\0\0\0@\0\0\0\0\0\0\0@\0\0\0\0\0\0\0@\0\0\0\0\0\0\0"..., 840, 64) = 840
21464 fstat(3, {st_mode=S_IFREG|0755, st_size=2014472, ...}) = 0
21464 pread64(3, "\6\0\0\0\4\0\0\0@\0\0\0\0\0\0\0@\0\0\0\0\0\0\0@\0\0\0\0\0\0\0"..., 840, 64) = 840
21464 mmap(NULL, 2055760, PROT_READ, MAP_PRIVATE|MAP_DENYWRITE, 3, 0) = 0x7f171bf24000
21464 mmap(0x7f171bf4c000, 1474560, PROT_READ|PROT_EXEC, MAP_PRIVATE|MAP_FIXED|MAP_DENYWRITE, 3, 0x28000) = 0x7f171bf4c000
21464 mmap(0x7f171c0b4000, 339968, PROT_READ, MAP_PRIVATE|MAP_FIXED|MAP_DENYWRITE, 3, 0x190000) = 0x7f171c0b4000
21464 mmap(0x7f171c107000, 24576, PROT_READ|PROT_WRITE, MAP_PRIVATE|MAP_FIXED|MAP_DENYWRITE, 3, 0x1e3000) = 0x7f171c107000
21464 mmap(0x7f171c10d000, 52816, PROT_READ|PROT_WRITE, MAP_PRIVATE|MAP_FIXED|MAP_ANONYMOUS, -1, 0) = 0x7f171c10d000
21464 close(3)                          = 0
21464 mmap(NULL, 12288, PROT_READ|PROT_WRITE, MAP_PRIVATE|MAP_ANONYMOUS, -1, 0) = 0x7f171bf21000
21464 arch_prctl(ARCH_SET_FS, 0x7f171bf21740) = 0
21464 set_tid_address(0x7f171bf21a10)   = 21464
21464 set_robust_list(0x7f171bf21a20, 24) = 0
21464 rseq(0x7f171bf21680, 0x20, 0, 0x53053053) = 0
21464 mprotect(0x7f171c107000, 16384, PROT_READ) = 0
21464 mprotect(0x559b6170d000, 4096, PROT_READ) = 0
21464 mprotect(0x7f171c172000, 8192, PROT_READ) = 0
21464 prlimit64(0, RLIMIT_STACK, NULL, {rlim_cur=8192*1024, rlim_max=RLIM64_INFINITY}) = 0
21464 getrandom("\xa6\xe6\xfa\x9f\x03\x8d\x59\x13", 8, GRND_NONBLOCK) = 8
21464 munmap(0x7f171c11a000, 103703)    = 0
21464 brk(NULL)                         = 0x559b75588000
21464 brk(0x559b755a9000)               = 0x559b755a9000
21464 openat(AT_FDCWD, "/usr/lib/locale/locale-archive", O_RDONLY|O_CLOEXEC) = 3
21464 fstat(3, {st_mode=S_IFREG|0644, st_size=3063024, ...}) = 0
21464 mmap(NULL, 3063024, PROT_READ, MAP_PRIVATE, 3, 0) = 0x7f171bc00000
21464 close(3)                          = 0
21464 openat(AT_FDCWD, "/usr/share/locale/locale.alias", O_RDONLY|O_CLOEXEC) = -1 ENOENT (No such file or directory)
21464 openat(AT_FDCWD, "/usr/share/locale/en_US.UTF-8/LC_MESSAGES/procps-ng.mo", O_RDONLY) = -1 ENOENT (No such file or directory)
21464 openat(AT_FDCWD, "/usr/share/locale/en_US.utf8/LC_MESSAGES/procps-ng.mo", O_RDONLY) = -1 ENOENT (No such file or directory)
21464 openat(AT_FDCWD, "/usr/share/locale/en_US/LC_MESSAGES/procps-ng.mo", O_RDONLY) = -1 ENOENT (No such file or directory)
21464 openat(AT_FDCWD, "/usr/share/locale/en.UTF-8/LC_MESSAGES/procps-ng.mo", O_RDONLY) = -1 ENOENT (No such file or directory)
21464 openat(AT_FDCWD, "/usr/share/locale/en.utf8/LC_MESSAGES/procps-ng.mo", O_RDONLY) = -1 ENOENT (No such file or directory)
21464 openat(AT_FDCWD, "/usr/share/locale/en/LC_MESSAGES/procps-ng.mo", O_RDONLY) = -1 ENOENT (No such file or directory)
21464 kill(1, SIGRT_32)                 = 0
21464 exit_group(0)                     = ?
