23014 execve("/usr/bin/ls", ["ls", "-la"], 0x7ffec1a12798 /* 22 vars */) = 0
23014 brk(NULL)                         = 0x55cfefb82000
23014 mmap(NULL, 8192, PROT_READ|PROT_WRITE, MAP_PRIVATE|MAP_ANONYMOUS, -1, 0) = 0x7f9fb711d000
23014 access("/etc/ld.so.preload", R_OK) = -1 ENOENT (No such file or directory)
23014 openat(AT_FDCWD, "/etc/ld.so.cache", O_RDONLY|O_CLOEXEC) = 3
23014 fstat(3, {st_mode=S_IFREG|0644, st_size=103703, ...}) = 0
23014 mmap(NULL, 103703, PROT_READ, MAP_PRIVATE, 3, 0) = 0x7f9fb7103000
23014 close(3)                          = 0
23014 openat(AT_FDCWD, "/usr/lib/x86_64-linux-gnu/libselinux.so.1", O_RDONLY|O_CLOEXEC) = 3
23014 read(3, "\177ELF\2\1\1\0\0\0\0\0\0\0\0\0\3\0>\0\1\0\0\0\0\0\0\0\0\0\0\0"..., 832) = 832
23014 fstat(3, {st_mode=S_IFREG|0644, st_size=194792, ...}) = 0
23014 mmap(NULL, 202224, PROT_READ, MAP_PRIVATE|MAP_DENYWRITE, 3, 0) = 0x7f9fb70d1000
23014 mmap(0x7f9fb70d7000, 131072, PROT_READ|PROT_EXEC, MAP_PRIVATE|MAP_FIXED|MAP_DENYWRITE, 3, 0x6000) = 0x7f9fb70d7000
23014 mmap(0x7f9fb70f7000, 32768, PROT_READ, MAP_PRIVATE|MAP_FIXED|MAP_DENYWRITE, 3, 0x26000) = 0x7f9fb70f7000
23014 mmap(0x7f9fb70ff000, 8192, PROT_READ|PROT_WRITE, MAP_PRIVATE|MAP_FIXED|MAP_DENYWRITE, 3, 0x2e000) = 0x7f9fb70ff000
23014 mmap(0x7f9fb7101000, 5616, PROT_READ|PROT_WRITE, MAP_PRIVATE|MAP_FIXED|MAP_ANONYMOUS, -1, 0) = 0x7f9fb7101000
23014 close(3)                          = 0
23014 openat(AT_FDCWD, "/usr/lib/x86_64-linux-gnu/libc.so.6", O_RDONLY|O_CLOEXEC) = 3
23014 read(3, "\177ELF\2\1\1\3\0\0\0\0\0\0\0\0\3\0>\0\1\0\0\0000\241\2\0\0\0\0\0"..., 832) = 832
23014 pread64(3, "\6\0\0\0\4\0\0\0@\0\0\0\0\0\0\0@\0\0\0\0\0\0\0@\0\0\0\0\0\0\0"..., 840, 64) = 840
23014 fstat(3, {st_mode=S_IFREG|0755, st_size=2014472, ...}) = 0
23014 pread64(3, "\6\0\0\0\4\0\0\0@\0\0\0\0\0\0\0@\0\0\0\0\0\0\0@\0\0\0\0\0\0\0"..., 840, 64) = 840
23014 mmap(NULL, 2055760, PROT_READ, MAP_PRIVATE|MAP_DENYWRITE, 3, 0) = 0x7f9fb6edb000
23014 mmap(0x7f9fb6f03000, 1474560, PROT_READ|PROT_EXEC, MAP_PRIVATE|MAP_FIXED|MAP_DENYWRITE, 3, 0x28000) = 0x7f9fb6f03000
23014 mmap(0x7f9fb706b000, 339968, PROT_READ, MAP_PRIVATE|MAP_FIXED|MAP_DENYWRITE, 3, 0x190000) = 0x7f9fb706b000
23014 mmap(0x7f9fb70be000, 24576, PROT_READ|PROT_WRITE, MAP_PRIVATE|MAP_FIXED|MAP_DENYWRITE, 3, 0x1e3000) = 0x7f9fb70be000
23014 mmap(0x7f9fb70c4000, 52816, PROT_READ|PROT_WRITE, MAP_PRIVATE|MAP_FIXED|MAP_ANONYMOUS, -1, 0) = 0x7f9fb70c4000
23014 close(3)                          = 0
23014 openat(AT_FDCWD, "/usr/lib/x86_64-linux-gnu/libpcre2-8.so.0", O_RDONLY|O_CLOEXEC) = 3
23014 read(3, "\177ELF\2\1\1\0\0\0\0\0\0\0\0\0\3\0>\0\1\0\0\0\0\0\0\0\0\0\0\0"..., 832) = 832
23014 fstat(3, {st_mode=S_IFREG|0644, st_size=711216, ...}) = 0
23014 mmap(NULL, 713544, PROT_READ, MAP_PRIVATE|MAP_DENYWRITE, 3, 0) = 0x7f9fb6e2c000
23014 mmap(0x7f9fb6e2f000, 503808, PROT_READ|PROT_EXEC, MAP_PRIVATE|MAP_FIXED|MAP_DENYWRITE, 3, 0x3000) = 0x7f9fb6e2f000
23014 mmap(0x7f9fb6eaa000, 192512, PROT_READ, MAP_PRIVATE|MAP_FIXED|MAP_DENYWRITE, 3, 0x7e000) = 0x7f9fb6eaa000
23014 mmap(0x7f9fb6ed9000, 8192, PROT_READ|PROT_WRITE, MAP_PRIVATE|MAP_FIXED|MAP_DENYWRITE, 3, 0xac000) = 0x7f9fb6ed9000
23014 close(3)                          = 0
23014 mmap(NULL, 8192, PROT_READ|PROT_WRITE, MAP_PRIVATE|MAP_ANONYMOUS, -1, 0) = 0x7f9fb6e2a000
23014 arch_prctl(ARCH_SET_FS, 0x7f9fb6e2ac80) = 0
23014 set_tid_address(0x7f9fb6e2af50)   = 23014
23014 set_robust_list(0x7f9fb6e2af60, 24) = 0
23014 rseq(0x7f9fb6e2aae0, 0x20, 0, 0x53053053) = 0
23014 mprotect(0x7f9fb70be000, 16384, PROT_READ) = 0
23014 mprotect(0x7f9fb6ed9000, 4096, PROT_READ) = 0
23014 mprotect(0x7f9fb70ff000, 4096, PROT_READ) = 0
23014 mprotect(0x55cfdffde000, 8192, PROT_READ) = 0
23014 mprotect(0x7f9fb715b000, 8192, PROT_READ) = 0
23014 prlimit64(0, RLIMIT_STACK, NULL, {rlim_cur=8192*1024, rlim_max=RLIM64_INFINITY}) = 0
23014 getrandom("\x90\x21\x48\x97\xa7\x9d\xdc\x92", 8, GRND_NONBLOCK) = 8
23014 munmap(0x7f9fb7103000, 103703)    = 0
23014 statfs("/sys/fs/selinux", 0x7ffffd2d8b90) = -1 ENOENT (No such file or directory)
23014 statfs("/selinux", 0x7ffffd2d8b90) = -1 ENOENT (No such file or directory)
23014 brk(NULL)                         = 0x55cfefb82000
23014 brk(0x55cfefba3000)               = 0x55cfefba3000
23014 openat(AT_FDCWD, "/proc/filesystems", O_RDONLY|O_CLOEXEC) = 3
23014 fstat(3, {st_mode=S_IFREG|0444, st_size=0, ...}) = 0
23014 read(3, "nodev\tsysfs\nnodev\ttmpfs\nnodev\tbd"..., 1024) = 393
23014 read(3, "", 1024)                 = 0
23014 close(3)                          = 0
23014 access("/etc/selinux/config", F_OK) = -1 ENOENT (No such file or directory)
23014 openat(AT_FDCWD, "/usr/lib/locale/locale-archive", O_RDONLY|O_CLOEXEC) = 3
23014 fstat(3, {st_mode=S_IFREG|0644, st_size=3063024, ...}) = 0
23014 mmap(NULL, 3063024, PROT_READ, MAP_PRIVATE, 3, 0) = 0x7f9fb6a00000
23014 close(3)                          = 0
23014 ioctl(1, TCGETS2, {c_iflag=ICRNL|IUTF8, c_oflag=NL0|CR0|TAB0|BS0|VT0|FF0|OPOST|ONLCR, c_cflag=B38400|CS8|CREAD, c_lflag=ISIG|ICANON|ECHO|ECHOE|ECHOK|IEXTEN|ECHOCTL|ECHOKE, ...}) = 0
23014 openat(AT_FDCWD, "/usr/share/locale/locale.alias", O_RDONLY|O_CLOEXEC) = -1 ENOENT (No such file or directory)
23014 openat(AT_FDCWD, "/usr/share/locale/en_US.UTF-8/LC_TIME/coreutils.mo", O_RDONLY) = -1 ENOENT (No such file or directory)
23014 openat(AT_FDCWD, "/usr/share/locale/en_US.utf8/LC_TIME/coreutils.mo", O_RDONLY) = -1 ENOENT (No such file or directory)
23014 openat(AT_FDCWD, "/usr/share/locale/en_US/LC_TIME/coreutils.mo", O_RDONLY) = -1 ENOENT (No such file or directory)
23014 openat(AT_FDCWD, "/usr/share/locale/en.UTF-8/LC_TIME/coreutils.mo", O_RDONLY) = -1 ENOENT (No such file or directory)
23014 openat(AT_FDCWD, "/usr/share/locale/en.utf8/LC_TIME/coreutils.mo", O_RDONLY) = -1 ENOENT (No such file or directory)
23014 openat(AT_FDCWD, "/usr/share/locale/en/LC_TIME/coreutils.mo", O_RDONLY) = -1 ENOENT (No such file or directory)
23014 openat(AT_FDCWD, ".", O_RDONLY|O_NONBLOCK|O_CLOEXEC|O_DIRECTORY) = 3
23014 fstat(3, {st_mode=S_IFDIR|0775, st_size=4096, ...}) = 0
23014 getdents64(3, 0x55cfefb89230 /* 14 entries */, 32768) = 464
23014 statx(AT_FDCWD, "README.md", AT_STATX_SYNC_AS_STAT|AT_SYMLINK_NOFOLLOW|AT_NO_AUTOMOUNT, STATX_MODE|STATX_NLINK|STATX_UID|STATX_GID|STATX_MTIME|STATX_SIZE, {stx_mask=STATX_BASIC_STATS|STATX_MNT_ID, stx_attributes=0, stx_mode=S_IFREG|0664, stx_size=7996, ...}) = 0
23014 llistxattr("README.md", "", 152)  = 0
23014 socket(AF_UNIX, SOCK_STREAM|SOCK_CLOEXEC|SOCK_NONBLOCK, 0) = 4
23014 connect(4, {sa_family=AF_UNIX, sun_path="/var/run/nscd/socket"}, 110) = -1 ENOENT (No such file or directory)
23014 close(4)                          = 0
23014 socket(AF_UNIX, SOCK_STREAM|SOCK_CLOEXEC|SOCK_NONBLOCK, 0) = 4
23014 connect(4, {sa_family=AF_UNIX, sun_path="/var/run/nscd/socket"}, 110) = -1 ENOENT (No such file or directory)
23014 close(4)                          = 0
23014 newfstatat(AT_FDCWD, "/etc/nsswitch.conf", {st_mode=S_IFREG|0644, st_size=558, ...}, 0) = 0
23014 newfstatat(AT_FDCWD, "/", {st_mode=S_IFDIR|0755, st_size=4096, ...}, 0) = 0
23014 openat(AT_FDCWD, "/etc/nsswitch.conf", O_RDONLY|O_CLOEXEC) = 4
23014 fstat(4, {st_mode=S_IFREG|0644, st_size=558, ...}) = 0
23014 read(4, "# /etc/nsswitch.conf\n#\n# Example"..., 4096) = 558
23014 read(4, "", 4096)                 = 0
23014 fstat(4, {st_mode=S_IFREG|0644, st_size=558, ...}) = 0
23014 close(4)                          = 0
23014 openat(AT_FDCWD, "/etc/passwd", O_RDONLY|O_CLOEXEC) = 4
23014 fstat(4, {st_mode=S_IFREG|0644, st_size=3325, ...}) = 0
23014 lseek(4, 0, SEEK_SET)             = 0
23014 read(4, "root:x:0:0:root:/root:/usr/bin/z"..., 4096) = 3325
23014 lseek(4, 3253, SEEK_SET)          = 3253
23014 close(4)                          = 0
23014 socket(AF_UNIX, SOCK_STREAM|SOCK_CLOEXEC|SOCK_NONBLOCK, 0) = 4
23014 connect(4, {sa_family=AF_UNIX, sun_path="/var/run/nscd/socket"}, 110) = -1 ENOENT (No such file or directory)
23014 close(4)                          = 0
23014 socket(AF_UNIX, SOCK_STREAM|SOCK_CLOEXEC|SOCK_NONBLOCK, 0) = 4
23014 connect(4, {sa_family=AF_UNIX, sun_path="/var/run/nscd/socket"}, 110) = -1 ENOENT (No such file or directory)
23014 close(4)                          = 0
23014 newfstatat(AT_FDCWD, "/etc/nsswitch.conf", {st_mode=S_IFREG|0644, st_size=558, ...}, 0) = 0
23014 openat(AT_FDCWD, "/etc/group", O_RDONLY|O_CLOEXEC) = 4
23014 fstat(4, {st_mode=S_IFREG|0644, st_size=1403, ...}) = 0
23014 lseek(4, 0, SEEK_SET)             = 0
23014 read(4, "root:x:0:\ndaemon:x:1:\nbin:x:2:\ns"..., 4096) = 1403
23014 lseek(4, 1267, SEEK_SET)          = 1267
23014 close(4)                          = 0
23014 statx(AT_FDCWD, "..", AT_STATX_SYNC_AS_STAT|AT_SYMLINK_NOFOLLOW|AT_NO_AUTOMOUNT, STATX_MODE|STATX_NLINK|STATX_UID|STATX_GID|STATX_MTIME|STATX_SIZE, {stx_mask=STATX_BASIC_STATS|STATX_MNT_ID, stx_attributes=0, stx_mode=S_IFDIR|0700, stx_size=4096, ...}) = 0
23014 llistxattr("..", "", 152)         = 0
23014 statx(AT_FDCWD, "requirements.txt", AT_STATX_SYNC_AS_STAT|AT_SYMLINK_NOFOLLOW|AT_NO_AUTOMOUNT, STATX_MODE|STATX_NLINK|STATX_UID|STATX_GID|STATX_MTIME|STATX_SIZE, {stx_mask=STATX_BASIC_STATS|STATX_MNT_ID, stx_attributes=0, stx_mode=S_IFREG|0664, stx_size=142, ...}) = 0
23014 llistxattr("requirements.txt", "", 152) = 0
23014 statx(AT_FDCWD, "syscalls.csv", AT_STATX_SYNC_AS_STAT|AT_SYMLINK_NOFOLLOW|AT_NO_AUTOMOUNT, STATX_MODE|STATX_NLINK|STATX_UID|STATX_GID|STATX_MTIME|STATX_SIZE, {stx_mask=STATX_BASIC_STATS|STATX_MNT_ID, stx_attributes=0, stx_mode=S_IFREG|0644, stx_size=638239, ...}) = 0
23014 llistxattr("syscalls.csv", "", 152) = 0
23014 newfstatat(AT_FDCWD, "/etc/nsswitch.conf", {st_mode=S_IFREG|0644, st_size=558, ...}, 0) = 0
23014 openat(AT_FDCWD, "/etc/passwd", O_RDONLY|O_CLOEXEC) = 4
23014 fstat(4, {st_mode=S_IFREG|0644, st_size=3325, ...}) = 0
23014 lseek(4, 0, SEEK_SET)             = 0
23014 read(4, "root:x:0:0:root:/root:/usr/bin/z"..., 4096) = 3325
23014 lseek(4, 35, SEEK_SET)            = 35
23014 close(4)                          = 0
23014 newfstatat(AT_FDCWD, "/etc/nsswitch.conf", {st_mode=S_IFREG|0644, st_size=558, ...}, 0) = 0
23014 openat(AT_FDCWD, "/etc/group", O_RDONLY|O_CLOEXEC) = 4
23014 fstat(4, {st_mode=S_IFREG|0644, st_size=1403, ...}) = 0
23014 lseek(4, 0, SEEK_SET)             = 0
23014 read(4, "root:x:0:\ndaemon:x:1:\nbin:x:2:\ns"..., 4096) = 1403
23014 lseek(4, 10, SEEK_SET)            = 10
23014 close(4)                          = 0
23014 statx(AT_FDCWD, "pred_kill64", AT_STATX_SYNC_AS_STAT|AT_SYMLINK_NOFOLLOW|AT_NO_AUTOMOUNT, STATX_MODE|STATX_NLINK|STATX_UID|STATX_GID|STATX_MTIME|STATX_SIZE, {stx_mask=STATX_BASIC_STATS|STATX_MNT_ID, stx_attributes=0, stx_mode=S_IFDIR|0755, stx_size=4096, ...}) = 0
23014 llistxattr("pred_kill64", "", 152) = 0
23014 statx(AT_FDCWD, ".git", AT_STATX_SYNC_AS_STAT|AT_SYMLINK_NOFOLLOW|AT_NO_AUTOMOUNT, STATX_MODE|STATX_NLINK|STATX_UID|STATX_GID|STATX_MTIME|STATX_SIZE, {stx_mask=STATX_BASIC_STATS|STATX_MNT_ID, stx_attributes=0, stx_mode=S_IFDIR|0775, stx_size=4096, ...}) = 0
23014 llistxattr(".git", "", 152)       = 0
23014 statx(AT_FDCWD, ".", AT_STATX_SYNC_AS_STAT|AT_SYMLINK_NOFOLLOW|AT_NO_AUTOMOUNT, STATX_MODE|STATX_NLINK|STATX_UID|STATX_GID|STATX_MTIME|STATX_SIZE, {stx_mask=STATX_BASIC_STATS|STATX_MNT_ID, stx_attributes=0, stx_mode=S_IFDIR|0775, stx_size=4096, ...}) = 0
23014 llistxattr(".", "", 152)          = 0
23014 statx(AT_FDCWD, "syscall_ml.py", AT_STATX_SYNC_AS_STAT|AT_SYMLINK_NOFOLLOW|AT_NO_AUTOMOUNT, STATX_MODE|STATX_NLINK|STATX_UID|STATX_GID|STATX_MTIME|STATX_SIZE, {stx_mask=STATX_BASIC_STATS|STATX_MNT_ID, stx_attributes=0, stx_mode=S_IFREG|0664, stx_size=48582, ...}) = 0
23014 llistxattr("syscall_ml.py", "", 152) = 0
23014 statx(AT_FDCWD, "pred_lsmod", AT_STATX_SYNC_AS_STAT|AT_SYMLINK_NOFOLLOW|AT_NO_AUTOMOUNT, STATX_MODE|STATX_NLINK|STATX_UID|STATX_GID|STATX_MTIME|STATX_SIZE, {stx_mask=STATX_BASIC_STATS|STATX_MNT_ID, stx_attributes=0, stx_mode=S_IFDIR|0755, stx_size=4096, ...}) = 0
23014 llistxattr("pred_lsmod", "", 152) = 0
23014 statx(AT_FDCWD, "test_kill64.csv", AT_STATX_SYNC_AS_STAT|AT_SYMLINK_NOFOLLOW|AT_NO_AUTOMOUNT, STATX_MODE|STATX_NLINK|STATX_UID|STATX_GID|STATX_MTIME|STATX_SIZE, {stx_mask=STATX_BASIC_STATS|STATX_MNT_ID, stx_attributes=0, stx_mode=S_IFREG|0644, stx_size=5464, ...}) = 0
23014 llistxattr("test_kill64.csv", "", 152) = 0
23014 statx(AT_FDCWD, "collector_output", AT_STATX_SYNC_AS_STAT|AT_SYMLINK_NOFOLLOW|AT_NO_AUTOMOUNT, STATX_MODE|STATX_NLINK|STATX_UID|STATX_GID|STATX_MTIME|STATX_SIZE, {stx_mask=STATX_BASIC_STATS|STATX_MNT_ID, stx_attributes=0, stx_mode=S_IFDIR|0775, stx_size=4096, ...}) = 0
23014 llistxattr("collector_output", "", 152) = 0
23014 statx(AT_FDCWD, "artifacts", AT_STATX_SYNC_AS_STAT|AT_SYMLINK_NOFOLLOW|AT_NO_AUTOMOUNT, STATX_MODE|STATX_NLINK|STATX_UID|STATX_GID|STATX_MTIME|STATX_SIZE, {stx_mask=STATX_BASIC_STATS|STATX_MNT_ID, stx_attributes=0, stx_mode=S_IFDIR|0775, stx_size=4096, ...}) = 0
23014 llistxattr("artifacts", "", 152)  = 0
23014 statx(AT_FDCWD, "demo_collector_output", AT_STATX_SYNC_AS_STAT|AT_SYMLINK_NOFOLLOW|AT_NO_AUTOMOUNT, STATX_MODE|STATX_NLINK|STATX_UID|STATX_GID|STATX_MTIME|STATX_SIZE, {stx_mask=STATX_BASIC_STATS|STATX_MNT_ID, stx_attributes=0, stx_mode=S_IFDIR|0755, stx_size=4096, ...}) = 0
23014 llistxattr("demo_collector_output", "", 152) = 0
23014 statx(AT_FDCWD, "venv", AT_STATX_SYNC_AS_STAT|AT_SYMLINK_NOFOLLOW|AT_NO_AUTOMOUNT, STATX_MODE|STATX_NLINK|STATX_UID|STATX_GID|STATX_MTIME|STATX_SIZE, {stx_mask=STATX_BASIC_STATS|STATX_MNT_ID, stx_attributes=0, stx_mode=S_IFDIR|0775, stx_size=4096, ...}) = 0
23014 llistxattr("venv", "", 152)       = 0
23014 getdents64(3, 0x55cfefb89230 /* 0 entries */, 32768) = 0
23014 close(3)                          = 0
23014 openat(AT_FDCWD, "/usr/share/locale/en_US.UTF-8/LC_MESSAGES/coreutils.mo", O_RDONLY) = -1 ENOENT (No such file or directory)
23014 openat(AT_FDCWD, "/usr/share/locale/en_US.utf8/LC_MESSAGES/coreutils.mo", O_RDONLY) = -1 ENOENT (No such file or directory)
23014 openat(AT_FDCWD, "/usr/share/locale/en_US/LC_MESSAGES/coreutils.mo", O_RDONLY) = -1 ENOENT (No such file or directory)
23014 openat(AT_FDCWD, "/usr/share/locale/en.UTF-8/LC_MESSAGES/coreutils.mo", O_RDONLY) = -1 ENOENT (No such file or directory)
23014 openat(AT_FDCWD, "/usr/share/locale/en.utf8/LC_MESSAGES/coreutils.mo", O_RDONLY) = -1 ENOENT (No such file or directory)
23014 openat(AT_FDCWD, "/usr/share/locale/en/LC_MESSAGES/coreutils.mo", O_RDONLY) = -1 ENOENT (No such file or directory)
23014 fstat(1, {st_mode=S_IFCHR|0600, st_rdev=makedev(0x88, 0x1), ...}) = 0
23014 write(1, "total 728\n", 10)       = 10
23014 openat(AT_FDCWD, "/etc/localtime", O_RDONLY|O_CLOEXEC) = 3
23014 fstat(3, {st_mode=S_IFREG|0644, st_size=3552, ...}) = 0
23014 fstat(3, {st_mode=S_IFREG|0644, st_size=3552, ...}) = 0
23014 read(3, "TZif2\0\0\0\0\0\0\0\0\0\0\0\0\0\0\0\0\0\0\6\0\0\0\6\0\0\0\0"..., 4096) = 3552
23014 lseek(3, -2260, SEEK_CUR)         = 1292
23014 read(3, "TZif2\0\0\0\0\0\0\0\0\0\0\0\0\0\0\0\0\0\0\6\0\0\0\6\0\0\0\0"..., 4096) = 2260
23014 lseek(3, 3551, SEEK_SET)          = 3551
23014 close(3)                          = 0
23014 write(1, "drwxrwxr-x  9 kali kali   4096 A"..., 46) = 46
23014 write(1, "drwx------ 51 kali kali   4096 A"..., 47) = 47
23014 write(1, "drwxrwxr-x  2 kali kali   4096 A"..., 54) = 54
23014 write(1, "drwxrwxr-x  2 kali kali   4096 A"..., 61) = 61
23014 write(1, "drwxr-xr-x  2 root root   4096 A"..., 66) = 66
23014 write(1, "drwxrwxr-x  7 kali kali   4096 A"..., 49) = 49
23014 write(1, "drwxr-xr-x  2 root root   4096 A"..., 56) = 56
23014 write(1, "drwxr-xr-x  2 root root   4096 A"..., 55) = 55
23014 write(1, "-rw-rw-r--  1 kali kali   7996 A"..., 54) = 54
23014 write(1, "-rw-rw-r--  1 kali kali    142 A"..., 61) = 61
23014 write(1, "-rw-rw-r--  1 kali kali  48582 A"..., 58) = 58
23014 write(1, "-rw-r--r--  1 root root 638239 A"..., 57) = 57
23014 write(1, "-rw-r--r--  1 root root   5464 A"..., 60) = 60
23014 write(1, "drwxrwxr-x  6 kali kali   4096 A"..., 49) = 49
23014 close(1)                          = 0
23014 close(2)                          = 0
23014 exit_group(0)                     = ?
