23026 execve("/usr/bin/whoami", ["whoami"], 0x7fff4861f430 /* 22 vars */) = 0
23026 brk(NULL)                         = 0x562beddb4000
23026 mmap(NULL, 8192, PROT_READ|PROT_WRITE, MAP_PRIVATE|MAP_ANONYMOUS, -1, 0) = 0x7f37a5a11000
23026 access("/etc/ld.so.preload", R_OK) = -1 ENOENT (No such file or directory)
23026 openat(AT_FDCWD, "/etc/ld.so.cache", O_RDONLY|O_CLOEXEC) = 3
23026 fstat(3, {st_mode=S_IFREG|0644, st_size=103703, ...}) = 0
23026 mmap(NULL, 103703, PROT_READ, MAP_PRIVATE, 3, 0) = 0x7f37a59f7000
23026 close(3)                          = 0
23026 openat(AT_FDCWD, "/usr/lib/x86_64-linux-gnu/libc.so.6", O_RDONLY|O_CLOEXEC) = 3
23026 read(3, "\177ELF\2\1\1\3\0\0\0\0\0\0\0\0\3\0>\0\1\0\0\0000\241\2\0\0\0\0\0"..., 832) = 832
23026 pread64(3, "\6\0\0\0\4\0\0\0@\0\0\0\0\0\0\0@\0\0\0\0\0\0\0@\0\0\0\0\0\0\0"..., 840, 64) = 840
23026 fstat(3, {st_mode=S_IFREG|0755, st_size=2014472, ...}) = 0
23026 pread64(3, "\6\0\0\0\4\0\0\0@\0\0\0\0\0\0\0@\0\0\0\0\0\0\0@\0\0\0\0\0\0\0"..., 840, 64) = 840
23026 mmap(NULL, 2055760, PROT_READ, MAP_PRIVATE|MAP_DENYWRITE, 3, 0) = 0x7f37a5801000
23026 mmap(0x7f37a5829000, 1474560, PROT_READ|PROT_EXEC, MAP_PRIVATE|MAP_FIXED|MAP_DENYWRITE, 3, 0x28000) = 0x7f37a5829000
23026 mmap(0x7f37a5991000, 339968, PROT_READ, MAP_PRIVATE|MAP_FIXED|MAP_DENYWRITE, 3, 0x190000) = 0x7f37a5991000
23026 mmap(0x7f37a59e4000, 24576, PROT_READ|PROT_WRITE, MAP_PRIVATE|MAP_FIXED|MAP_DENYWRITE, 3, 0x1e3000) = 0x7f37a59e4000
23026 mmap(0x7f37a59ea000, 52816, PROT_READ|PROT_WRITE, MAP_PRIVATE|MAP_FIXED|MAP_ANONYMOUS, -1, 0) = 0x7f37a59ea000
23026 close(3)                          = 0
23026 mmap(NULL, 12288, PROT_READ|PROT_WRITE, MAP_PRIVATE|MAP_ANONYMOUS, -1, 0) = 0x7f37a57fe000
23026 arch_prctl(ARCH_SET_FS, 0x7f37a57fe740) = 0
23026 set_tid_address(0x7f37a57fea10)   = 23026
23026 set_robust_list(0x7f37a57fea20, 24) = 0
23026 rseq(0x7f37a57fe680, 0x20, 0, 0x53053053) = 0
23026 mprotect(0x7f37a59e4000, 16384, PROT_READ) = 0
23026 mprotect(0x562bdfc21000, 4096, PROT_READ) = 0
23026 mprotect(0x7f37a5a4f000, 8192, PROT_READ) = 0
23026 prlimit64(0, RLIMIT_STACK, NULL, {rlim_cur=8192*1024, rlim_max=RLIM64_INFINITY}) = 0
23026 getrandom("\x52\x98\x75\x1c\xe4\xb7\x0e\x44", 8, GRND_NONBLOCK) = 8
23026 munmap(0x7f37a59f7000, 103703)    = 0
23026 brk(NULL)                         = 0x562beddb4000
23026 brk(0x562beddd5000)               = 0x562beddd5000
23026 openat(AT_FDCWD, "/usr/lib/locale/locale-archive", O_RDONLY|O_CLOEXEC) = 3
23026 fstat(3, {st_mode=S_IFREG|0644, st_size=3063024, ...}) = 0
23026 mmap(NULL, 3063024, PROT_READ, MAP_PRIVATE, 3, 0) = 0x7f37a5400000
23026 close(3)                          = 0
23026 openat(AT_FDCWD, "/usr/share/locale/locale.alias", O_RDONLY|O_CLOEXEC) = -1 ENOENT (No such file or directory)
23026 openat(AT_FDCWD, "/usr/share/locale/en_US.UTF-8/LC_MESSAGES/coreutils.mo", O_RDONLY) = -1 ENOENT (No such file or directory)
23026 openat(AT_FDCWD, "/usr/share/locale/en_US.utf8/LC_MESSAGES/coreutils.mo", O_RDONLY) = -1 ENOENT (No such file or directory)
23026 openat(AT_FDCWD, "/usr/share/locale/en_US/LC_MESSAGES/coreutils.mo", O_RDONLY) = -1 ENOENT (No such file or directory)
23026 openat(AT_FDCWD, "/usr/share/locale/en.UTF-8/LC_MESSAGES/coreutils.mo", O_RDONLY) = -1 ENOENT (No such file or directory)
23026 openat(AT_FDCWD, "/usr/share/locale/en.utf8/LC_MESSAGES/coreutils.mo", O_RDONLY) = -1 ENOENT (No such file or directory)
23026 openat(AT_FDCWD, "/usr/share/locale/en/LC_MESSAGES/coreutils.mo", O_RDONLY) = -1 ENOENT (No such file or directory)
23026 openat(AT_FDCWD, "/usr/lib/x86_64-linux-gnu/gconv/gconv-modules.cache", O_RDONLY|O_CLOEXEC) = 3
23026 fstat(3, {st_mode=S_IFREG|0644, st_size=27028, ...}) = 0
23026 mmap(NULL, 27028, PROT_READ, MAP_SHARED, 3, 0) = 0x7f37a5a0a000
23026 close(3)                          = 0
23026 futex(0x7f37a59e972c, FUTEX_WAKE_PRIVATE, 2147483647) = 0
23026 geteuid()                         = 0
23026 socket(AF_UNIX, SOCK_STREAM|SOCK_CLOEXEC|SOCK_NONBLOCK, 0) = 3
23026 connect(3, {sa_family=AF_UNIX, sun_path="/var/run/nscd/socket"}, 110) = -1 ENOENT (No such file or directory)
23026 close(3)                          = 0
23026 socket(AF_UNIX, SOCK_STREAM|SOCK_CLOEXEC|SOCK_NONBLOCK, 0) = 3
23026 connect(3, {sa_family=AF_UNIX, sun_path="/var/run/nscd/socket"}, 110) = -1 ENOENT (No such file or directory)
23026 close(3)                          = 0
23026 newfstatat(AT_FDCWD, "/etc/nsswitch.conf", {st_mode=S_IFREG|0644, st_size=558, ...}, 0) = 0
23026 newfstatat(AT_FDCWD, "/", {st_mode=S_IFDIR|0755, st_size=4096, ...}, 0) = 0
23026 openat(AT_FDCWD, "/etc/nsswitch.conf", O_RDONLY|O_CLOEXEC) = 3
23026 fstat(3, {st_mode=S_IFREG|0644, st_size=558, ...}) = 0
23026 read(3, "# /etc/nsswitch.conf\n#\n# Example"..., 4096) = 558
23026 read(3, "", 4096)                 = 0
23026 fstat(3, {st_mode=S_IFREG|0644, st_size=558, ...}) = 0
23026 close(3)                          = 0
23026 openat(AT_FDCWD, "/etc/passwd", O_RDONLY|O_CLOEXEC) = 3
23026 fstat(3, {st_mode=S_IFREG|0644, st_size=3325, ...}) = 0
23026 lseek(3, 0, SEEK_SET)             = 0
23026 read(3, "root:x:0:0:root:/root:/usr/bin/z"..., 4096) = 3325
23026 lseek(3, 35, SEEK_SET)            = 35
23026 close(3)                          = 0
23026 fstat(1, {st_mode=S_IFCHR|0600, st_rdev=makedev(0x88, 0x1), ...}) = 0
23026 write(1, "root\n", 5)             = 5
23026 close(1)                          = 0
23026 close(2)                          = 0
23026 exit_group(0)                     = ?
